野球
国立
事業
開発
市内
高級
研究
病院
学習
運転
大会
学会
高校
今後
中央
平和
工業
市立
写真
発足
代表
行方
反対
発見
時間
勝負
出場
都市
問題
進出
流行
発起
学校
同様
会社
部屋
県内
高等
勝手
前日
平等
決定
出血
教育
文化
同日
科学
出発
会合
委員
消火
市場
元気
早速
早急
公式
分化
生活
国家
自由
組合
計算
取引
交流
反面
半年
転落
毎年
工事
下車
家族
大事
放送
動物
作業
大切
外国
流出
前年
音楽
公正
下手
安全
番号
同期
入場
本部
大手
会談
時代
通用
来春
対立
人事
区分
小売
上手
中心
計画
女子
強化
会員
通商
会計
向上
多数
開会
声明
出向
当時
帰館
文書
考究
会見
強力
発表
思考
指向
所有
県立
決算
対話
来日
合作
使用
整形
対校
緑化
助言
文学
画定
行使
配流
合同
面白
今回
市長
入会
出店
中立
電話
出馬
人気
活動
帰港
朝食
交感
明日
記名
上下
見聞
開院
帰国
起工
全国
注進
来年
進行
今年
定着
帰化
教会
反発
先取
帰社
正直
工場
公平
送球
他界
開放
中止
通算
相談
所期
高談
注意
調整
悪化
直後
今日
調子
記者
登山
開場
先発
消化
計上
台頭
有力
対局
終業
配分
味気
転身
転進
意見
合意
等分
見当
出所
面目
発生
放校
味方
平行
正答
投球
高調
対当
投書
集会
仕方
大勝
発言
見物
集中
先行
帰農
左右
発売
心配
放心
放神
入定
通学
頭書
出生
男女
年中
病気
歩行
帰来
本意
子守
同車
代行
先日
想見
登院
指定
中小
飲酒
行列
地区
表明
北上
談合
合点
少考
消光
後送
指名
回答
近代
負荷
同市
運用
開館
感光
力強
登板
根強
国会
対面
読書
大学
流通
動転
調理
開港
客死
整体
入学
進入
同意
見分
校正
心強
算出
出港
注目
兄事
明答
起動
生物
内定
下野
心細
公表
待命
転乗
同感
気化
上場
長生
回生
転記
同調
根深
化石
強行
回転
手写
着工
小高
生動
多食
転化
売買
下山
切開
先後
早世
昼間
点火
決着
都内
分筆
起用
炭化
発電
公売
教化
行動
注文
黄葉
開校
出火
新調
点頭
下放
用心
下宿
土着
開始
真黒
細長
手配
真白
通知
発行
間遠
間近
生息
対決
面会
遠白
回遠
気安
気強
気近
気高
後暗
耳遠
手強
手広
手重
手早
手速
心弱
生温
生白
青黒
青白
赤黒
草深
名高
毛深
木深
野太
面黒
目早
事新
耳新
目新
急死
想起
着手
通話
心安
感動
生新
対談
大人
配線
由来
下落
配車
午後
放鳥
重苦
工作
出品
着服
期待
所持
大書
予定
回帰
起業
公転
心中
大同
商売
食事
休電
作歌
自記
実見
着目
入手
手軽
転地
発注
命名
気軽
休館
自乗
投合
茶色
進上
追究
登場
南下
入館
明記
電送
動作
入金
配当
発着
流用
期間
出荷
対顔
入院
発声
自首
想定
飲食
文通
野生
旅行
安定
合計
全勝
調和
電化
電荷
暗算
外出
強調
前進
転用
発病
放歌
放火
図太
横行
外食
自書
出土
同定
買物
筆写
分界
分配
会商
開店
楽勝
休止
交代
自重
登記
答申
内用
配列
記帳
作曲
入線
花見
帰朝
出力
着用
直下
配水
配転
小暗
木暗
助命
多作
多発
同行
入所
発動
北面
下見
化合
書写
西下
直行
表記
荷電
開花
公言
工面
広言
高言
算入
親近
先勝
直面
登校
入力
風化
勉強
洋行
活発
詩作
実用
集線
進歩
南進
入門
配向
配本
発想
美化
返上
用意
陽気
乗入
黄色
会食
開通
自立
親和
代休
定住
投入
同乗
入園
入村
筆答
野合
来集
引受
下命
休業
自足
集金
整理
西遊
先着
直感
通夜
投薬
肉食
配合
発音
予知
家出
開化
曲言
合算
合図
作文
算定
仕事
手品
集計
宿題
商談
植字
船出
打算
直上
直流
東上
入植
発車
物色
放言
面談
悪用
運行
開局
学問
記入
休息
急落
究明
空想
軽食
言明
校合
合宿
死去
耳語
自白
実写
集合
助長
植林
進化
全開
草食
大病
着岸
注水
注力
転回
転学
転業
転出
投身
投石
東進
内助
内申
入北
配色
配電
売春
分列
返金
明言
来店
落葉
立食
流会
練習
遠出
海食
開平
開門
開立
感電
間食
帰休
帰京
帰着
休学
休部
急進
具申
空転
決意
決心
交合
交通
口外
行持
行商
写生
重用
出国
出船
出題
助走
乗車
深化
神化
進水
生育
赤面
先決
着想
注入
調教
調合
調味
直交
通院
入局
発走
発送
反命
筆記
筆談
服用
返品
野宿
来館
来朝
林立
下書
安住
安着
暗記
暗合
暗転
育毛
引火
引決
引見
引算
引当
引用
飲用
運開
運休
運算
雲集
遠泳
横死
横転
音読
下向
下校
下乗
下船
下問
化育
火食
火定
回向
回心
回申
回遊
回礼
開園
開帳
開板
外切
外注
外遊
活写
活着
感化
感知
感服
間作
帰一
帰服
起筆
起立
休会
休心
休神
急送
急追
急転
去来
強直
教練
近着
近道
金打
苦学
具有
決起
決行
血書
犬死
元服
言上
交遊
公有
口受
合本
合流
細分
作図
作動
作表
使役
始業
始動
指図
止血
止宿
死守
自学
自活
自決
自負
自問
実習
写植
弱化
手記
受業
受光
受注
受電
受配
受用
終息
習合
習練
集荷
集配
重合
重出
宿直
出庫
出社
出炭
出頭
出動
出立
書見
助力
消音
消去
上書
上申
上船
上木
乗算
乗船
乗馬
植毛
食言
心服
真読
進言
進発
水泳
水書
水食
整合
整流
整列
赤化
切死
前記
前売
全休
全通
早死
早出
早着
送金
送出
送水
送配
送風
送話
足算
速記
速決
速写
速答
族生
他言
他出
多言
多読
打電
対語
代決
代言
代読
代入
代筆
大食
大息
着火
着荷
着金
着水
着船
着地
着電
着筆
注油
朝礼
調薬
調練
長考
直書
直進
直送
直談
直通
直答
直読
直売
直立
直話
追考
追想
追放
通園
通読
通分
店番
転写
転住
転宿
転送
転読
転売
投写
投宿
投出
当直
答電
答礼
同室
同宿
同着
同道
同流
道楽
読図
内向
内切
内談
内通
内命
南面
入荷
入京
入庫
入室
入朝
入電
入湯
入道
入内
入部
馬食
配員
白黒
発育
発火
発色
発心
発進
発赤
発明
発問
反転
反目
反問
反落
板書
美食
筆算
表出
表白
風食
風発
風聞
分家
分光
分合
分宿
分乗
分水
分地
分売
分有
分立
分流
聞知
平分
返送
返答
返本
返礼
勉学
放下
放出
放水
放流
味見
味読
鳴動
目算
目送
目礼
門出
門番
遊泳
遊学
遊行
予感
予見
予言
予習
用談
陽転
来院
来会
来校
来所
来場
来談
来着
来遊
落下
落球
落後
落手
落石
落第
落着
落馬
落筆
落命
立言
立売
流転
流入
力泳
力走
列記
列立
和楽
和合
下取
荷受
気晴
気落
局止
山登
仕送
手分
深入
面語
入山
温服
発船
発根
表書
天引
長持
打水
分服
下知
帰投
合一
細工
作詩
受理
送波
着意
着色
転向
買春
落書
立見
山分
苦行
細書
算用
指南
走行
大言
注記
転調
発出
立身
流下
両分
両用
仕分
表決
意図
苦手
空発
水死
出家
着生
服薬
平日
本有
帰山
起算
手交
親祭
定植
平定
見合
化生
火中
実感
社会
受命
終止
相乗
投下
安心
公定
中和
開国
通計
回想
係船
代作
転校
入国
放談
意味
回送
見学
進学
直言
入港
入行
発光
発向
安神
行水
入校
主流
消長
植皮
服役
自習
発意
部分
自生
東道
開所
交配
使送
実行
転生
転入
終決
調進
半分
返事
研学
切言
定立
等化
問答
下馬
仕度
小計
登用
放電
理会
休校
内服
来社
会読
回読
分業
行幸
生長
代書
予期
羽化
強大
南中
急行
後見
教習
同年
生食
後進
高進
出水
直前
公開
作画
終日
通交
送受
安息
会館
出世
分村
上気
内分
出金
同船
配送
苦心
皮肉
出入
追記
用船
出走
命中
送電
後半
打開
銀行
行来
進級
少女
発会
同化
対等
合力
予想
会同
感心
教室
整地
起草
正当
立話
開業
両立
入水
町立
人口
強打
病死
気楽
親切
急速
回国
感受
区間
手当
遊歩
通電
前後
上等
運動
細心
上京
活用
業者
会話
人数
整美
他行
手書
対生
海岸
高遠
生起
正式
談話
休場
力行
区画
当番
人体
多分
来島
悪口
作家
幸福
丁重
声高
他人
深長
人間
多用
代理
真当
直筆
出仕
人形
時計
多幸
強気
内野
分明
文字
深切
上品
前夜
上乗
有用
地味
中元
度外
首相
小体
短気
下等
軽少
長命
正気
着実
合体
美味
国内
見事
高度
心外
身近
病弱
明白
有意
火急
気弱
古風
高名
小心
真直
水平
正業
切実
全体
多才
多大
短小
地道
内気
平明
安楽
安気
安直
暗弱
遠大
横着
横長
横様
温和
下品
花車
荷重
気重
気早
気短
気長
強引
軽度
見高
言語
口重
口早
口速
高直
黒山
自明
弱小
弱体
手近
手短
重体
重度
勝気
小食
小味
少食
色白
新式
深遠
真暗
真丸
真青
真赤
神速
親身
身軽
先安
先高
足早
足速
速急
多事
多病
多様
大形
大童
大味
大様
大力
短目
中空
直角
鉄火
肉細
肉太
入用
半間
皮相
風流
分外
文弱
平板
本式
明細
目深
目茶
乗気
助平
口軽
身重
多感
茶目
有体
流石