異色
全一
得用
徳用
内福
険難
厚顔
積極
口約
誠実
流動
小形
均一
実直
善美
富貴
無根
厳重
大国
好色
横風
年少
安手
当面
不敵
大層
大風
知名
信用
当日
異様
政権
善良
中正
書記
深夜
中学
国境
指教
試供
示教
正大
英明
補作
過少
参加
小量
相反
低率
無限
当然
等価
不精
無精
公選
戦争
当用
有名
家庭
買得
不和
見聞
行進
不平
広量
高率
至極
心的
生直
非業
健勝
動員
簡潔
幸運
垂直
不孝
記録
公然
極悪
大成
身体
方正
内的
変則
初出
極秘
不潔
小型
美的
勤勉
優等
最下
年長
不変
良質
極少
天然
通行
高貴
番組
品目
空間
共起
運送
代用
動的
不整
金納
先生
勇健
出来
神聖
同格
不適
種目
労組
骨太
主要
産業
不同
製鋼
不意
方法
潔白
真正
国土
街路
有数
幼少
毎日
有毒
位置
改新
所得
株主
別個
格安
今週
自作
達者
広大
緑化
高大
助言
痛快
歯科
用地
計数
余計
刻下
無念
責任
均等
至難
長居
無数
極論
定数
温厚
義務
太平
防衛
下期
原則
足弱
耳鼻
外科
地方
簡易
毒死
略式
忠告
洋風
少量
夕方
長大
所管
翌日
午前
座視
最良
安心
正午
左様
弱気
然様
希少
不全
平方
未練
日曜
海外
好適
土曜
入社
重大
弟子
外的
現存
公園
大破
読経
鉄道
正規
政党
平気
入念
休日
総会
学生
紙上
通産
左側
下手
特有
目下
留学
半日
現行
同月
同夜
当代
戦後
中部
言葉
外相
路線
自愛
開眼
新年
部門
将来
固有
年末
社員
結局
今月
割安
器用
過当
弁護
法案
本社
重複
本気
山積
苦痛
人工
馬鹿
住所
不良
完成
過失
高速
昨日
先週
空路
早朝
医科
初冬
平年
校長
合法
部落
金利
先月
予選
作品
食前
初日
相対
分科
多分
未明
北方
過度
本人
以往
少時
太古
区分
学長
新人
方針
本来
本日
木造
植物
上位
今度
長年
後日
次回
客冬
午后
以下
飛行
場合
近日
優良
財界
競馬
生前
知的
鉱業
再度
愛国
打点
入来
事実
平安
満足
知識
独立
田舎
基本
年中
従来
無職
不備
絶好
対外
意外
数字
連日
適法
終年
化学
今秋
復路
資金
以降
当分
来月
町村
今季
連名
政策
種別
信任
来週
両日
火曜
今夏
学的
高位
今春
府内
時季
春先
大口
毎朝
友愛
時刻
反面
各党
政府
年来
真際
当今
生徒
先夜
朝方
同社
任意
晩年
毎週
英語
事件
投手
過多
今夕
幼時
近年
来秋
今時
最大
毎回
共通
誠意
冬期
当季
道中
毎月
後来
死者
高裁
昨今
少年
半額
毎夜
夜長
夜半
翌月
来夏
今冬
今晩
常時
大昔
朝暮
西部
全部
総研
毎秋
旧時
昨春
先年
毎晩
昨冬
倍量
方面
明方
夕暮
過激
過日
寒中
客月
旧年
去月
去春
去年
居常
挙句
近時
近来
月央
元三
元朝
後月
今次
昨月
昨朝
昨夕
時余
終夜
術後
初度
諸共
真昼
寸分
生来
昔時
先刻
早秋
他日
大略
中葉
昼中
朝晩
長日
当月
当節
当年
独力
白昼
半時
半道
半夜
晩春
晩節
晩冬
晩方
平生
暮方
方今
毎期
毎号
毎次
毎食
毎度
毎夕
末葉
満都
満目
明年
明晩
目今
門並
夜前
夜分
夜毎
余日
陸路
例日
決然
朝来
以後
衛生
各自
元年
後刻
国防
車中
真夏
前回
前月
他年
晩夏
夜来
古来
多年
単身
当世
沿岸
最期
昼前
本年
郵便
前期
全員
他面
観葉
誠心
満場
始終
限定
重力
初年
映画
小学
先程
大数
日毎
病後
候補
簡裁
人情
終世
終生
中期
北西
和平
本初
確定
真個
早春
劇場
帰路
両度
木曜
雨下
時分
当期
翌朝
価格
幹部
本紙
教師
新作
生態
内心
上部
教職
先度
夜間
機器
旧冬
刻字
中間
最小
内外
水曜
昨晩
山脈
過去
物語
昨秋
物産
昨週
内実
地質
場所
父親
年金
大陸
道交
無罪
半季
史的
席上
物質
道徳
金曜
月曜
分野
産後
総額
戦線
句集
利子
以前
当夜
公明
今夜
半島
北側
連休
対象
同等
人選
体制
満面
平素
用紙
長期
熱帯
夜中
老人
局面
各員
見栄
社長
同窓
合理
作戦
最新
半月
蔵相
先晩
不動
今朝
戦略
海上
考古
主人
駅伝
役場
真冬
大蔵
客年
司法
総裁
電車
何時
旧来
上司
王立
幹事
当局
時下
戦時
結構
後年
推定
毎時
広場
列車
各人
初期
両親
大仏
年初
後世
特段
会場
県民
大方
西側
料金
眼鏡
区内
台数
工高
今期
栄養
今日
岩船
厚生
事故
構造
大型
名前
車種
不味
周辺
相場
毎秒
永年
競売
公共
最中
商工
書店
世辞
町長
晩秋
学科
首脳
戦前
秘書
会長
模様
手紙
知人
著者
実質
数等
外野
本名
平常
市街
修業
無死
好感
天性
高層
告祭
食品
病因
死後
正字
盛事
盛時
青磁
全日
民主
商社
代金
政事
忠実
任期
商品
南東
最悪
長男
年産
前週
打数
党派
地裁
証券
全面
漢才
大根
複数
最適
車内
相手
同署
基地
車線
商店
日付
土地
背中
海洋
親子
楽団
治安
東側
気質
功業
手形
半数
青年
勝者
消防
火事
新入
相好
管内
港口
皇考
先物
手前
女史
税率
私情
世代
冬季
医学
気分
製品
至上
誌上
興業
史乗
至情
詩情
前線
方向
同国
数量
論文
右派
機会
大使
鉄製
本店
学界
区立
新興
職員
世界
息子
適地
米人
集団
文理
何者
高検
定例
助詞
海軍
方式
助士
序詞
序詩
外交
感情
初心
若者
精神
頭数
税制
黒人
時点
無料
不仁
諸島
高給
情報
薬局
祭礼
科目
人物
社内
首都
新党
後期
長調
器官
機動
季刊
会頭
基幹
気管
貴簡
新聞
東方
内容
分署
原因
西南
記事
興味
姿勢
証書
公社
見方
区検
総理
部長
新書
年内
数値
戦車
党内
紀元
後宮
公休
好球
薬理
国対
手足
口径
新薬
教員
上級
起源
青銅
多角
地球
酒類
鉄鋼
笑顔
起原
新米
前半
人種
先頭
日系
表面
用品
生命
軍人
自衛
後事
公事
好字
高次
雑誌
向学
公司
私行
至孝
試航
水準
友人
紙工
私鉄
単科
利付
計器
天気
各種
地点
公衆
世紀
大海
口上
竹刀
円形
業界
主食
初代
分課
下学
家学
歌学
厚情
校内
交情
次代
建物
総代
学歴
体高
朝刊
劇団
航空
高熱
実業
男子
口内
根元
管区
宗教
売上
詩人
次官
取次
成算
青酸
大戦
美術
無人
巻頭
系統
草花
北部
花火
外務
楽界
自大
元号
主題
商船
同省
番外
英知
紀行
青天
鳥類
農家
列国
苦労
形式
同和
内部
年始
次期
将軍
都営
土木
客員
金額
口頭
市上
事大
少子
選書
作付
関節
血圧
子孫
神経
静物
最上
参事
自画
小説
多色
本線
役者
初歩
短長
和漢
小児
対向
退紅
大公
大功
法相
健保
周波
憲法
集魚
城内
織物
観客
証取
能力
目標
以上
成績
先入
電信
女声
土器
弁当
教授
灯台
初戦
大臣
地検
価額
回船
光景
定年
面積
駅前
官等
関頭
後景
人権
地帯
電源
不測
付則
好事
左派
旧制
質的
道路
返歌
新館
日誌
絵本
中前
山系
証人
新卒
当主
機種
見世
原子
動力
南側
宮司
磁気
天井
公党
地域
反対
画面
私家
新香
短歌
白色
資本
電機
日時
破局
要因
左党
秘密
学士
家計
医員
海戦
元本
光頭
口答
皇統
紅灯
役員
玉子
職業
森林
諸国
人生
大物
炭素
本書
冷水
財源
題目
同店
浴室
医院
価値
水門
世態
同町
前提
白紙
差等
熱戦
中年
番付
雨中
税調
少数
母親
界線
高砂
黒字
店頭
頭部
南都
目指
無名
残高
年刊
総体
側面
測候
大気
効力
指事
死児
同点
国歌
博物
食材
下部
気風
実家
手首
標高
下腹
画像
開口
気候
夕食
労連
気功
理論
帰航
季候
貴公
貴校
軍事
最短
主体
機工
工学
国花
国貨
使節
本格
議院
貸間
適時
内相
重文
書展
南西
理事
新車
矢先
支部
雨期
格差
規模
古今
課長
終末
板金
公館
向寒
好漢
皇漢
鋼管
作物
原語
国教
父子
旧習
作用
友好
以外
紀年
町中
子宮
生魚
腸管
精力
多選
空中
士長
実勢
空軍
自分
数寄
海員
古史
古紙
古詩
故紙
昨夏
主義
助役
都立
夜行
余人
教委
署長
垂水
大賞
忠信
忠心
得手
受苦
真上
書留
医大
角力
行蔵
高根
暖帯
同業
物理
古代
書道
人員
前面
地学
天皇
半期
列石
史料
費用
時事
深交
親好
打席
名産
差額
親交
欲念
立場
各社
書面
総長
白人
白書
立法
易化
医家
小生
身障
打線
内科
両手
別館
船首
早期
化生
回数
規則
天文
助手
本国
右手
歌手
思潮
支庁
氏名
紙帳
熟年
正面
背理
部隊
貴社
京成
家具
街頭
将校
同大
犯罪
資格
兵士
訳書
机下
旗下
気書
季夏
貴下
貴家
県庁
人中
台所
本音
陸軍
意志
限度
神体
遺子
遺志
遺矢
賞金
米穀
模型
市庁
打者
検事
店員
敗者
仏文
原作
仕法
私法
至宝
動向
意思
割合
経常
差益
好評
国務
商人
長姉
学者
形状
古寺
先進
地元
長子
党首
最盛
高音
大兵
単独
内閣
部品
葉書
音声
国界
試料
飼料
初回
寒心
古書
正門
本館
名人
円型
鏡台
県警
私服
平話
後段
高段
資産
府県
産院
条件
精度
用水
下町
同紙
冷戦
安打
音色
酒席
暑気
始球
夜目
余波
橋台
最深
当事
会報
回報
快報
快方
兄妹
国史
石灰
船場
背後
解法
忠臣
冬至
答辞
統辞
本質
名目
予算
仕様
西土
雨風
講座
姿容
子葉
板目
王室
左記
消極
上層
無配
課程
若手
首席
祝日
素人
比例
歌劇
区史
過程
省内
温水
下方
快技
各氏
現地
電流
豊作
医者
編著
義理
現実
市制
心理
内面
末日
家賃
漢語
谷間
著書
老後
高台
材料
女児
異論
空文
大豆
南国
海域
県境
手間
暖海
中隊
通禁
主将
男声
同名
未来
球団
重量
節目
銀鉱
事典
草体
徒士
文章
口座
士民
重点
声楽
大社
大小
必用
論説
境内
語路
上段
状態
盛名
声名
日記
武力
公安
正月
波布
府会
末期
横道
次男
産政
小物
率土
立入
新旧
回状
階上
講談
殺人
党員
上流
大損
単位
屋上
主力
省議
同校
南方
府立
教義
経木
主夫
首府
命題
活性
貴意
人民
木像
会期
後天
順位
大佐
内戦
半面
目録
故人
来客
立会
村長
隊商
件数
事情
水産
同所
王者
原鉱
言行
自国
式典
守将
都度
不信
首将
職人
旅館
歌人
古人
戸数
上空
素材
主筆
女優
生体
内線
黒土
所信
都下
木材
上限
白星
歌集
官庁
器機
制憲
政見
泉水
有罪
郷里
金鉱
敬老
原器
私学
神酒
判事
市警
地主
賃金
業種
紙型
詩型
詩形
書類
専制
都民
危機
軍団
書物
情勢
生家
天心
天真
点心
反日
金工
山容
消夏
西進
総数
評判
商家
商科
唱歌
将家
証歌
全力
中風
運賃
樹木
電装
白砂
成心
大寒
難色
門戸
各地
実力
出欠
初任
書信
水域
全額
仏像
旅先
講師
税金
銭湯
同左
型式
権力
酸性
小父
水道
先登
洗湯
短大
中火
宝物
無断
係長
自己
宿舎
水深
間際
基準
車両
他国
頭首
治験
聖火
対岸
台風
島内
米収
我家
初等
電力
野鳥
座長
蚕業
自主
他行
薬物
体質
正統
組員
片側
鏡銅
局員
国道
自転
手法
精糖
悲歌
比価
皮下
品位
墓地
逆手
金属
公海
出身
新宮
等級
旅費
漁船
候鳥
女王
薬湯
下限
漢詩
給料
原案
使者
体育
大筋
博労
夜討
要地
黄鳥
外傷
楽聖
急性
上白
人質
本石
外商
感興
軍機
採算
指数
圧力
至善
首位
悲喜
武門
文明
補選
家事
漢方
経費
新刊
代官
適量
保険
和食
衛星
下味
権限
現象
個性
効果
純金
定時
品番
方案
各紙
学制
現役
左上
市道
親仁
農業
部会
風味
仏心
温泉
可用
県花
算数
守旧
小社
足首
木地
両氏
永世
永生
各階
原点
言質
国王
支店
紙面
窓口
頭痛
難民
機運
禁裏
区域
持論
種子
砂層
自助
額面
講堂
新星
体外
令状
暗然
課員
楽長
期日
球場
句風
古米
児女
次女
次序
自序
真実
戦術
台本
都会
本選
無線
様子
花街
後者
上意
情意
積立
理想
画一
健児
初値
小事
消磁
賞辞
障子
神人
副使
副詞
酒量
同庁
日用
乳状
片目
英字
海路
神像
前金
大作
潮流
党略
市井
真相
政界
当所
同派
婦長
駅名
下流
階段
私大
手段
酒税
全校
素顔
同村
文科
補則
本物
無色
有印
至近
上人
城頭
場面
数次
大空
中等
伝統
不足
見立
初球
身元
大半
伝説
同区
白地
判官
本戦
立合
悪性
海容
漁業
支社
秋日
週日
真人
善行
全港
年次
顔面
検字
熱気
腹筋
楽曲
教団
誤判
校舎
祝詞
初孫
商戦
正負
聖徒
同港
堂舎
道者
分館
返信
課題
楽器
逆風
校歌
細大
死球
主役
少額
心臓
大差
同誌
反古
反故
飯盛
不満
補語
夜空
下辺
漢字
器具
近視
金枝
金糸
厚司
厚子
口才
所天
諸点
心像
創憲
創見
大玉
調書
付注
遠眼
巻末
公課
功科
功過
工科
残年
小鳥
小品
昼間
同博
班長
筆者
表情
野党
回路
絵画
古都
固目
産地
小額
聖者
貸付
台辞
大字
大地
題字
題辞
炭鉱
知歯
地誌
置市
無期
無形
花粉
気色
逆説
考課
行事
弱音
図書
損益
度胸
東洋
幕末
名子
様式
良心
印象
火花
再話
神道
身上
水辺
正覚
先見
町内
適例
灯油
動機
同好
銅鉱
家屋
家格
過客
寒気
間尺
若葉
商学
人手
組長
単向
探鉱
墓標
本志
本誌
開村
教書
国体
最少
細小
産制
中身
同小
風上
分会
野分
養子
衣服
親方
団地
地神
腸線
皮革
本位
活力
厚相
左官
次長
人徳
政局
地上
不在
容姿
旅券
角灯
館長
苦味
熊毛
書家
正客
天国
天地
仏式
母国
容止
洋紙
寒害
干害
管外
単価
当方
道筋
文相
毎戸
名所
曲面
古参
行内
字書
小康
食堂
水力
夫妻
風雪
木綿
林野
栄光
火難
我国
器質
基質
策戦
商港
上着
人類
正念
青雲
草案
着物
夜気
流星
和室
灰色
気持
起句
後学
光学
好学
工芸
皇宗
行装
鉱層
差損
終着
賞品
新著
水中
全線
対案
頭角
品種
薬事
金文
国府
市会
上使
上士
新巻
身長
清貧
体協
標的
両面
引分
何頭
学級
宮家
公傷
公証
口証
校章
行賞
奏者
大火
直径
電線
土産
文芸
便所
有功
有向
火山
官公
講社
死生
祝着
章典
新訳
店内
都県
歌詞
間接
戸別
雑草
主権
女将
序言
小店
親族
炭価
通貨
答訪
道念
日計
分権
横顔
居間
公舎
高射
砂山
司政
市勢
市政
私製
至誠
詩聖
資性
西岸
風速
本号
役人
要員
王座
後部
女流
代数
同志
念頭
本番
例会
営養
刻時
国字
市域
自信
社寺
新橋
赤字
前兆
地位
仲冬
柱頭
標準
無機
用語
慣行
客室
空家
経堂
校則
財政
生保
同機
同高
府下
風水
要人
理由
黄泉
学課
寒風
苦寒
史話
私話
詩話
資源
射手
首領
世事
大工
同相
病状
牧師
旅団
改憲
好例
構文
高利
私書
性格
政官
正教
清興
男児
男優
典型
難場
年寄
夕日
塩性
欠点
国政
城市
神社
人格
体力
中段
同展
白票
本城
本状
名曲
衣料
記号
県道
高座
私費
主任
小指
小石
童話
旅人
遠景
光速
公理
功利
効率
国定
弱火
前文
容器
下士
仮死
可視
歌誌
計時
見地
原罪
原発
合金
私腹
社線
初級
商権
水分
正絹
太陽
犯人
王様
開巻
岸辺
月額
好物
構内
社主
住民
上布
水系
電気
病室
兵制
歩道
小五
各市
各誌
革命
関門
旗手
産道
宗派
成体
政体
短期
入口
白米
屋内
君主
耕地
産科
将士
小史
小者
証紙
賞詞
深雪
神明
聖体
声帯
静態
前列
有人
各館
記文
記聞
曲芸
空気
警乗
公知
自宅
小党
親米
親類
身内
大金
直中
点前
片手
両国
王国
課目
海運
街角
気力
客船
公用
国旗
手口
盛年
他馬
団長
日刊
品質
付合
文様
教頭
交声
最速
細則
酸類
手帳
将兵
職印
心頭
新刀
神灯
人材
洗車
対価
大過
陽性
両社
外向
外港
干城
感状
管状
近所
原型
原油
公使
最低
事前
生死
青空
標語
法式
北洋
無実
両方
衣魚
医局
郷土
紙魚
次席
車輪
宗義
心得
政労
船頭
貧困
本船
満点
木星
有給
金権
空身
敬答
合弁
根性
辞表
社宅
傷兵
人件
生後
税政
中研
中団
丁年
停年
日額
発作
不死
付子
無言
無量
役目
林間
連歌
連火
意欲
気道
酒徒
衆徒
新内
新約
深林
年数
名刀
名答
有色
要領
例年
王将
家集
解党
元始
原紙
原詩
原資
現員
光熱
好機
山里
初夏
小暑
消暑
新型
聖典
船員
前妻
地蔵
昼食
田園
年上
羊水
悪評
異父
個室
志士
信書
新緑
真書
親署
親書
正堂
前庭
貸家
地権
茶色
長女
直球
道義
銅賞
友達
音量
具体
時針
磁針
出色
出典
商号
消印
省線
新規
前例
追手
鉄工
鉄鉱
動詞
導師
童詩
道士
美女
目前
家電
開張
金具
血液
財産
死神
時化
若草
主計
出番
諸君
信管
神官
成年
政道
正道
精銅
聖堂
先方
築法
頭金
独身
本業
名義
名物
有無
火口
花芽
会規
回腸
海気
開基
居士
金銭
経路
自我
酒場
重傷
水質
先手
前歯
速度
短調
朝市
天上
伝記
徒歩
熱病
買気
母校
報賞
洋品
官設
言論
語頭
公庫
産児
蚕児
史詩
師資
詩史
秋波
所由
小判
政客
正格
中古
中流
忠誠
天機
転帰
要録
歴代
話題
楽屋
貴種
居室
漁村
金物
後会
公会
公民
効用
算術
字源
酒色
酒食
秋冬
乗員
新秋
神州
伝灯
道話
特典
文末
両院
雨量
園芸
横車
横笛
空前
劇談
秋興
神米
性能
成果
成典
晴天
清風
生年
盛典
税務
先代
貸出
同一
同館
内訳
日課
比重
評者
文筆
母子
母体
役割
容疑
様相
家老
基調
曲目
芸者
決河
限界
好個
好古
山神
士人
私人
至人
首題
終戦
衆議
勝機
生計
聖教
帯状
暖冬
頭上
難点
年歯
犯意
風船
無敗
両者
王朝
海辺
官位
技法
教皇
元素
後件
後生
効験
指針
自力
人絹
数理
性別
政令
戦法
他家
大男
断頭
町名
直系
内角
評語
北門
目白
冷飯
王宮
岩場
顔色
機首
公私
構図
時速
手話
神事
正系
創世
対極
大台
達人
中級
中将
町制
土台
土中
兵力
北東
花形
快刀
海面
近世
好天
深海
政経
西経
朝政
都心
日常
配点
不仲
風土
本心
訳者
要素
塩分
化工
仮構
河港
快晴
極右
原形
古着
厚志
高士
式場
弱点
小片
食器
真底
人身
正味
天漢
日子
物資
片面
裏目
両船
小二
右目
願書
金鉄
紅梅
考試
再三
山王
子中
私財
真宗
人臣
生母
聖母
雪景
貸金
値域
通詞
店先
日次
波間
白魚
富商
風潮
物件
米兵
理容
緑地
異状
家兄
学期
教官
均整
使命
食料
信士
心耳
新字
人世
人性
仁政
数学
正法
全店
他者
体重
中興
忠孝
通事
通辞
動議
白日
反戦
病者
放資
法律
本展
役印
論調
家裁
家長
県議
後葉
光陽
口中
済世
祭政
参道
司書
至尊
社説
手順
春宮
小目
心事
神話
聖歌
製薬
対物
態度
段差
中倉
土日
土用
同心
熱線
農夫
筆頭
無品
広葉
異国
異同
医道
機械
曲者
公金
口先
孝子
黒地
才気
祭器
小委
小数
情熱
身方
青果
前身
測光
速効
打率
代将
茶宇
通年
同案
年下
肥料
副官
米作
有志
異性
横議
外人
各店
金魚
原人
公権
指命
死命
私設
実科
取付
親中
船台
全身
対内
通念
同位
武器
風穴
分子
文面
便数
保安
満席
名士
塩味
何事
花鳥
開講
開明
公益
工員
左足
資材
歯車
写実
勝因
小引
賞状
職場
真先
神木
聖王
全長
地名
町民
長所
頭皮
難局
難曲
難病
副賞
本家
末位
民兵
葉色
例外
異種
医務
右記
右足
雨季
歌曲
行楽
左下
在米
周期
出目
所長
女神
垂心
船上
村立
灯標
内証
配下
病人
本官
本管
薬方
力学
円堂
加法
家宝
果報
火薬
花輪
感性
観点
器械
貴国
貴命
経歴
源流
黒船
支局
私案
至福
時文
辞書
終値
初老
書名
接点
不才
母性
方策
有線
両側
屋号
音曲
海原
気配
空白
原産
高空
黒石
手技
習作
初潮
乗法
常法
親元
親分
身許
人望
正価
正課
正貨
生花
盛夏
精子
声価
製法
青葉
創部
足元
知見
同夕
童形
年頭
農村
美人
武人
法敵
夜光
欲望
卵酒
利率
悪政
衣類
外伝
各車
紀要
筋力
形勢
形声
警世
原理
高評
私産
視覚
時短
室外
秋季
出方
初動
諸道
心筋
身分
鉄筋
同郷
農場
不通
平屋
法会
法要
無位
余地
養父
路面
付物
英紙
家宅
火災
火手
火酒
階数
外部
株価
気息
共著
近県
空腹
軍楽
軽傷
原告
原料
後任
高温
才能
死角
視角
詩格
若木
宗規
秋期
秋気
小人
条鋼
図利
水勢
水性
水星
水生
水声
税別
戦士
線路
早版
総記
対訳
築地
同形
別巻
別名
無間
裏側
立方
悪声
沖合
外界
外灯
街灯
活路
左目
妻子
住人
出先
数列
戦国
村人
代打
短編
転院
同工
難所
評伝
不作
風物
文句
米価
本局
綿糸
有料
卵子
老手
雨林
液状
延性
温室
荷物
胸部
具合
減作
口車
航法
高察
国父
骨格
座席
実権
実態
主知
真顔
世子
正史
製糸
青史
川下
地面
忠士
党外
農薬
俳誌
背景
不帰
府警
別線
路上
夜明
会席
外来
学卒
干潮
管長
弓矢
胸中
空席
個展
国富
作意
初雪
小差
小豆
食欲
真心
水位
制球
聖戦
全形
早計
卒中
体面
代地
大判
朝野
底辺
党費
夫権
府庁
父権
文物
薬品
余所
要所
陸士
家法
花束
海中
機材
教理
胸裏
曲線
決勝
権益
限月
車体
手羽
小節
小男
章節
新都
神前
赤地
前節
草魚
太初
大暑
知性
忠言
農相
不漁
風景
文教
本場
本体
本庁
夜桜
野辺
幼児
力士
悪貨
歌声
会誌
期首
議席
急所
教材
軍隊
結末
元祖
康平
鋼鉄
才子
祭司
市議
時機
次子
社協
社団
宗室
終巻
習慣
小曲
小使
小母
情感
情操
信金
新品
性質
精農
声門
戦力
全容
隊舎
大所
柱状
直間
定休
天宮
土手
道行
農産
版画
薬味
勇気
林道
音質
下面
機業
旧友
境地
軍属
源泉
現職
個利
古典
後方
交点
光点
高点
国司
国師
市価
時差
酒手
樹林
初版
心情
新説
神様
図画
制令
青春
船長
他方
大権
伝票
年限
美風
部下
本朝
夜鳥
裏金
臨海
仮象
急談
急電
金品
工兵
散人
姉妹
自体
受入
終期
熟語
出前
助字
助辞
序次
上座
上体
常体
常態
常談
情態
信念
水源
聖楽
早見
総力
損金
他校
大雨
男物
頂点
定員
底力
敵性
道場
内政
乳児
面輪
毛根
門徒
幼年
要件
里方
上角
大体
下水
火力
開府
階級
寄道
規格
区民
形態
系図
航路
材質
史観
支所
社頭
重油
職種
心裏
税額
戦場
前任
全曲
全文
台地
大王
大将
大隊
地図
着尺
丁字
頂上
年号
粉雪
密室
力点
下角
横丁
音頭
下風
家元
家風
学芸
眼下
岩山
危地
機知
貴地
義弟
教主
極地
金券
群衆
軍国
形像
原液
公費
功名
行員
際限
財布
止痛
私通
磁器
耳目
取組
秋桜
情歌
情火
新曲
親善
正妻
聖祭
祖国
多肉
大局
大葉
敵前
都銀
等号
表側
武家
文名
兵器
片道
墓表
民家
目頭
有半
里親
両像
両論
連中
手指
主司
医長
音程
海港
活気
管財
岩木
気品
客足
境目
金堂
原画
個数
光明
国士
才識
祭式
士道
師家
師団
辞令
初給
女難
小難
信条
身命
総評
総論
存分
台車
大群
茶室
内輪
波状
美顔
不敗
補欠
無税
陽光
労相
老母
愛犬
異見
下着
角度
基数
急流
旧家
魚心
極限
軍談
激痛
後備
好守
幸先
史学
士官
師道
志学
私道
糸価
紙価
視学
詞花
詩家
詩歌
詩学
試薬
資力
歯学
字形
辞意
主幹
小犬
新雪
真情
臣節
人前
人足
声量
値段
仲兄
賃銀
低空
定評
党則
得策
俳文
倍率
売出
費目
表札
病名
不実
粉末
文庫
本命
名作
養蚕
浴用
細切
悪女
駅員
旗印
規準
客地
級友
旧遊
競書
強風
胸囲
業主
月間
権道
現物
言笑
向性
黒板
最貧
市有
試案
社報
出足
勝率
上面
色街
信実
心肺
新劇
新春
水色
正金
製紙
節供
線香
組曲
探題
男色
地理
定刻
電灯
当社
同気
童心
内局
馬券
犯行
宝永
方言
本流
民法
名車
勇士
和風
目当
悪日
沿海
遠海
屋外
夏物
果物
外資
旧領
魚類
曲名
銀色
工程
高弟
黒星
座像
産別
誌面
次位
守勢
手中
終点
宿願
春雨
勝敗
小包
情状
申立
親指
盛会
先考
戦功
浅紅
祖父
素案
総勢
他所
貸費
台帳
店名
入日
脳裏
反感
秘話
文楽
文系
文法
編物
名声
薬用
用事
労音
見出
悪玉
悪夢
因果
横町
屋根
仮題
外史
外紙
学派
官報
観法
貴様
旧知
局部
軍旗
軍紀
軍規
軍記
権原
古楽
古制
公報
行程
山行
山林
散光
蚕種
賛否
寺院
主位
主意
手芸
手編
初会
初段
諸家
上官
食管
神仏
針金
水気
生理
前景
全景
造花
尊属
大軍
大便
天体
土質
銅器
白丁
白布
保線
本島
目先
有事
夕陽
老木
和服
小船
悪法
悪役
王族
花片
階下
外角
各冊
気運
軽重
軽油
県連
原典
公立
口紅
校庭
紅花
事態
時論
主観
取消
首級
樹下
所員
信徒
水屋
正使
全編
祖母
多産
題名
茶会
同家
同率
銅鏡
内側
難題
農政
背水
買手
不断
別製
歩調
墓場
法量
本土
無銭
毛虫
勇姿
有司
有史
遊士
遊子
遊糸
遊資
裏口
礼状
愛車
果樹
各線
旧型
共犯
強度
景観
結社
後味
孝弟
工費
紅色
桜草
史書
支署
私署
詩書
事後
字義
謝辞
主因
主祭
純銀
初音
初子
小骨
常勝
条章
真空
神都
人里
足場
大潮
大麦
断面
潮位
町人
長流
賃料
天元
伝家
能会
白球
腹心
文言
母印
無休
毛色
郵船
用字
両人
主菜
雨戸
運命
駅弁
花台
回文
灰皿
基板
機具
牛歩
漁協
魚粉
胸痛
係官
県下
元職
口元
行末
鋼板
香道
細君
菜園
死因
主戦
主薬
手元
週刊
住処
従姉
順番
暑中
書士
諸氏
女心
深浅
性状
政情
聖上
戦敗
線条
線量
船体
足音
谷行
中位
潮風
定法
鉄人
電設
都合
頭取
年令
敗色
風雨
文官
法家
法科
法貨
木具
木製
優生
理念
裏面
立像
路程
老年
論理
大盛
卵焼
異腹
雨雲
営利
横糸
王家
恩師
海損
外形
官舎
逆接
旧名
牛肉
近著
金製
金棒
空調
現形
祭典
子役
視線
字解
磁界
実車
若造
主眼
手管
首長
所用
勝地
商状
小我
小乗
小声
小銭
小知
心境
新種
真券
水着
石炭
専権
全館
全席
体格
大皿
単語
単品
暖地
中型
中味
低音
電器
土石
党紀
島民
特色
難関
農協
背広
飛球
鼻骨
報国
本箱
名水
野草
油性
夕刊
容量
洋式
要式
卵白
路地
子取
歯切
案件
引金
引鉄
果菜
回章
絵巻
各層
学位
学究
関取
吸水
球児
局番
金庫
金満
群島
元利
湖底
語録
口笛
皇室
国益
雑音
山師
産年
仕丁
事例
質量
実情
実体
実定
純益
女手
焼肉
上衣
情人
食道
推力
世間
制式
整式
晴眼
正眼
青眼
石材
先人
戦災
染料
相性
多客
大黄
大乱
定価
党規
党名
当確
当機
等角
統覚
道具
南口
入試
肥土
不問
風神
風説
復田
母方
牧草
本屋
本数
野外
洋酒
利権
列島
光一
結付
表着
井然
益税
往事
往時
王事
温度
賀状
格下
巻数
丸太
機長
気心
急使
球史
旧師
共和
係員
古手
故意
公道
公武
口火
工率
皇軍
産声
資財
次節
次善
実技
実父
写字
社名
小麦
上役
条例
色石
新芽
人魚
図式
水軍
水流
性善
整然
盛観
石像
積雪
先祖
全土
素質
総菜
蔵元
足並
大安
大腸
大老
題材
地衣
痛手
電子
当行
同族
導管
道管
馬術
皮質
秘策
鼻歌
病苦
不発
仏体
文民
宝庫
野菜
油絵
幼生
洋語
洋上
用後
利便
理数
冷灰
園長
黄道
黄銅
音階
音源
荷台
快楽
海流
感覚
看守
顔料
球筋
漁師
系列
原題
原版
後発
光来
紅玉
紅白
鉱物
高堂
国技
骨子
雑歌
始原
死罪
私見
至言
実話
若年
収入
祝電
色弱
心力
深層
真理
神風
人妻
水虫
正賞
戦犯
線区
前歴
善心
全会
相者
増価
造化
単機
単記
地異
長上
定性
定説
点景
湯船
当否
頭脳
入級
念力
背骨
白馬
半値
貧打
仏経
物流
文集
便益
便器
本領
満員
満天
無策
名門
勇将
郵相
洋服
用件
利点
両極
両校
両省
以東
委曲
異存
演劇
家業
火種
学資
楽士
楽師
株数
寒帯
巻物
感想
寄席
機上
気温
貴族
逆進
魚価
局地
芸風
劇薬
血筋
血便
憲章
原由
古銅
公法
口調
工法
国交
国名
根気
根底
最古
子女
試論
事績
時評
自席
実子
実務
車外
主神
受取
住職
女坂
傷口
商用
常務
色情
信教
新装
深窓
真草
神階
親許
親友
石柱
石頭
節操
先妻
戦型
船腹
選良
全域
早足
装束
増勢
卒論
単形
断腸
竹光
中高
仲人
朝命
転作
等比
糖分
特性
毒薬
内耳
難問
肉感
半生
表敬
不学
不着
富鉱
武事
仏徳
文具
文語
本港
本職
無上
無常
明器
木札
木精
門葉
有価
有休
遊休
用具
要事
理系
裏地
裏町
略歴
朗報
顔立
酒神
異郷
異変
英才
英和
駅長
往信
横穴
夏場
家伝
果糖
回天
快挙
海兵
外電
外様
角材
学業
割増
観衆
器材
共管
共済
教程
胸間
胸元
郷関
近親
金線
形勝
形象
径路
敬承
景勝
経巻
月刊
見解
厳寒
現官
公案
公印
口裏
国論
根幹
再試
採火
山腹
産前
産物
司祭
史官
士関
子犬
子分
市外
指標
止観
詩巻
寺社
時日
自前
実物
実名
謝礼
車間
車寄
車列
手鏡
縮図
所以
諸悪
諸表
小変
小編
少将
笑芸
上皇
情交
情工
心木
新形
真価
親水
寸前
正犯
青豆
赤毛
切花
専務
前菜
倉庫
測度
貸切
大命
大目
単願
茶柱
茶番
通期
通所
庭園
敵失
鉄路
天命
党利
動意
同根
毒性
熱意
能面
買取
白菜
箱屋
飯台
美観
美酒
氷質
部外
兵員
母后
母港
本尊
枚数
民衆
毛糸
木版
目処
目上
矢板
油田
有性
有生
有精
遊星
洋弓
用兵
陽子
利息
陸協
陸相
料飲
林政
冷夏
礼金
老親
論点
論法
形無
裏付
安否
飲物
運輸
演芸
塩素
応急
王権
家路
海綿
界面
貝類
外政
街談
各派
学園
学力
漢学
機密
義母
休園
球技
許否
胸底
極印
禁物
金貨
空域
景品
血管
建材
権利
原論
公害
功罪
口実
広原
皇后
合間
穀物
根基
細身
作出
使臣
指輪
死力
私権
私信
私心
糸状
紙片
至心
字体
治世
磁束
自伝
鹿毛
手引
手本
酒造
州法
修身
週給
諸事
助員
商機
商業
将器
小器
笑気
信組
新穀
神国
図上
寸法
正伝
生水
聖書
石門
雪国
絶頂
全盛
素焼
操船
太極
打球
体裁
台座
炭酸
短刀
男根
男坂
定形
定番
鉄板
転機
土物
道心
南天
肉親
日貨
熱湯
麦酒
反共
反動
犯科
非鉄
氷山
布地
兵隊
便座
宝刀
法則
法灯
法統
幕下
末路
未完
名画
名詞
名将
明視
面相
木芽
目線
洋紅
洋裁
用布
要義
要港
里子
立体
良法
林地
冷泉
異名
羽車
雨天
沿道
王手
歌業
河童
画風
外観
街宣
各位
学年
官軍
間然
間道
机上
機体
気胸
気合
貴人
貴注
義兄
球形
牛乳
漁民
近火
径行
経口
芸名
古層
古刀
後妻
語源
効能
広域
広義
行金
鋼材
合否
差金
才女
細管
作風
支障
私傷
詞章
詩集
持家
時給
自室
実益
実績
尺度
主潮
主調
手簡
手付
首巻
州兵
秋水
週番
春節
所産
所定
諸派
女中
商事
小異
小道
象限
常敗
織機
食券
食味
新税
申入
親王
人造
水草
成分
星座
晴着
正方
声優
切線
接線
説話
雪上
雪線
先客
先史
先師
戦史
戦利
選集
総量
側近
損保
対辺
大度
大番
知己
知合
地形
地表
中秋
中門
定額
弟分
鉄棒
天才
天使
伝令
党争
湯気
当人
同数
堂上
道教
道順
届先
日割
日月
念書
能率
博徒
判例
美技
美徳
病原
病舎
病巣
貧民
不興
富強
風雲
風格
風鳥
副将
仏子
仏師
物権
分詞
文士
兵舎
墓相
法規
棒状
本件
末代
満身
無季
名医
名勝
明証
迷信
毛布
野性
陸運
流域
両紙
両様
冷害
路次
労力
和装
愛情
悪意
意力
異議
異才
異母
異類
胃薬
羽毛
運勢
液体
円上
塩基
下番
加薬
可算
家産
家相
歌道
火元
快音
海底
学風
楽章
寒天
官学
干天
感傷
眼球
器財
器物
器量
機電
季語
急場
挙党
教生
筋書
金脈
金力
苦楽
苦言
軍学
月産
月内
原色
原泉
言辞
古老
光量
厚恩
広角
皇居
高批
座業
座主
災害
在外
作者
雑則
私曲
私兵
紙屋
視野
字面
実兄
実姉
車庫
若妻
主犯
手動
秋口
秋風
終身
集権
重税
宿将
宿命
祝勝
純銅
所労
諸語
諸公
諸説
女物
小農
少雨
証左
上巻
城下
常連
情愛
身根
人骨
人知
水球
水心
水兵
政戦
政友
星雲
正札
正論
清元
盛運
聖域
切札
切点
接骨
節点
雪雲
戦火
船旅
前章
前生
全能
創意
早道
早番
総意
足許
代役
大祭
単級
断層
断筆
知命
地勢
地声
虫歯
虫垂
町衆
長雨
直情
定型
適性
点字
電波
登高
度量
土足
土筆
刀工
灯光
当校
等外
等身
銅像
難路
肉体
納豆
農蚕
農民
馬子
買上
売場
白文
鼻先
票田
表音
不納
不弁
婦警
富農
父兄
父系
風情
復配
物事
別命
返書
墓前
母乳
法衣
法城
法条
防火
本能
末席
名器
名字
名優
余罪
洋楽
洋書
浴衣
立件
冷風
和文
客寄
歯止
悪友
安物
遺習
遺制
印章
右岸
右脳
運気
英姿
衛視
遠見
王政
黄粉
下級
下名
可否
家名
科白
火宅
回虫
絵図
害虫
学童
官省
官版
官話
漢和
看板
眼科
技能
技量
客気
急足
牛女
漁港
強火
禁教
金銀
句切
区切
形体
軽量
芸談
劇評
決選
月給
険要
語口
口許
工具
行路
国宝
黒幕
左飛
祭具
支線
死線
私選
事案
持味
時流
示談
実年
写経
車券
車止
弱毒
主文
取水
収益
秋蚕
集客
従容
祝辞
春期
春物
処士
初志
初犯
所司
所思
書志
書誌
諸姉
除目
小用
省益
乗客
常忠
色気
色調
心証
神童
神品
身辺
図版
世相
政商
政敵
星空
正室
清適
声質
昔話
積年
赤貝
節度
浅緑
前説
善人
全局
全馬
素因
素式
窓辺
総業
草創
続編
村民
打切
単勝
短観
地酒
朝憲
朝権
朝見
長旅
通宝
通路
低温
低額
庭球
鉄柱
度合
土建
土砂
党情
当座
答案
動画
道理
特使
読後
読方
年配
年率
農林
番犬
悲傷
批点
氷原
表土
評言
武術
副業
複線
文体
片耳
返球
法定
本題
未刊
無官
門松
野花
野選
役職
役得
余生
容体
乱視
乱調
利得
裏曲
両家
良家
類書
連隊
労災
労作
老境
老少
見張
心構
備付
愛妻
愛社
悪習
悪報
意義
異人
異朝
胃腸
印画
引合
英断
液便
沿線
往航
王公
王制
下絵
過言
画材
画集
快速
絵馬
絵筆
開運
外信
確度
学説
学徒
学名
学友
寒村
旗標
記数
救国
旧慣
旧観
旧館
漁具
魚肉
競輪
業務
筋肉
近海
近辺
金持
苦虫
軍配
経時
警官
芸歴
劇痛
劇通
結石
結縄
血幹
血清
月報
月面
検校
元物
原物
古式
故国
公主
好手
工手
号外
合板
国庫
国鳥
国力
黒酒
今生
左脳
砂利
在来
昨季
山場
産油
酸素
残雪
残土
史談
子息
市電
師友
糸口
視力
飼主
持主
持前
次兄
自発
実弟
実母
実例
射座
社屋
社外
社業
若芽
主動
取調
守成
酒精
酒乱
樹勢
収量
周囲
宗主
宗法
拾物
衆道
週休
週報
集名
春季
純増
純度
順序
所行
序文
少佐
焼経
障害
上刻
上方
乗物
色合
色町
食間
新教
新券
真義
神鏡
神権
親権
進境
図案
図像
図表
水素
正体
赤子
戦績
戦野
泉石
浅才
染織
前官
前編
全巻
巣箱
多岐
多面
打順
体毛
断片
知能
地力
中佐
仲居
張紙
町営
長老
追風
通巻
定温
天空
天災
刀心
刀身
刀泉
刀銭
投信
灯心
灯船
等親
特会
特製
特長
特番
独善
内陸
難易
脳性
波長
買主
半角
半径
半量
反間
板前
飯事
悲話
美学
美質
鼻息
標札
標本
秒速
夫役
負軍
負戦
武具
部局
部数
仏身
仏敵
物体
文型
文脈
平温
平価
変局
変災
変電
方位
法眼
法器
法文
防犯
北岸
北風
本態
幕間
民芸
民放
無給
明日
目高
優品
友情
有情
予価
予科
幼虫
幼鳥
洋名
流行
領域
列強
連俳
老害
老公
目差
眼指
持成
物差
物指
後向
光物
根引
春巻
焼立
旅立
愛児
意表
異境
異教
衣装
遺族
引際
引手
英資
益鳥
演目
遠祖
王女
黄精
黄白
温帯
仮説
加害
果実
果皮
火消
課業
画布
会費
会務
回流
絵具
外事
外周
外洋
覚書
角番
学区
寒空
巻首
官民
感量
慣習
漢文
看客
管領
観想
観相
間者
間奏
関数
館主
基音
基線
旗本
機先
気節
気密
汽船
希節
貴宅
義父
逆光
逆心
逆臣
球速
究極
究理
旧劇
旧人
漁火
強弱
強心
曲節
曲想
極意
極寒
極光
近景
軍刀
血道
月白
健常
券売
検使
犬歯
絹糸
県会
見処
見所
原級
古文
後室
光画
好日
校外
構外
港外
皇族
行間
行司
鉱害
鋼玉
降水
号旗
穀倉
骨組
差引
砂州
砂防
妻君
才媛
細型
在民
山男
山羊
残部
史論
子細
子羊
師表
枝葉
死票
死本
私印
私論
至論
詩才
詩論
持説
時効
自軍
自説
自著
自党
自筆
辞色
質料
実景
実状
社命
借手
若衆
若蔵
弱年
弱味
手塩
受持
宗祖
秋空
終幕
縦穴
重職
重陽
所作
書作
書中
序奏
小照
小身
省油
笑話
乗組
常温
常例
情事
条文
条令
蒸器
職責
心火
心太
心友
新価
新酒
新選
真中
真勇
神歌
神火
神橋
神祖
神馬
臣下
進取
進路
図星
水運
水牛
制勝
成否
政変
星章
晴間
清勝
生肉
盛暑
青書
折紙
節奏
絶遠
戦隊
戦列
線型
線形
船型
船隊
選対
前世
善玉
善政
全階
全知
素行
組子
窓際
草取
蔵版
息災
速足
速歩
続開
続投
存否
尊兄
尊台
他聞
対格
台閣
台覧
大罪
単眼
単月
短詩
短命
団子
地気
地平
中形
中値
仲直
朝練
長物
長夜
長幼
長話
通気
低層
低利
停学
定見
庭師
庭木
適否
天険
天際
天覧
電動
都庁
党類
冬山
投句
東経
当来
糖度
糖類
同属
道化
徳性
徳政
特権
特修
特大
特例
毒素
読者
内径
内情
縄文
南洋
日照
乳歯
年商
納会
能管
脳幹
農具
農道
農務
馬番
拝外
敗因
半価
半休
半弓
反歌
版権
番台
悲引
悲願
非負
美感
美声
鼻血
表意
表層
表題
品詞
貧富
富家
布衣
負号
副因
福音
福利
腹囲
仏徒
文政
聞耳
便船
弁理
墓列
宝島
法弟
法服
暴投
本校
幕府
満開
未然
密度
民業
民話
無才
名実
盟友
綿棒
毛筆
目玉
野羊
油井
有理
遊里
余念
幼子
幼主
幼体
洋画
洋間
洋種
洋食
用材
葉状
要具
卵巣
利害
里数
陸橋
律蔵
流血
両行
良工
良港
良相
領海
領空
力動
臨時
冷茶
練乳
老臣
老身
論考
論敵
和算
左角
独者
割出
空売
元売
祝事
心待
人混
石積
蔵板
立読
愛郷
愛敬
愛書
愛染
愛息
愛鳥
愛別
愛欲
悪因
悪運
悪寒
悪漢
悪気
悪逆
悪業
悪形
悪血
悪妻
悪才
悪者
悪手
悪所
悪書
悪場
悪食
悪心
悪神
悪人
悪推
悪相
悪態
悪党
悪童
悪道
悪徳
悪念
悪筆
悪病
悪風
悪文
悪様
悪例
圧巻
圧制
圧政
圧雪
安危
安居
安宿
安値
暗雲
暗君
暗紅
暗号
暗黒
暗室
暗主
暗証
暗色
暗線
暗箱
暗部
暗幕
暗夜
暗流
案下
案文
位階
委細
意中
易学
易者
異義
異訓
異形
異数
異風
異物
異聞
異本
移流
胃液
胃弱
胃痛
胃病
衣手
遺愛
遺業
遺訓
遺骨
遺作
遺書
遺著
遺筆
遺品
遺風
遺物
遺文
遺忘
遺命
医界
医業
医術
医書
井守
井目
育休
印形
印材
印税
印池
印伝
印肉
印判
印綿
印面
員外
因習
因数
因明
引歌
引戸
引札
引数
引船
引窓
引潮
引導
引縄
引物
引幕
引綿
引力
引例
飲屋
飲助
飲水
飲代
飲茶
院外
院号
院主
院宣
院展
右近
右左
右筆
右府
右文
右辺
宇内
羽衣
羽音
羽交
羽尺
羽虫
羽風
羽並
羽目
雨間
雨気
雨具
雨空
雨後
雨声
雨足
雨皮
雨氷
運座
運上
運筆
雲海
雲間
雲気
雲級
雲居
雲形
雲際
雲助
雲上
雲水
雲足
雲表
雲母
雲量
雲路
営舎
営庭
営農
営林
栄位
栄典
永存
永日
泳者
英学
英気
英主
英図
英略
衛士
液肥
益体
益虫
益友
駅舎
駅手
駅頭
駅路
円座
円周
円心
円柱
円本
園地
園丁
延金
延縄
沿革
沿路
演義
演題
演武
演物
遠因
遠音
遠火
遠近
遠国
遠視
遠心
遠足
遠島
遠道
遠方
遠目
遠矢
遠洋
遠来
遠流
遠路
塩引
塩花
塩害
塩気
塩豆
塩物
塩類
往古
往者
往昔
往日
往年
往路
応益
応札
応手
応分
応変
応報
横雲
横筋
横型
横形
横根
横座
横紙
横手
横線
横隊
横波
横腹
横物
横木
横目
横列
王佐
王水
王代
王土
王道
王法
王命
黄玉
黄水
黄体
黄梅
岡引
岡持
岡目
沖天
屋舎
屋体
屋並
恩愛
恩義
恩給
恩賞
恩情
恩人
恩典
恩命
温灰
温顔
温気
温州
温習
温情
温石
温熱
温容
音域
音感
音義
音訓
音字
音信
音節
音素
音速
音調
音波
音物
音便
音容
音律
下火
下巻
下戸
下刻
下根
下座
下作
下策
下司
下枝
下種
下衆
下女
下情
下職
下心
下人
下図
下前
下層
下草
下足
下帯
下段
下男
下値
下肥
下表
下目
下役
下略
化身
仮宮
仮初
仮親
仮数
仮病
何程
何方
何役
何様
加水
加数
可逆
可動
可燃
夏作
夏山
夏蚕
夏服
家筋
家君
家訓
家憲
家作
家借
家職
家信
家臣
家数
家父
家並
家母
家門
家来
家令
家例
科挙
科人
果肉
歌口
歌心
歌切
歌論
河骨
河鹿
河川
火玉
火祭
火皿
火除
火色
火水
火切
火打
火柱
火縄
火夫
花屋
花軍
花札
花時
花実
花守
花序
花色
花信
花心
花代
花道
花氷
花弁
花落
花梨
荷札
荷車
荷主
荷積
荷船
荷足
荷縄
荷馬
荷役
貨車
過誤
我見
我人
我先
我流
画業
画才
画賛
画師
画商
画数
画聖
画然
画素
画題
画帳
画板
画筆
賀春
賀正
会意
会衆
会心
会則
会友
解語
回米
回覧
快足
快弁
海牛
海月
海参
海象
海神
海図
海内
海難
海馬
海風
海防
海陸
界標
絵絹
絵姿
絵師
絵詞
絵心
絵素
絵像
絵付
開題
貝焼
貝柱
外圧
外因
外延
外気
外客
外宮
外教
外局
外勤
外語
外材
外字
外耳
外積
外層
外装
外孫
外題
外典
外道
外皮
外物
外聞
外米
外編
外報
外法
外面
外用
外乱
外力
外輪
害悪
害心
害鳥
害毒
各駅
各科
各区
各月
各室
各面
各様
各論
格技
格言
格式
格調
格率
確然
確報
確率
角巻
角質
角書
角帯
角柱
角通
角笛
閣下
閣議
閣老
革具
革質
革帯
学割
学兄
学才
学際
学事
学識
学績
学窓
学則
学都
学徳
学府
学務
学理
楽音
楽座
楽市
楽焼
楽人
楽節
楽想
楽典
楽天
楽土
楽日
額際
割印
割下
割札
割算
割声
割注
割判
割付
割目
割礼
活花
活眼
活魚
活計
活殺
活版
活仏
活弁
株間
株券
株立
寒月
寒紅
寒色
寒暖
寒竹
寒梅
寒肥
寒卵
寒流
寒路
刊本
巻雲
巻貝
巻紙
巻尺
巻舌
完本
官営
官金
官憲
官権
官署
官女
官職
官費
官服
官辺
官有
官立
干潟
干死
干草
干物
干満
干葉
幹竹
感熱
慣例
漢意
漢音
漢書
看経
管下
管見
簡保
観桜
観兵
間引
間欠
間口
間色
間貸
間代
間断
間男
間柱
間縄
間判
間夫
関守
関所
関白
丸干
丸材
丸取
丸首
丸染
丸損
丸打
丸帯
丸麦
丸本
丸薬
眼界
眼光
眼識
眼前
眼帯
眼中
眼底
眼福
眼目
眼力
岩塩
岩魚
岩穴
岩根
岩室
岩石
岩組
岩頭
顔役
願意
願行
願事
願主
願人
願文
願力
危害
危急
危局
喜劇
器楽
基根
基肥
基部
寄算
寄手
寄場
寄人
寄木
寄目
机辺
旗雲
旗持
旗色
旗頭
旗日
機外
機根
機才
機織
機片
機略
帰命
気位
気宇
気球
気骨
気根
気前
気団
気脈
気流
汽笛
季秋
季春
紀州
紀伝
紀律
規律
貴君
貴著
貴覧
起電
起票
起毛
技官
技芸
技工
疑義
疑似
疑団
疑点
疑念
義眼
義挙
義金
義軍
義心
義戦
義足
義兵
義妹
義民
議事
議題
議連
客位
客演
客間
客筋
客語
客舎
客車
客種
客層
客体
客土
客分
逆運
逆境
逆産
逆子
逆児
逆修
逆順
逆数
逆潮
逆波
逆夢
逆理
逆旅
久遠
吸玉
吸血
宮居
宮室
宮守
宮人
宮中
宮門
弓形
弓取
弓手
弓術
弓勢
弓張
弓道
弓馬
急火
急信
急調
急難
急病
急務
急用
救難
救貧
救民
求道
求肥
泣顔
泣言
泣女
球根
球心
球体
球道
球面
級数
級長
給源
旧悪
旧恩
旧株
旧記
旧居
旧教
旧作
旧識
旧主
旧臣
旧態
旧宅
旧都
旧道
旧任
旧物
旧聞
旧法
旧幕
旧約
旧訳
旧例
牛革
牛後
牛舎
牛車
牛刀
牛頭
牛馬
牛皮
去就
去秋
去声
居館
居候
居合
居所
居城
居職
居然
居宅
挙国
挙世
挙動
挙例
許多
漁場
漁色
漁灯
漁夫
漁父
漁法
漁労
魚群
魚子
魚族
魚田
魚道
魚板
魚肥
魚腹
魚油
京間
京菜
京女
京染
京童
供頭
供物
供米
競市
競買
競歩
共益
共助
共編
共役
共裏
境域
強弓
強権
強国
強者
強談
強敵
強飯
強兵
強味
強面
教案
教具
教権
教場
教条
教祖
教則
教典
教父
教本
教務
教門
橋銭
橋板
胸高
胸骨
胸水
胸先
胸倉
胸像
胸当
胸板
胸毛
興亡
郷国
鏡石
鏡板
鏡面
業火
業苦
業師
業績
業態
業病
業風
業物
業容
局外
局紙
局所
局報
局方
曲学
曲技
曲玉
曲師
曲射
曲尺
曲直
曲馬
曲筆
極安
極楽
極官
極月
極左
極細
極所
極書
極上
極製
極太
極熱
極貧
極付
極量
玉案
玉音
玉座
玉菜
玉算
玉糸
玉将
玉章
玉総
玉体
玉代
玉歩
玉目
玉門
勤行
勤評
禁衛
禁園
禁漁
禁句
禁札
禁書
禁城
禁色
禁則
禁中
禁鳥
禁門
禁輸
禁令
筋合
筋骨
筋子
筋道
筋目
筋立
近因
近衛
近刊
近間
近眼
近郷
近業
近国
近在
近事
近情
近状
近目
近流
金位
金員
金円
金気
金筋
金欠
金穴
金言
金口
金高
金砂
金座
金札
金字
金側
金団
金談
金地
金的
金頭
金波
金売
金肥
金風
金仏
金粉
金輪
銀位
銀漢
銀器
銀筋
銀山
銀糸
銀紙
銀将
銀賞
銀製
銀側
銀地
銀笛
銀天
銀波
銀粉
銀宝
銀幕
銀輪
句題
句点
区営
区長
区点
苦塩
苦界
苦境
苦竹
苦熱
苦役
具案
具眼
具象
具足
空音
空株
空語
空合
空際
空似
空耳
空車
空色
空説
空戦
空巣
空谷
空談
空値
空地
空茶
空豆
空馬
空母
空夢
空名
空木
空目
空理
空陸
空冷
空列
空論
熊祭
熊手
君王
君恩
君公
君国
君臣
君側
君徳
君父
君民
君命
訓辞
訓点
群雲
群議
群小
群臣
群青
群像
群竹
群落
群論
軍医
軍営
軍拡
軍功
軍港
軍手
軍書
軍神
軍勢
軍政
軍船
軍装
軍馬
軍費
軍票
軍夫
軍服
軍法
軍務
軍命
軍門
軍役
軍律
軍略
軍旅
軍令
郡代
兄貴
兄達
型紙
型番
型付
型名
形質
形相
形代
敬具
敬神
敬白
景物
経界
経学
経机
経穴
経国
経書
経蔵
経典
経伝
経度
経年
経文
経論
計略
警句
警策
警手
警笛
警棒
警防
軽挙
軽業
軽口
軽四
軽質
軽焼
軽石
軽卒
軽風
芸域
芸事
芸当
芸道
芸文
芸林
劇詩
劇暑
劇毒
劇務
激語
激写
激暑
激職
激務
激流
欠員
欠格
欠字
欠番
欠文
欠本
欠目
穴熊
穴場
穴蔵
穴馬
結界
結願
結句
結言
結語
結節
結線
結腸
結納
結文
結綿
血眼
血気
血行
血祭
血色
血税
血相
血族
血潮
血刀
血糖
血統
血豆
血肉
血粉
血脈
血盟
血目
血路
月割
月極
月経
月限
月次
月謝
月収
月色
月食
月切
月草
月代
月読
月番
月表
月評
月並
月別
月明
月毛
月役
月余
月利
月輪
健筆
健忘
券面
建株
建玉
建具
建水
建値
建徳
建売
憲兵
検見
検車
検量
権化
権現
権妻
権助
権臣
権蔵
権能
権幕
犬馬
研屋
研師
研北
絹雲
絹針
絹地
絹布
絹物
絹本
絹綿
県域
県営
県人
県費
県令
見境
見識
見神
見台
見幕
見目
見料
険所
険路
元結
元種
元正
元値
元帳
元肥
元方
元老
原意
原音
原義
原初
原書
原図
原寸
原生
原隊
原注
原虫
原著
原麦
原板
原皮
原肥
原票
原品
原付
原名
原綿
原毛
原木
厳君
厳暑
厳島
厳父
減法
源平
現業
現今
現尺
現収
現神
現身
現世
現制
現勢
現任
現品
言下
言外
言句
言説
言伝
限外
個我
個体
個中
個物
古音
古格
古学
古株
古顔
古希
古記
古訓
古形
古血
古語
古事
古傷
古城
古色
古泉
古銭
古巣
古体
古鉄
古伝
古筆
古物
古兵
古流
呼塩
呼気
呼水
呼声
呼損
呼値
呼物
呼名
固形
固体
戸外
戸主
戸長
故殺
故実
故主
故知
故買
故由
故老
湖岸
湖上
湖心
湖水
後衛
後光
後口
後作
後山
後産
後姿
後指
後書
後傷
後場
後先
後前
後足
後朝
後難
後納
後腹
後編
後便
後棒
後目
後列
語格
語幹
語感
語義
語形
語原
語根
語手
語種
語順
語序
語勢
語草
語部
語物
語末
語脈
誤殺
誤植
護岸
護憲
護身
交雑
交織
交番
交友
候文
光風
光臨
光輪
公営
公魚
公準
公序
公設
公孫
公達
功績
功労
効目
厚紙
厚手
厚地
厚底
厚様
口絵
口角
口金
口語
口合
口取
口舌
口前
口茶
口伝
口辺
好望
孝女
工合
工数
幸便
広間
広口
広前
校訓
校倉
校風
校本
校友
皇神
皇孫
紅型
紅絹
紅茶
紅粉
紅毛
紅裏
航続
行火
行学
行宮
行実
行手
行状
行灯
行頭
行道
行平
行旅
行力
講述
講説
講中
鉱水
鉱石
鉱毒
鉱脈
鉱油
降順
降雪
香花
香魚
香具
香合
香車
香水
香箱
香物
香油
高下
高角
高閣
高札
高節
高説
高足
高著
高張
高低
高波
高風
高覧
高話
号音
号笛
合印
合羽
合憲
合口
合財
合札
合切
合着
合判
合名
刻限
国運
国営
国禁
国訓
国号
国持
国典
国表
国母
国利
国領
国老
穀雨
穀粉
穀類
黒雲
黒熊
黒血
黒光
黒松
黒焼
黒炭
黒竹
黒潮
黒点
黒豆
黒米
黒毛
黒目
骨灰
骨幹
骨質
骨身
骨相
骨炭
骨張
骨頂
骨堂
骨肉
骨粉
骨法
今際
今上
今昔
今風
今方
今様
困苦
根因
根株
根号
根菜
根城
根雪
根太
根方
根毛
混一
混声
左岸
左近
左証
左府
左辺
差合
差紙
差歯
差水
差前
差足
差分
差毛
差料
砂絵
砂岩
砂金
砂原
砂子
砂上
砂場
砂船
砂鉄
座右
座興
座金
座元
座高
座骨
座作
座職
座中
座方
座薬
座浴
再往
再応
再犯
最愛
最強
妻戸
妻室
妻女
妻板
才幹
才芸
才取
才蔵
才徳
才筆
才物
才略
才力
才六
採草
採否
採卵
災難
祭事
祭主
祭神
祭日
祭服
祭文
細引
細雨
細作
細事
細字
細雪
細道
細波
細筆
細民
細面
細目
細流
菜館
菜種
裁板
裁物
際物
在院
在郷
在高
在所
在方
在野
材木
罪悪
罪科
罪業
罪障
罪状
罪人
罪責
罪名
財形
財経
財物
財宝
財用
財欲
財力
坂道
作間
作条
作男
作土
作法
作例
昨報
桜貝
桜紙
桜色
桜湯
桜飯
冊数
刷物
刷本
札差
札止
札所
札束
札付
殺意
殺虫
雑益
雑貨
雑学
雑株
雑感
雑観
雑技
雑曲
雑劇
雑件
雑犬
雑考
雑穀
雑作
雑事
雑種
雑書
雑人
雑税
雑然
雑題
雑念
雑俳
雑費
雑筆
雑品
雑文
雑兵
雑報
雑務
雑役
雑録
雑話
山雨
山気
山犬
山国
山骨
山菜
山坂
山桜
山詞
山寺
山女
山人
山水
山相
山鳥
山刀
山畑
山番
山風
山並
山立
散楽
散銭
散票
散文
産衣
産額
産気
産金
産室
産着
産直
産土
産湯
産毛
算式
蚕室
蚕豆
賛意
酸度
酸鼻
酸模
酸葉
残火
残花
残額
残金
残欠
残月
残暑
残照
残生
残像
残敵
残党
残任
残飯
残品
残物
残片
残務
残夢
残夜
残余
仕業
仕向
仕種
仕草
使番
史実
史伝
史筆
史脈
士族
始発
始筆
姉達
姿見
子安
子株
子持
子鹿
子種
子日
子宝
子方
市松
師号
師走
師伝
師父
指圧
指先
指値
指分
支族
支脈
支流
枝折
枝族
枝炭
枝豆
枝道
枝肉
止金
死花
死活
死金
死際
死時
死処
死所
死身
死水
死毒
死病
死物
死脈
死目
氏子
氏神
氏族
私益
私物
私欲
糸巻
糸桜
糸車
糸織
糸操
糸竹
糸底
糸目
紙花
紙巻
紙切
至芸
至徳
視座
詞書
詩編
試筆
試補
飼鳥
飼葉
歯根
歯肉
歯並
事物
事変
事訳
字引
字音
字画
字訓
字数
字母
寺格
寺号
寺子
寺銭
寺男
寺領
持株
持経
持場
持番
持病
持仏
持物
持薬
時雨
時局
時空
時数
時服
時様
次号
次数
次段
滋養
治効
治績
治乱
治略
磁極
磁石
磁土
磁力
耳金
耳順
耳輪
自今
自若
自尊
自注
自費
自腹
自門
自余
自流
鹿子
式台
式日
式能
式服
式法
式目
識見
識語
失意
失語
失政
失体
失態
失地
失投
失費
室温
質屋
質感
質券
質札
質種
質草
質店
質点
質物
実悪
実意
実印
実員
実害
実学
実株
実機
実記
実字
実収
実数
実寸
実正
実説
実線
実像
実竹
実否
実費
実包
実方
実妹
実歴
実録
舎兄
舎人
舎弟
舎費
写絵
写本
射干
射術
射程
射的
捨子
捨身
捨石
捨値
捨売
社運
社格
社則
社日
社費
社風
社務
社友
社歴
者共
謝意
謝金
車引
車座
車速
車代
車馬
車夫
車力
借間
借景
借主
借受
借銭
借宅
借地
借着
借物
借料
尺寸
尺地
尺八
若君
若人
若水
若竹
若党
若湯
若布
若様
若緑
弱行
弱国
弱酸
弱卒
弱竹
弱虫
弱敵
主恩
主音
主格
主客
主教
主筋
主君
主語
主査
主従
主上
主情
主著
主点
主部
主脈
主務
主命
主面
取灰
取口
取高
取札
取前
取的
取分
取粉
取立
守衛
守株
守宮
守札
守神
守刀
守秘
守兵
守役
手下
手械
手旗
手許
手業
手玉
手筋
手金
手合
手刷
手札
手事
手持
手車
手序
手傷
手植
手職
手心
手水
手勢
手性
手洗
手創
手相
手代
手長
手刀
手箱
手鼻
手風
手兵
手並
種牛
種紙
種族
種馬
種板
種皮
種物
種本
種油
種卵
酒塩
酒気
酒客
酒興
酒倉
酒蔵
酒肉
酒保
首筋
首座
首罪
首班
首輪
受益
受口
受皿
受章
受身
受動
受認
授産
樹液
樹海
樹幹
樹皮
樹氷
収差
収支
収税
宗家
宗族
宗風
宗務
宗門
宗論
州民
州立
修験
修士
修辞
修女
修法
修論
拾遺
拾屋
秋雨
秋月
秋高
秋作
秋色
秋晴
秋草
秋物
秋分
秋冷
終車
終章
終発
習字
習知
衆口
衆人
衆生
衆多
衆知
衆評
衆望
衆目
衆力
衆論
集題
住戸
従兄
従者
従前
従卒
従弟
従犯
従兵
従妹
縦形
縦隊
縦列
重圧
重囲
重恩
重科
重言
重罪
重手
重心
重臣
重水
重席
重責
重態
重土
重湯
重箱
重犯
重病
重弁
重役
宿悪
宿意
宿雨
宿運
宿屋
宿学
宿許
宿業
宿根
宿罪
宿所
宿場
宿世
宿銭
宿善
宿帳
宿賃
宿敵
宿徳
宿便
宿木
宿料
宿老
祝意
祝言
祝祭
祝酒
祝典
縮織
熟字
熟田
熟畑
出花
出格
出丸
出自
出初
出銭
出窓
出潮
出湯
出鼻
術計
術語
術策
術数
術中
述語
春画
春寒
春景
春作
春蚕
春情
春色
春雪
春暖
春着
春分
春本
春陽
準急
準則
準縄
純愛
純系
純血
純絹
純然
純忠
純分
純綿
純毛
純量
順逆
順風
順法
順流
順列
順路
処世
処務
初荷
初学
初空
初経
初午
初口
初号
初産
初姿
初耳
初秋
初春
初声
初切
初速
初伝
初湯
初発
初筆
初氷
初物
初夢
初夜
初役
所化
所外
所願
所業
所収
所書
所説
所存
所伝
所領
所論
暑熱
書屋
書画
書割
書机
書庫
書冊
書札
書式
書取
書証
書状
書判
書風
書目
書役
書林
諸王
諸兄
諸口
諸行
諸山
諸子
諸式
諸種
諸宗
諸色
諸声
諸税
諸相
諸多
諸白
諸費
諸物
諸味
諸矢
諸訳
助祭
助炭
女院
女官
女気
女給
女系
女権
女工
女持
女色
女人
女竹
女敵
女童
女波
女犯
女腹
序歌
序曲
序章
序説
序品
序幕
序論
除数
除法
除幕
傷寒
傷物
勝運
勝星
勝味
商運
商館
商才
商標
商略
唱名
将官
将卒
小寒
小官
小業
小結
小言
小国
小作
小策
小皿
小字
小耳
小首
小書
小女
小職
小水
小勢
小前
小善
小隊
小昼
小潮
小弟
小敵
小刀
小頭
小童
小脳
小波
小梅
小半
小鼻
小付
小布
小兵
小満
小名
小面
小力
小話
少敵
承前
松虫
松風
松明
消口
消炭
焼印
焼塩
焼絵
焼魚
焼玉
焼金
焼山
焼場
焼石
焼鳥
焼討
焼売
焼畑
焼飯
焼物
照尺
照焼
照度
省力
章句
章程
笑劇
証票
証文
証本
象虫
上絵
上客
上玉
上古
上戸
上根
上作
上策
上枝
上紙
上前
上側
上値
上潮
上長
上底
上天
上背
上板
上番
上皮
上表
上物
上聞
上目
上薬
上様
上略
乗具
乗合
乗手
乗場
乗打
城主
城門
場景
場席
場銭
場代
場末
常夏
常客
常習
常宿
常春
常人
常世
常節
常打
常道
常民
常命
常緑
情景
情合
情実
情調
情動
情念
情欲
条目
状差
状箱
蒸焼
蒸物
植生
織元
織女
織目
職位
職域
職階
職権
職工
職制
職長
職能
職分
職方
職務
職名
職歴
職労
色悪
色絵
色覚
色感
色香
色事
色女
色神
色素
色相
色男
色道
色物
色目
色欲
色里
食塩
食客
食指
食通
食肉
食分
信者
信女
心音
心眼
心願
心血
心月
心根
心妻
心材
心室
心祝
心術
心付
心夫
心腹
新案
新院
新株
新顔
新月
新語
新身
新茶
新着
新店
新湯
新道
新派
新仏
新兵
新編
新味
新来
新令
深間
深手
深酒
深緑
申楽
申文
真因
真横
真言
真向
真水
真前
真竹
真土
真否
真皮
真筆
真綿
真裏
神域
神格
神器
神業
神君
神式
神主
神職
神色
神水
神通
神典
神徳
神文
神変
神領
臣民
親衛
親株
親玉
親骨
親心
親節
親船
親潮
親鳥
親展
親日
親筆
親木
身空
身形
身状
身性
身銭
身柱
進運
進物
針山
針子
針術
針箱
針目
針路
人海
人橋
人穴
人皇
人才
人災
人山
人士
人証
人声
人相
人柱
人頭
人波
人馬
人買
人品
人夫
人脈
人面
仁愛
仁王
仁義
仁者
仁術
図引
図会
図絵
図学
図工
図体
図法
図様
図録
垂幕
垂木
水圧
水引
水雲
水音
水絵
水害
水割
水干
水魚
水郷
水鏡
水玉
水銀
水計
水芸
水月
水根
水差
水菜
水際
水仕
水子
水神
水盛
水船
水足
水損
水団
水柱
水鳥
水底
水天
水肥
水筆
水夫
水腹
水物
水母
水防
水密
水脈
水木
水薬
水油
水陸
水冷
水練
水論
数個
数行
数刻
数詞
数式
数物
寸劇
寸言
寸刻
寸志
寸時
寸借
寸尺
寸書
寸心
寸鉄
寸土
寸秒
寸話
世才
世上
世情
世心
世人
世尊
世道
世評
制札
勢車
性悪
性合
性病
成員
成因
成句
成虫
政所
政断
政略
政論
整骨
整数
整脈
星眼
星合
星祭
星宿
星図
星団
星夜
晴雨
晴姿
正員
正株
正訓
正号
正真
正数
正接
正中
正否
正風
正編
正夢
正目
清栄
清音
清酒
清談
清白
清覧
清流
生業
生血
生紙
生酒
生首
生傷
生節
生乳
生皮
生面
生木
生薬
生類
盛栄
盛花
盛挙
盛業
盛砂
盛者
盛場
盛土
盛物
精液
精根
精虫
精肉
精麦
精兵
聖恩
聖業
聖衆
聖女
聖断
聖目
聖夜
聖油
声域
声音
声聞
声望
製茶
西域
誠忠
青貝
青玉
青筋
青菜
青色
青草
青地
青竹
青虫
青馬
青票
青物
青毛
静心
静脈
静夜
税源
税収
税目
席画
席次
席順
席入
席末
席料
昔日
昔年
石印
石英
石火
石弓
石工
石高
石刻
石持
石女
石組
石造
石段
石竹
石庭
石板
石版
石筆
石綿
積悪
積雲
積荷
積肥
積木
責苦
責務
赤金
赤熊
赤札
赤紙
赤手
赤心
赤誠
赤潮
赤土
赤道
赤銅
赤飯
赤鼻
赤貧
赤腹
赤本
赤目
赤門
切火
切株
切干
切岸
切口
切妻
切子
切紙
切首
切所
切傷
切身
切水
切石
切先
切窓
切炭
切地
切張
切能
切売
切畑
切米
切片
切目
接眼
接辞
接台
接木
折角
折戸
折山
折助
折節
折線
折箱
折本
折目
設題
節義
節穴
節糸
節織
節婦
節分
節用
節理
雪害
雪空
雪見
雪原
雪山
雪女
雪消
雪男
雪白
雪氷
雪腹
雪片
雪路
絶域
絶海
絶間
絶技
絶境
絶景
絶後
絶勝
絶唱
絶世
絶島
絶品
舌根
舌先
舌戦
舌代
舌頭
先王
先覚
先学
先君
先限
先口
先皇
先山
先天
先箱
先非
先夫
先負
先兵
先便
先棒
先約
先様
先例
宣命
専業
専売
川音
川筋
川砂
川船
川竹
川底
川面
戦域
戦雲
戦局
戦費
戦備
戦役
戦友
戦乱
戦歴
浅黄
浅海
浅手
浅春
浅傷
洗足
洗粉
洗米
染粉
線表
船荷
船客
船級
船具
船軍
船室
船主
船守
船宿
船人
船倉
船蔵
船側
船足
船団
船着
船虫
船賃
船底
船内
船板
船標
船便
船方
船用
船路
選外
選民
銭形
前衛
前科
前芸
前言
前古
前祝
前書
前場
前条
前垂
前奏
前足
前段
前非
前便
前門
前略
善悪
善意
善果
善言
善根
善所
善女
善男
善本
全音
全科
全課
全角
全期
全区
全戸
全書
全数
全段
全波
全判
全便
祖業
祖宗
祖神
祖先
素引
素魚
素絹
素見
素手
素首
素数
素性
素生
素足
素面
素養
素話
組下
組歌
組糸
組重
組打
組討
組頭
組物
倉荷
倉卒
層雲
想念
操守
操短
操典
早業
早口
早耳
早出
早昼
早天
早縄
早年
早馬
早便
早老
巣引
争議
争点
争乱
相恩
相客
相銀
相国
相識
相宿
相席
相判
相聞
相棒
相役
相輪
窓側
総員
総画
総角
総高
総則
総点
総門
総有
総領
草屋
草画
草月
草原
草根
草市
草色
草卒
草笛
草堂
草肥
草分
草本
装画
装具
送辞
送状
送料
像法
増炭
臓物
蔵人
蔵置
蔵店
蔵米
造次
造庭
側圧
側妻
側室
側節
側線
側帯
側板
側部
側目
側役
息女
束帯
束論
測深
測線
足技
足業
足形
足軽
足芸
足代
足湯
足熱
足労
速算
速達
速筆
速力
属官
属国
属人
属性
属地
属島
属領
族制
族長
続物
卒然
存意
存生
存念
存亡
尊家
尊簡
尊顔
尊公
尊皇
尊号
尊師
尊者
尊書
尊前
尊像
尊堂
尊父
尊名
尊命
尊容
尊来
尊覧
損気
損所
損得
損亡
損料
村雨
村営
村勢
村政
村童
村方
村落
村里
他郷
他殺
他事
他宗
他心
他動
他物
他門
他律
他流
他力
多雨
多義
多血
多元
多妻
多罪
多勢
多段
多倍
多売
多聞
多毛
多欲
太絹
太字
太守
太織
太線
太夫
太物
打首
打傷
打豆
打物
打粉
打歩
打棒
打綿
体液
体温
体技
体言
体積
体側
対屋
対句
対語
対敵
対流
帯革
帯金
帯紙
帯祝
帯側
帯地
帯皮
帯留
待針
待人
待肥
貸元
貸主
貸席
貸賃
貸店
貸本
退路
隊列
代案
代印
代走
代品
代脈
代務
台形
台詞
台場
大円
大願
大技
大義
大逆
大弓
大協
大業
大君
大穴
大戸
大冊
大鹿
大序
大乗
大身
大足
大著
大通
大敵
大徳
大難
大任
大波
大悲
大福
大望
大枚
大役
大勇
大欲
大礼
題言
宅造
達引
達見
達識
達文
達弁
単音
単元
単座
単式
単車
単色
単数
単線
単体
単発
単複
単物
単文
単弁
単葉
単利
単流
担税
探湯
炭火
炭庫
炭山
炭質
炭車
炭取
炭焼
炭層
炭団
炭田
炭肺
短音
短見
短才
短資
短所
短章
短信
短針
短評
短文
短夜
団交
断案
断雲
断簡
断橋
断金
断章
断熱
断編
暖衣
暖国
暖色
暖流
段位
段収
段数
段通
段鼻
段物
段平
段別
段歩
段幕
男気
男系
男工
男持
男手
男衆
男心
男帯
男波
男腹
談林
値札
値打
知育
知音
知行
知者
知将
知徳
知勇
知友
知略
知力
地引
地雨
地温
地歌
地顔
地境
地金
地口
地紙
地所
地象
地織
地色
地積
地虫
地底
地頭
地熱
地番
地物
地文
地米
地変
地歩
地目
地役
地卵
池心
置引
置屋
置字
置土
置物
築山
築庭
竹工
竹紙
竹馬
竹輪
茶園
茶器
茶気
茶事
茶所
茶人
茶席
茶庭
茶店
茶入
茶飯
茶腹
茶味
茶話
着駅
着発
着類
中温
中音
中休
中許
中業
中筋
中空
中限
中口
中黒
中子
中指
中手
中食
中折
中層
中卒
中置
中潮
中庭
中天
中点
中肉
中農
中背
中表
中腹
中編
中幕
中綿
中有
中老
仲合
仲秋
仲春
忠君
忠節
忠勇
昼顔
昼飯
昼夜
虫干
虫気
虫酸
虫腹
虫薬
著聞
貯炭
丁場
丁数
丁半
丁付
帳元
帳合
帳場
帳票
帳付
張子
張手
張店
張板
張物
張力
朝恩
朝顔
朝酒
朝敵
朝湯
朝飯
潮間
潮気
潮境
潮合
潮時
潮受
潮頭
潮入
潮目
潮路
町医
町筋
町場
町歩
町方
腸満
調音
調革
調車
調帯
調度
調歩
長円
長音
長歌
長久
長月
長座
長者
長手
長足
長虫
長潮
長刀
長湯
長道
長文
長編
頂門
鳥人
鳥追
鳥目
直音
直会
直宮
直参
直心
直垂
直積
直腸
直弟
直伝
直門
直列
直路
賃銭
追号
追福
追腹
追分
痛覚
痛苦
痛事
痛点
痛風
痛棒
通言
通史
通性
通説
通則
通箱
通番
通風
通弁
通有
通力
通例
通論
低圧
低質
低速
低木
停刊
定圧
定収
定宿
定則
定点
定命
定訳
定理
定論
底意
底魚
底土
底豆
底面
底流
庭訓
庭口
庭樹
庭石
庭先
庭前
庭草
庭梅
提重
提灯
程合
敵意
敵営
敵手
敵情
敵勢
敵討
敵背
敵本
敵役
的屋
笛竹
適温
適期
適業
適言
適才
適作
適者
適職
適評
適役
適薬
適訳
鉄管
鉄器
鉄橋
鉄血
鉄材
鉄条
鉄色
鉄心
鉄石
鉄泉
鉄線
鉄筆
鉄分
鉄片
鉄輪
典故
典座
典章
典薬
典例
天意
天運
天恩
天火
天界
天眼
天顔
天球
天金
天候
天骨
天産
天蚕
天子
天資
天質
天授
天助
天女
天象
天職
天人
天水
天窓
天測
天孫
天敵
天日
天馬
天物
天分
天辺
天幕
天目
天来
天領
店屋
店子
店賃
転義
転結
転石
転注
点画
点線
点茶
点薬
伝書
伝助
伝単
田楽
田作
田植
田虫
田遊
電圧
電位
電界
電球
電極
電材
電算
電場
電柱
電熱
電脳
電文
電報
電略
電路
徒花
徒口
徒桜
徒死
徒事
徒者
徒手
徒情
徒食
徒足
徒弟
徒党
徒名
都鳥
都電
土間
土気
土語
土工
土焼
土色
土人
土星
土製
土蔵
土民
土留
党務
冬営
冬芽
冬空
冬型
冬作
冬場
冬草
冬着
冬日
冬木
島山
島守
島台
投首
投節
投銭
投売
投物
投力
東雲
東屋
東歌
東口
東国
東男
東天
東風
東遊
東路
湯花
湯巻
湯元
湯女
湯水
湯銭
湯茶
湯葉
湯量
灯火
灯明
当家
当館
当限
当字
当住
当身
当店
当腹
当落
当流
当路
等位
等温
等式
等辺
等量
糖衣
統語
豆幹
豆銀
豆蔵
豆炭
豆乳
豆板
豆本
豆類
頭割
頭株
頭骨
頭字
頭重
頭注
頭頂
頭領
動乱
動輪
動労
同君
同罪
同質
同職
同色
同人
同素
同筆
同腹
同母
同門
同友
同類
同列
堂宇
堂守
童歌
童画
童顔
童部
道火
道術
道人
道草
道断
道標
道服
道民
銅山
得業
得体
得物
得分
徳育
徳操
徳望
徳目
徳利
特価
特急
特級
特金
特車
特種
特賞
特電
特等
特務
特命
特立
毒液
毒気
毒魚
毒見
毒手
毒水
毒舌
毒草
毒虫
毒筆
毒婦
毒物
毒味
毒矢
独往
独眼
独言
独歩
独話
読会
読手
読人
読物
読本
奈落
内圧
内意
内因
内界
内規
内記
内議
内宮
内金
内高
内妻
内室
内所
内積
内層
内争
内装
内臓
内属
内孫
内題
内庭
内典
内湯
内燃
内皮
内乱
縄張
縄付
縄目
南画
南岸
南限
南倉
難境
難句
難訓
難件
難読
難物
難文
難役
肉界
肉眼
肉牛
肉交
肉質
肉情
肉色
肉声
肉池
肉入
肉筆
肉粉
肉片
肉欲
肉類
日永
日干
日給
日限
日射
日収
日除
日切
日銭
日待
日動
日並
日歩
日暮
日輪
乳液
乳価
乳牛
乳業
乳酸
乳質
乳糖
乳頭
乳棒
入海
入子
入神
入声
入船
入潮
入道
入内
入費
入夫
入物
入目
入訳
任国
任務
認印
認罪
認否
熱球
熱型
熱血
熱源
熱砂
熱傷
熱情
熱性
熱誠
熱度
熱風
熱量
熱論
年央
年額
年子
年弱
年取
年表
年報
年利
年輪
燃費
燃油
納屋
納期
納戸
納所
能才
能事
能動
能否
能筆
能文
脳天
脳波
脳病
農園
農期
農芸
農事
農舎
農兵
農法
波風
波面
波乱
波路
破屋
破子
破談
破竹
破風
破片
馬印
馬屋
馬具
馬市
馬車
馬主
馬手
馬草
馬丁
馬追
馬頭
馬肉
馬飛
馬標
馬方
馬面
馬料
馬力
馬連
俳画
俳号
俳書
俳人
俳聖
俳談
俳風
俳味
俳論
拝具
拝復
敗軍
敗残
敗勢
敗報
背教
背信
背節
背徳
背部
肺魚
肺臓
肺病
肺門
肺葉
配所
配役
倍音
倍角
倍額
倍数
倍大
梅酒
梅毒
梅林
買値
買弁
買薬
売口
売国
売子
売主
売手
売女
売笑
売色
売人
売声
売品
売文
売名
売薬
売立
博愛
博引
博打
博聞
博論
白衣
白羽
白雨
白雲
白眼
白玉
白金
白銀
白熊
白骨
白根
白糸
白歯
白磁
白酒
白首
白身
白線
白太
白炭
白茶
白張
白湯
白銅
白波
白梅
白粉
白兵
白面
白目
白話
麦雨
麦角
麦作
麦秋
麦茶
麦笛
麦湯
麦畑
麦飯
箱師
箱書
箱船
箱庭
畑作
発意
発禁
発句
発頭
発破
発話
判子
判取
半円
半音
半解
半開
半玉
半金
半裁
半作
半紙
半切
半銭
半天
半白
半文
半平
半片
半輪
反橋
反軍
反語
反骨
反収
反照
反身
反切
反物
反米
反別
反歩
反立
反例
板屋
板間
板材
板子
板紙
板場
板張
板本
板木
版下
版式
版本
版木
飯場
飯店
飯米
晩学
晩期
晩景
晩熟
晩食
番屋
番所
番卒
番茶
番長
番頭
番兵
否運
否応
悲運
悲境
悲劇
悲母
悲報
悲鳴
比熱
比論
皮具
皮帯
秘技
秘境
秘教
秘曲
秘計
秘術
秘説
秘中
秘伝
秘仏
秘文
秘宝
秘方
秘法
秘本
秘薬
肥育
非運
非職
非勢
非番
非望
非命
非役
非理
飛魚
飛型
飛札
飛車
飛信
飛石
飛泉
飛台
飛電
飛箱
飛板
飛報
備考
備品
備忘
美育
美音
美挙
美形
美景
美事
美辞
美神
美身
美談
美点
美田
美童
美文
鼻音
鼻筋
鼻紙
鼻水
鼻声
鼻祖
鼻柱
鼻面
鼻毛
鼻木
鼻薬
必殺
必修
必勝
必然
筆意
筆画
筆耕
筆紙
筆順
筆勢
筆生
筆舌
筆先
筆戦
筆洗
筆太
筆箱
筆法
筆名
筆力
標号
標識
標題
標柱
標注
標灯
標縄
標目
氷雨
氷海
氷魚
氷室
氷水
氷雪
氷炭
氷柱
氷野
表具
表芸
表口
表構
表高
表号
表地
表徳
表皮
表編
表方
表門
評注
病家
病犬
病根
病身
病垂
病勢
病体
病態
病毒
病変
病葉
病理
病歴
秒針
品玉
品行
品等
貧寒
貧苦
貧鉱
貧者
貧土
貧道
貧農
不一
不感
不休
不急
不具
不言
不善
不念
不買
不犯
不文
不例
不労
不老
付火
付句
付根
付焼
付図
付値
付文
付目
夫君
夫子
婦女
婦徳
富国
富札
富者
富力
布引
布子
布目
布令
府営
父君
父上
父方
父様
父老
負数
負目
武運
武功
武神
武臣
武断
武徳
武備
武辺
武弁
武名
武勇
武略
部材
部室
部首
部署
部族
部費
部民
部面
部立
風圧
風位
風花
風害
風眼
風気
風紀
風教
風月
風見
風光
風向
風骨
風災
風姿
風樹
風習
風色
風勢
風声
風前
風窓
風草
風足
風体
風波
風評
風防
風流
風力
副手
副食
副題
副文
副本
副木
復文
福引
福運
福耳
福助
福茶
福豆
福分
腹案
腹巻
腹芸
腹水
腹切
腹蔵
腹帯
腹中
腹背
複音
複眼
複式
複素
複文
複方
複本
複葉
複利
複流
仏恩
仏家
仏画
仏界
仏閣
仏学
仏間
仏具
仏工
仏座
仏事
仏寺
仏者
仏書
仏性
仏説
仏前
仏祖
仏典
仏土
仏堂
仏道
仏法
仏門
仏力
物音
物我
物界
物見
物持
物証
物象
物税
物置
物日
物欲
物量
物論
分限
分校
分際
分室
分身
分針
分数
分隊
分団
分段
分銅
分秒
分母
分脈
分量
分力
奮然
粉屋
粉炭
粉乳
粉本
粉薬
文案
文意
文運
文机
文金
文月
文才
文事
文治
文辞
文色
文身
文勢
文節
文段
文中
文鳥
文典
文展
文頭
文箱
文略
文例
聞香
聞事
聞酒
聞所
聞書
聞達
聞物
聞役
兵営
兵革
兵学
兵権
兵事
兵種
兵書
兵船
兵卒
兵団
兵長
兵馬
兵備
兵務
兵役
兵乱
兵略
平家
平曲
平絹
平語
平作
平皿
平時
平射
平手
平首
平準
平城
平場
平織
平信
平身
平水
平声
平打
平体
平底
平熱
平麦
平版
平服
平文
平米
平幕
平脈
平民
平面
並製
並足
並存
閉式
閉庁
閉路
米塩
米語
米材
米所
米銭
米飯
別院
別格
別間
別件
別後
別口
別冊
別刷
別使
別紙
別辞
別室
別種
別条
別状
別宅
別段
別伝
別電
別当
別派
別品
別物
別便
別報
別法
変種
変人
変数
変体
変物
変乱
変量
片雲
片言
片口
片糸
片食
片親
片身
片前
片息
片足
片町
片辺
片棒
編戸
編首
編章
編針
編組
編隊
編棒
編木
編目
辺境
返札
返点
返電
返討
便意
便衣
便通
便服
便法
便覧
弁口
弁才
弁士
弁舌
弁務
保革
保身
保水
保税
保父
保冷
歩数
歩卒
歩武
歩兵
補遺
補角
補元
補色
補数
補題
補肥
墓域
墓穴
墓守
墓所
暮雲
暮春
暮色
暮雪
母屋
母音
母型
母系
母権
母語
母式
母上
母線
母船
母堂
母物
包金
包皮
包有
報恩
報徳
報命
宝算
宝船
宝前
宝典
放線
放列
方円
方術
方処
方図
方寸
方様
方略
法域
法印
法益
法楽
法橋
法語
法号
法治
法主
法線
法体
法典
法認
法名
法門
法力
法輪
法令
法例
法話
訪客
豊丸
豊漁
豊水
豊年
亡君
亡兄
亡国
亡妻
亡弟
亡父
亡羊
忘恩
忘我
忘年
暴雨
暴漢
暴挙
暴君
暴状
暴政
暴徒
暴動
暴風
暴民
暴勇
暴利
暴論
望郷
棒引
棒術
棒先
棒組
棒頭
防共
防具
防空
防砂
防暑
防除
防食
防人
防雪
防虫
防毒
防熱
防風
北画
北限
北辺
牧歌
牧牛
牧舎
牧者
牧人
牧笛
牧童
牧夫
牧民
牧羊
本案
本科
本歌
本丸
本願
本紀
本源
本妻
本裁
本字
本寺
本身
本節
本然
本草
本則
本属
本宅
本堂
本末
本務
本論
妹背
幕営
幕屋
幕臣
幕政
幕命
末学
末巻
末技
末座
末子
末寺
末社
末書
末世
末節
末孫
末筆
末文
末法
末木
末流
満会
満額
満株
満干
満願
満期
満月
満座
満作
満山
満室
満車
満潮
満堂
満票
味覚
未見
未済
未生
未設
未草
未配
未必
密雲
密画
密教
密計
密使
密宗
密書
密命
密林
脈所
民意
民営
民活
民宿
民情
民心
民選
民草
民度
民望
民有
民力
夢現
夢路
無印
無下
無我
無欠
無血
無月
無雑
無産
無主
無手
無住
無宿
無水
無勢
無想
無代
無題
無地
無賃
無痛
無電
無二
無熱
無風
無文
無辺
無明
名案
名家
名花
名句
名君
名月
名犬
名言
名工
名香
名号
名札
名山
名主
名城
名親
名数
名節
名代
名題
名店
名馬
名筆
名付
名望
名木
名訳
名利
名流
名論
命運
命数
命日
命婦
命脈
命毛
明暗
明王
明鏡
明君
明春
明色
明神
明太
明達
明朝
明笛
明徳
明夜
盟休
盟約
迷宮
迷夢
迷路
鳴神
綿雲
綿花
綿弓
綿雪
綿布
綿服
綿毛
綿油
綿羊
面差
面子
面持
面識
面前
面長
面皮
面部
面容
毛管
毛筋
毛穴
毛蚕
毛織
毛皮
毛並
毛裏
木灰
木管
木簡
木魚
木筋
木型
木骨
木質
木石
木炭
木刀
木皮
木表
木仏
木片
木末
木目
木裏
木立
目角
目顔
目許
目元
目次
目色
目性
目星
目代
目張
目鼻
目薬
門衛
門火
門限
門口
門札
門歯
門主
門人
門生
門地
門柱
門弟
門灯
門派
門標
門付
門流
夜会
夜学
夜寒
夜顔
夜宮
夜業
夜具
夜軍
夜景
夜警
夜戦
夜船
夜昼
夜直
夜店
夜道
夜番
野茨
野牛
野犬
野山
野蚕
野乗
野人
野戦
野点
野道
野望
野面
野立
矢印
矢玉
矢車
矢種
矢場
矢声
矢束
矢庭
矢文
矢面
矢来
役牛
役宅
役付
約音
約数
薬液
薬園
薬害
薬玉
薬研
薬効
薬指
薬種
薬酒
薬石
薬草
薬店
薬毒
薬礼
訳語
訳合
油圧
油屋
油気
油差
油菜
油紙
油状
油然
油層
油送
油単
油虫
油土
油分
優形
優姿
優女
優男
勇往
勇者
勇足
勇武
友引
友軍
有界
有形
有高
有産
有心
有徳
有配
有夫
有様
遊園
遊技
遊客
遊漁
遊金
遊具
遊君
遊軍
遊芸
遊山
遊女
遊民
郵書
郵貯
郵務
夕映
夕空
夕景
夕刻
夕晴
夕潮
夕波
夕立
予後
予行
予兆
余栄
余寒
余興
余光
余香
余財
余情
余色
余勢
余談
余得
余徳
余毒
余熱
余病
余聞
余命
余力
余類
預血
預入
幼顔
幼魚
幼君
幼者
幼女
幼心
幼童
幼名
容顔
容共
容色
容積
容態
様態
洋灰
洋学
洋銀
洋才
洋算
洋室
洋刀
洋本
洋梨
用金
用言
用次
用足
用達
用筆
用便
用務
用命
用木
用例
羊腸
羊頭
羊毛
葉音
葉巻
葉月
葉桜
葉酸
葉虫
葉風
葉末
葉脈
要害
要職
要図
要点
要務
要目
要用
要覧
要理
要路
陽解
陽刻
陽春
陽動
養魚
養女
養親
養分
養母
欲界
欲気
欲心
欲得
欲目
浴後
翌週
翌晩
来意
来期
来季
来光
来示
来書
来状
来信
来電
来復
来由
来臨
来歴
落果
落花
落魚
落語
落口
落差
落首
落人
落体
落丁
落潮
落度
落陽
乱雲
乱逆
乱軍
乱行
乱酒
乱臣
乱数
乱世
乱戦
乱丁
乱筆
乱文
卵黄
卵色
卵生
利運
利酒
利所
利生
利他
利達
利敵
利目
利欲
梨園
梨地
理外
理財
理知
理路
裏芸
裏作
裏尺
裏手
裏声
裏窓
裏庭
裏店
裏道
裏白
裏表
裏編
裏方
裏門
裏話
里心
里人
里程
陸戦
陸続
陸田
陸湯
陸風
律語
律令
率然
立引
立居
立業
立憲
立姿
立射
立秋
立春
立板
立番
立米
立毛
立礼
略語
略号
略字
略章
略図
略体
略伝
略表
略服
流感
流言
流砂
流罪
流者
流水
流造
流速
流体
流氷
流物
流亡
流民
流木
流矢
流量
留金
留山
留針
留鳥
留湯
留別
旅衣
旅銀
旅宿
旅所
旅情
旅心
旅装
旅程
旅物
旅路
両義
両君
両個
両三
両舌
両前
両足
両損
両朝
両町
両刀
両統
両頭
両得
両年
両派
両夫
両部
両辺
両輪
料足
良案
良貨
良計
良妻
良材
良策
良識
良種
良人
良能
良否
良風
良民
良友
量水
領主
領水
領民
領野
力業
力持
力車
力水
力足
緑眼
緑玉
緑酒
緑樹
緑青
緑茶
緑土
緑肥
緑便
緑門
緑野
緑林
林学
林業
林泉
林相
臨界
臨機
臨休
臨月
臨港
臨死
臨終
臨戦
臨地
臨池
臨調
臨本
輪形
輪状
輪中
輪番
輪留
類歌
類火
類句
類型
類語
類題
類本
類例
令兄
令姉
令室
令色
令息
令孫
令弟
令聞
令妹
令名
例規
例月
例言
例刻
例祭
例式
例題
例文
例話
冷暗
冷雨
冷温
冷眼
冷機
冷気
冷酒
冷性
冷然
冷肉
冷熱
冷麦
礼楽
礼式
礼者
礼節
礼装
礼典
礼電
礼服
礼物
礼法
歴象
歴数
歴世
歴戦
歴然
歴朝
歴程
歴年
列火
列座
列世
列聖
列代
列伝
練絹
練糸
練炭
練鉄
練武
練物
練兵
連曲
連句
連言
連語
連山
連枝
連声
連体
連投
連年
連綿
連木
路銀
路側
路頭
路標
路辺
路用
労金
労銀
労苦
労賃
労農
労務
労役
朗色
朗話
老兄
老健
老骨
老残
老樹
老女
老体
老台
老中
老農
老病
老兵
老優
老幼
論客
論語
論功
論策
論賛
論蔵
論題
和学
和議
和牛
和金
和訓
和敬
和語
和裁
和字
和式
和習
和書
和上
和人
和声
和製
和談
和銅
和布
和物
和本
和名
和毛
話芸
話者
話術
話頭
話法
黒糖
足長
男松
外連
現生
古銀
細魚
針魚
外方
立待
血切
縮毛
告口
能平
果状
散炭
折板
解物
回者
持合
保合
物売
焼酒
我校
忘草
笑物
破目
青粉
水綿
雨魚
音呼
旗魚
火魚
漢竹
川骨
垂桜
科木
球菜
刀豆
肉豆
庭常
半割
火焼
路導
眼張
女松
悪方
悪対
黄牛
安目
星目
雨落
延板
圧麦
岡焼
家探
家付
火入
花合
花立
荷引
画引
芽接
解方
海鳴
絵合
破物
割物
割書
寒明
丸焼
気休
気散
気受
気障
気組
木組
気病
季寄
客引
逆立
吸出
宮参
宮仕
牛追
居続
許状
共食
胸焼
胸積
鏡開
玉取
玉垂
玉無
筋交
銀流
句合
空店
空解
君付
血止
月参
絹張
見取
見切
見定
固練
子飼
後引
刻目
骨無
根無
根問
左巻
左寄
座付
菜葉
菜切
札入
山止
山留
山焼
指切
指折
枝打
死顔
糸取
糸入
紙入
飼犬
潮見
借数
積量
首材
衆罪
首部
取持
手探
種取
種付
酒盛
秋祭
習事
船歌
船形
宿割
宿元
祝金
初買
書手
小割
小当
焼打
焼穴
焼鉄
上張
上包
状景
定連
織糸
色消
色付
食気
心組
心入
深追
人通
寸切
生焼
声付
西向
席書
席貸
昔語
石作
切戸
節付
雪持
先付
船令
河底
河面
船戦
船積
船待
船印
船玉
銭型
早技
早船
総立
走井
送火
足付
足型
群雨
大守
打所
値動
地割
中落
中売
朝立
潮待
早晩
眼間
目交
外持
切字
礼参
礼回
留立
立付
裏切
利者
乱取
夕星
役向
夜鳴
夜泣
夜立
夜歩
夜働
門構
目明
目打
目切
面立
歩引
分引
歩板
編上
文使
腹当
風切
付木
付馬
品書
飛入
白練
買方
背割
馬乗
日読
読札
毒消
土寄
追銭
内方
福神
図形
象皮
黄熱
筋痛
敗血
外反
増多
眼精
前立
鳥肉
悪感
悪事
悪銭
悪名
暗中
異域
異材
異事
医方
印紙
因子
院試
塩酸
王師
屋台
音像
夏至
家財
家持
河船
火星
画会
画工
海事
絵所
階層
各戸
確固
割前
感官
観音
間着
眼路
基体
基底
希書
気体
季題
記法
貴所
貴書
貴女
貴台
貴報
疑心
義手
義人
客来
求法
球界
牛耳
供人
近古
近東
金管
銀子
句論
空言
軍歌
兄子
兄人
穴子
血合
見分
厳然
呼子
戸板
故旧
故山
故事
湖面
後家
後人
後図
光参
公人
公徳
公方
功徳
口書
口説
行書
行文
香味
高菜
高密
合従
合服
国元
国原
国策
国守
国手
国状
国造
国電
国保
国歩
佐幕
才知
作事
雑魚
山幸
仕手
仕打
仕付
司直
士風
士分
子音
師恩
指頭
指物
死人
死文
私営
私党
紙子
歯音
歯形
字幕
治者
示度
実事
実生
社司
社中
社用
若菜
主家
主我
手工
手飼
手負
修史
秋思
集落
初生
書生
書聖
書付
諸政
女医
女体
序列
商都
小佐
焼野
上乗
城代
情義
情味
情話
織地
新宅
身中
図面
水温
世故
勢子
政争
生糸
生得
盛徳
精巣
聖日
西国
西北
席題
石松
石粉
積水
赤身
雪間
専一
専科
川中
戦意
戦果
泉下
線画
船医
選科
前人
組立
草書
速球
尊王
他県
他見
他念
多重
体様
体用
態様
代価
台下
台子
大域
大船
大入
大要
達示
短波
段落
中宮
帳面
朝議
朝夕
長兄
長径
長講
長石
長波
長路
直近
直方
定式
定木
適材
適所
天外
天工
天道
天変
伝馬
田打
田夫
電光
湯屋
討入
頭打
同役
徳行
読点
肉芽
日商
日長
入方
年増
年波
能書
波形
俳句
俳話
背革
背子
背皮
梅干
秘事
非分
飛地
美果
美男
美名
不宣
不燃
父祖
武芸
武者
部類
仏果
物情
分社
文題
文武
兵家
兵科
兵火
暮秋
宝蔵
法界
法問
亡児
本義
本給
本絹
本道
本編
目盛
目地
目付
目路
野天
野路
矢立
約手
訳詞
訳詩
訳文
有余
余話
用役
陽画
陽極
落書
利己
利札
利水
理工
略画
両道
良夜
良薬
緑豆
類字
列後
連夜
連理
労政
老生
論集
波数
丸公
子鳥
石投
冬子
間取
気取
木取
局留
近付
金入
月決
見返
口止
向付
根分
仕出
人受
雪解
河竹
目障
秒読
納言
悪戦
異説
院政
羽子
永代
演歌
応力
岡三
家運
過労
我欲
快事
開山
外線
外地
間合
間服
喜色
機屋
季冬
客人
吸物
急戦
近習
金歯
金時
金賞
空位
敬語
劇界
見習
言責
高潮
高徳
国情
国費
才人
策士
参差
山妻
散史
産婦
蚕紙
仕切
仕置
使徒
死場
私版
視点
事始
時人
時節
自暴
実利
写場
射場
射利
主事
主持
主辞
手提
酒家
出歯
出船
初手
所見
所生
小勇
上水
心学
新法
神学
臣子
進士
人別
水明
世路
政務
正出
生絹
節気
節季
戦旗
戦機
前代
前頭
前輪
全備
祖語
造言
存疑
体長
帯域
大我
大脳
題画
地銀
茶道
中気
仲店
柱石
鳥屋
定石
定日
弟妹
典礼
天朝
天頂
電池
刀自
特高
特質
独活
縄手
難行
乳人
年功
白夜
版図
秘録
服装
福相
物上
変格
補注
方角
法官
本手
本代
本立
未聞
鳴物
面体
毛羽
夜色
野心
余白
用度
羊歯
律師
律詩
立志
留男
臨空
連尺
老成
留処
止処
文者
仕入
肉付
意地
異土
衣食
遺臣
遺徳
王城
火屋
貨物
画境
開祖
漁区
近信
近臣
苦肉
空手
検体
現数
戸車
語法
功力
行人
香典
国許
根付
座標
詩文
時運
時候
時好
自公
自治
実地
弱視
重石
出物
小米
城府
常識
情夫
情婦
神宝
盛代
聖代
席代
倉皇
層間
層状
操行
早生
総状
走者
孫子
体感
大官
団居
茶代
茶利
中州
潮先
定府
提要
土俵
等差
同上
同薬
特用
内地
年並
白下
評点
不戦
粉米
文革
報労
方体
本元
密議
薬学
有終
余事
落葉
力作
力投
輪差
老若
和様
戸建
洗張
円居
貧生
性骨
雨夜
運河
英名
円価
円貨
円転
歌合
歌体
荷作
外貨
学外
気性
記章
求心
興福
句読
空事
空電
君子
軍制
芸子
劇画
言動
誤差
公算
公電
口腹
校門
紅顔
行場
国書
視差
磁場
手妻
受書
就農
重工
出合
助人
除夜
小歌
小冊
小腹
信望
心土
心棒
新本
深度
進度
垂線
水線
正本
切羽
専門
創傷
総出
村役
多層
大典
張番
町議
通人
天堂
氷河
文責
平泳
辺土
迷子
迷児
木耳
門下
門外
野火
野次
野良
訳名
来者
来車
理非
令書
見送
組方
黄旗
下屋
可分
画室
各日
共修
血球
元高
原本
戸前
光子
公職
公役
皇国
国主
山守
市営
歯石
手織
出師
傷病
小春
上代
常会
心算
新木
神算
生身
聖徳
戦傷
奏法
相法
総統
造酒
他生
多照
体内
対地
貸方
大知
虫害
庁舎
長計
定食
鉄山
特効
南庭
買価
半球
物価
物性
文台
陛下
未決
名宝
明月
明知
明度
落日
陸海
良品
連装
用向
画質
学費
規約
貴兄
貴札
曲調
件名
護国
光圧
口数
蚕糸
事相
重器
所帯
小夜
真砂
政調
前史
全姿
相承
宅内
定規
底本
電導
東宮
内聞
病害
品数
不乱
付人
文人
辺地
方形
本学
本宮
目板
夜祭
薬師
裏山
立札
両全
料地
良知
連子
和船
仕上
裏返
意字
異字
遺児
医事
永久
仮性
家政
歌聖
河清
火勢
灰分
期初
教法
興国
軍使
軍師
見本
公国
向暑
好悪
高飛
国難
死語
射幸
助産
女形
上屋
場裏
情理
神授
聖人
選言
前額
多少
台木
地層
張本
停職
電工
電磁
日出
年収
半熟
板元
飛語
不評
付票
別席
郵税
用益
面付
楽隊
原文
皇宮
国選
山頂
始点
支点
社交
終曲
終極
書法
諸方
諸法
人出
水車
数多
成層
生国
赤口
足下
地階
鉄則
天草
内入
白旗
非人
風下
民生
無反
名園
立党
立冬
領事
老眼
遺産
沖積
家主
株式
玉虫
苦情
警部
警務
欠片
国学
国風
最善
山色
磁路
弱志
場数
真打
世知
積善
達意
潮干
低地
定値
同系
導火
特区
日夜
品物
放課
本営
明星
夜食
容子
洋館
勝軍
共学
経線
建前
治山
主用
手製
順境
心象
心身
神代
水貝
石器
戦記
全紙
大農
地産
置数
鉄骨
都政
得失
法談
本隊
訳注
両次
良書
胃散
胃酸
夏休
河馬
閣内
官選
干支
疑問
漁期
空包
原石
再戦
仕組
字句
次週
磁区
舎利
新報
造兵
低位
道着
馬陸
晩生
不義
法学
夢精
無業
無声
夜着
薬価
余技
欲情
領分
労資
老師
和洋
漢子
問者
主治
異都
右党
会下
閣外
護法
合性
細線
紙背
識者
謝状
住持
春秋
上席
場外
性情
相生
大全
大路
男前
通草
電鉄
党勢
豆油
道警
特産
乳香
拝金
白光
票数
物議
未着
木通
緑風
類同
意向
域外
海草
起点
給金
局内
金将
芸能
在処
始祖
試練
小手
人参
造本
測位
続飯
村会
村議
打荷
大宗
長短
島国
動脈
農学
背泳
秘史
未申
立役
良筆
火線
海産
各委
汽圧
逆徒
宮腹
曲事
苦力
経水
現時
合方
市費
治国
治産
車道
習性
小腸
小伝
招電
相方
総務
大夫
題号
中産
店長
難字
難治
日直
宝石
迷著
夕顔
海国
寒行
教区
郷社
銀座
後住
号車
根深
妻達
算木
死相
重層
勝算
商務
真面
神助
成文
精分
題意
単打
通語
徒労
同中
弁天
民政
訳業
両性
遺構
遺講
夏型
回春
海鳥
官印
官員
基点
機転
気転
貴店
義旗
義気
京師
強酸
銀貨
後金
手際
純理
城山
臓器
造機
待合
討手
農作
品格
品別
盟主
料紙
量子
課外
各課
技師
義勇
月見
月光
見様
国法
時宗
自宗
処暑
諸処
食紅
仁君
正則
前作
祖師
素志
中世
底値
点火
半眼
文目
名手
名乗
用量
陽報
宇高
画展
技手
業法
時勢
磁性
辞世
実理
所在
上世
上声
上製
状勢
人伝
全労
総身
大志
大死
銅板
農地
品性
物品
保健
法事
両生
神知
加里
郡部
検番
鉱山
罪過
財貨
仕立
事象
自照
書院
心気
神気
選者
大名
長身
党議
日食
日新
農大
非時
法王
模本
下位
下線
楽員
危難
居中
強電
戸口
後背
光背
向背
工務
降灰
高論
志操
詞宗
詩宗
詩想
詩草
受話
将領
小路
新古
水路
成魚
中入
天成
天声
展性
破鏡
立后
院生
外敵
角形
丸木
郷士
句法
山号
市子
小雨
聖職
西風
善後
打身
体調
台紙
大姉
題詞
題詩
中耳
中性
中程
長針
定律
党人
灯下
当課
同音
同番
入歯
非才
氷点
武将
変事
用法
来世
理性
緑児
残香
異観
営倉
演者
割当
官能
芸人
原質
皇女
国外
資質
時鳥
借方
宿志
勝景
小径
小町
象形
上家
心神
真意
身心
水先
生者
生色
精舎
製織
赤軍
先任
総局
大水
天王
田地
奈何
波高
法理
本文
名残
薬科
医用
衛兵
角地
旧交
旧版
才色
賛歌
私宅
詩語
似合
実際
車窓
神子
人家
全集
点者
当山
道歌
銅貨
武官
保母
暮雨
遊楽
小三
医薬
各所
岐路
月来
誤字
死出
社人
手先
州都
傷者
真金
親電
大師
丁子
天守
特技
内国
波線
破線
破船
反旗
福徳
歩合
望遠
立夏
火矢
回教
厳冬
語意
皇祖
鉱区
高祖
思想
身代
地場
同委
鳴戸
官紀
官記
教養
業報
原頭
産学
似顔
成語
太山
地相
点数
年別
波動
畑地
米食
包帯
本所
陸地
労協
国事
座員
在地
仕形
士卒
心持
成案
整容
全権
長打
乳母
白州
悲調
格外
銀河
軍民
高配
今体
投打
灯用
徳義
売価
暮夜
木工
役名
黄色
各部
楽園
句会
県政
県南
好配
香料
告文
山子
勝報
消息
心機
賃借
別人
目見
養家
立地
位相
意想
異相
黄葉
行先
国光
山海
水量
制服
成鳥
西人
素子
相等
総省
中波
都道
非行
平目
防潮
名文
名聞
官製
気象
教派
好漁
差異
児童
政庁
単解
年季
農工
名分
県勢
後身
功臣
孝心
左手
子弟
事犯
整調
正調
清朝
声調
内務
不知
法皇
法師
気勢
権勢
原動
作中
史劇
詩劇
手数
諸人
上町
船窓
前側
多生
仲夏
投機
平然
変化
苦海
使丁
師弟
死体
視程
終電
小雪
新参
直線
伝手
副書
理科
我身
給湯
建場
国文
最後
社家
人界
人外
政派
全市
退潮
大漁
都区
土管
導線
本署
化物
家郷
筋金
宗徒
所出
章魚
中外
町並
老父
街並
希世
語数
国権
手打
貸手
同山
鼻輪
勇名
和戦
本通
映像
見場
市部
私室
出面
深意
神位
神意
聖水
静水
年賀
未成
王化
温色
岩屋
勤王
勤皇
桜花
心意
前件
前座
服地
聞方
放論
目方
勇魚
有機
領地
協奏
月例
語気
蒸気
多党
潮水
内裏
無音
置場
耳元
上記
条規
他紙
他誌
多士
定本
冬物
不治
本省
早手
国勢
黒衣
寺務
時務
神祭
親達
天理
銅銭
未収
野末
下界
郷党
局長
係数
見付
原価
鉱産
高圧
裁判
耳許
重機
小中
新進
水火
動因
導因
本章
野師
和子
義姉
吸口
供花
曲論
公家
行者
鉱夫
事理
自利
条理
大鳥
天主
徒話
道内
兵法
閉包
密事
無界
欲火
花祭
各週
寒波
技士
義士
義子
義歯
区会
糸引
持分
式事
式次
式辞
識字
弱者
同種
飛火
聞手
野史
利手
黄砂
海老
興産
公差
工賃
祭場
冊子
時世
書簡
性行
精鋼
大雪
町家
同値
民事
目安
用人
町屋
会所
原種
原酒
初刊
所感
書巻
諸手
石油
定期
読史
模試
官制
期成
軍資
光波
高所
店構
入相
半旗
付表
滋味
神楽
背戸
有税
慣性
金平
芸界
原始
山家
新体
大白
道産
版元
名演
家中
験者
国有
事由
提子
和音
高三
月下
現下
山側
車台
先番
定職
番人
欲張
格好
金元
試技
人様
地中
適格
白子
法難
未納
自働
税引
遺体
画家
庫裏
国大
終局
西方
税法
敵国
都議
道家
非我
老酒
光源
公器
口器
口気
好季
工期
校旗
校紀
校規
皇紀
香気
戦地
発条
緑色
異体
衣帯
歌会
帰心
貴信
細部
支柱
宿六
出会
色紙
聖地
早場
朝家
日光
領国
労使
関屋
私意
詩意
字典
次点
辞典
出様
他用
母衣
王位
軽協
殺気
死中
式部
射光
手練
対数
木馬
立国
立木
仮面
憲政
権門
借家
短尺
本法
明後
夜曲
勝戦
中三
域内
角行
形木
元価
厳科
勝差
成金
難語
肉屋
部位
林産
家内
各個
姿態
支隊
枝隊
詩体
村社
注連
天明
府政
有期
科料
過料
散薬
大約
白頭
父性
放生
和親
火付
経世
雑仕
市区
私利
詩句
信認
人死
父母
夢見
下意
言文
性愛
矢倉
愛馬
心性
真性
神政
親政
清福
隊員
独楽
俳優
郵券
歌意
会堂
古里
故里
善事
造物
谷地
同性
養老
活字
極性
山手
新駅
西陽
側石
風車
官界
金目
出処
小才
石室
平地
有識
両所
楽車
英文
行革
実相
人台
府議
未発
教学
警視
物相
法度
過半
基層
帰巣
現状
同文
園内
神性
総花
直人
婦道
物種
本筋
根源
最前
子守
私事
出所
声色
線上
他派
麦粉
閣員
光度
西日
武技
両機
技研
道学
浴場
汽車
新前
人屋
棒鋼
位記
街道
金色
元手
人後
人語
徒然
能楽
量目
我子
古昔
雑木
出水
走路
銅版
方便
現高
後記
口銭
好戦
工船
工銭
鉱泉
降雨
高専
大器
定量
黄身
前者
体形
朝臣
学舎
玉石
黄土
海星
紅土
耕土
上辺
真名
地価
片時
急坂
国劇
春風
体型
年強
右角
園生
気付
黒白
砂地
人力
素地
態勢
不出
幕内
有職
格子
共布
見性
光線
公子
相思
走資
大輪
童女
夕飯
皇子
高卒
歯痛
深紅
真紅
直衣
売値
物心
末弟
外側
気先
後代
高地
性根
太白
動態
童体
性向
任地
米産
変性
意気
個所
守則
首足
春光
春耕
神父
草木
体計
隊形
大兄
大計
地下
動静
理法
食費
難事
薬代
会式
新版
蔵本
戦中
選管
定席
府民
期末
源氏
省令
名品
関税
山河
産所
同病
屋形
先住
頭目
海松
公論
自他
水松
名著
花畑
軽水
語調
時制
新付
新婦
動体
参議
文部
現金
同院
南風
腹部
官業
人命
代物
郵政
食後
正文
朝会
議案
省庁
民間
良性
力量
決死
真弓
導体
教科
時価
時報
深部
純利
大洋
旧派
全島
仲仕
各回
漢土
自火
勝勢
将星
小成
照星
笑声
活劇
信義
大樹
館員
武道
部課
無性
歌書
港内
精義
泉町
気負
明主
節句
全作
全量
不時
視界
民地
死灰
体勢
不二
法務
極点
人君
幹線
自家
天下
予備
大意
園児
生気
体系
鳴子
打力
退勢
大聖
各校
空港
治下
前部
内法
悪行
線分
小間
貴紙
貴誌
起死
座下
最長
前車
方眼
本性
雑色
野老
火器
人道
賀詞
産屋
所内
性器
正気
清規
精機
精気
西紀
算法
飛鳥
流人
楽劇
室内
表作
見番
子規
他社
後手
球状
旧情
県土
公務
大京
目視
赤色
後夜
人定
日当
年女
量感
我利
自性
学院
香木
死期
乳切
法制
同書
近作
重荷
取手
余録
元金
反則
仁徳
度数
南北
国軍
縦糸
定率
部将
浴客
塩水
紅葉
法政
無届
公取
通帳
麦芽
軍兵
在家
全品
別業
士気
急便
始期
志気
私記
紙器
朝間
家人
署員
新地
前方
多値
多目
大刀
未満
各組
食物
新手
雨水
紙質
経糸
事務
心地
心底
追肥
空自
国語
財務
波頭
領土
力感
角界
人心
校区
人文
道程
夜話
町会
室町
本会
河岸
各行
弱電
素意
黄門
童子
日報
東部
未知
益金
京阪
現代
現当
白焼
花月
対人
院長
最多
重代
西洋
本金
採光
全学
流派
馬肥
対空
日数
警察
通運
相当
近体
面白
史家
至大
軍部
上期
室長
墓誌
雑用
小火
政教
力紙
各相
客将
和歌
径庭
商法
背筋
金星
代人
当会
海女
海人
同府
乗数
常数
昭代
明文
共鳴
書体
金貸
太子
倍速
当地
明間
議場
座頭
年男
国産
年期
館内
司教
東西
花園
早月
毛見
水利
大河
宅地
品名
木賃
校生
各巻
各局
思郷
至境
詩境
詩興
数回
詩経
売店
歯入
町役
道県
出店
前夫
宿駅
宿主
月数
佐官
短冊
内幕
曜日
機内
入会
本分
愛想
同勢
部活
問屋
和紙
位地
昨夜
小金
国税
北国
食用
商会
実効
山間
別表
老婦
式年
直前
優賞
天神
客席
山車
産品
神宮
重苦
同額
地代
仏語
何分
課内
同型
強記
初句
同軍
国憲
法論
両市
領内
宝玉
性差
編者
部員
経連
人我
生地
盛期
羽織
各署
全県
海布
通常
増分
上下
同級
腹痛
原状
数件
花器
隊長
大声
来春
好意
史上
酒代
新制
夏期
救世
水面
乗用
牧場
夏季
魚屋
造山
歩度
全車
武士
散米
布製
下記
火気
花期
感度
酸味
縦横
同線
同権
亡者
飲料
科技
語族
厚意
校異
校医
皇位
君達
米麦
男役
民権
門前
海水
各州
理化
月日
店主
後遺
人税
前約
同体
中刻
青梅
元首
学内
当市
暴力
訳本
外車
芸大
成人
生音
同学
南海
同前
右前
県西
動産
同隊
院内
歌話
王子
我意
画意
賀意
景色
試合
各省
最初
小屋
東海
音大
行年
理学
各界
語句
半身
議会
山道
工大
親父
表紙
墓石
同島
年会
県別
自動
強力
地合
頭分
論者
新生
高年
道統
客数
茶屋
利器
同地
員数
語学
院議
取得
大勢
週内
海道
博士
米屋
他意
朝食
工夫
多国
有権
不承
金石
故郷
数社
同然
日産
私立
大部
正副
大法
学部
石仏
知事
年月
京劇
黒色
貴志
毎年
島根
議運
県外
和国
両目
東南
副長
正義
富民
東北
人体
米紙
左前
団員
旅客
軍用
点差
野手
役所
大系
外見
料率
砂糖
両県
快感
銅製
陸上
生物
性分
市中
死地
部屋
人達
新風
人目
月末
部内
大政
婦人
人名
黄金
本当
人形
何人
全社
場内
全党
大卒
以南
各県
以北
劇作
新政
日夕
程度
兄弟
住居
組織
共産
回戦
大衆
街中
文書
出場
同時
金主
自社
中日
人事
言語
自身
右下
夫人
国人
切手
右上
少女
大手
夫婦
前日
写真
工場
勝目
世論
大人
対米
利益
文字
男女
各賞
院本
人気
次第
時間
高教
女子
日間
気味
会社
問題
地内
最高
市協
梅雨
年度
放題
不可
対日
調子
以遠
月夜
束子
飛白
形見
思案
推量
黒子
日和
回線
刷毛
仮名
草紙
酒屋
以西
羽根
草子
包丁
太刀
年間
日中
年代
年生
中国
仕合
世話
勝手
度目
人組
周年
産米
同県
次元
週間
時計
年余
番目
分間
回分
区間
丁目
代目
回生
番線
親等
時限
番手
個国
秒間
号機
等席
海里
個条
個年
号証
号線
進数
人月
馬身
番地
分木
個口
等地
光年
気圧
号館
合戦
個月
等分
布団
同党
年版
期生
分目
段式
市内
時半
景気
付近
号室
同士