研究所
博物館
美術館
百貨店
一時期
一昼夜
不十分
自動車
二塁打
中国人
全日本
一苦労
日本語
不景気
一安心
二重化
八百長
一頓挫
不自由
選手権
一体化
非公式
一段落
一元化
高校生
不透明
国際線
七面倒
一酸化
不可能
四半期
三塁打
一本気
小学校
大人気
国公立
八幡宮
文化財
不公平
四死球
十二分
取沙汰
一昨年
八千代
九面芋
三角形
不人気
無関係
五十音
五倍子
仮処分
一直線
三輪車
急上昇
再始動
六十路
非合法
一類米
二塁手
三十路
三塁手
三重苦
留守番
悪循環
食中毒
試運転
十字形
後始末
気苦労
度外視
日光浴
横恋慕
寝不足
八十路
立往生
一欠片
左前打
斜陽化
十字架
深呼吸
統廃合
大安売
休廃業
集大成
投開票
密輸入
闇取引
一対一
円運動
仮釈放
仮調印
核分裂
核変換
楽隠居
急停車
誤操作
誤動作
光応答
光励起
最敬礼
雑魚寝
三味線
獅子吼
失血死
手加減
受送信
受発信
受発注
縦磁化
小細工
水酸化
戦病死
早合点
多極化
大発見
単一化
中実化
長大息
直談判
直輸出
転貸借
土下座
軟着陸
入出力
熱重合
反比例
非専攻
微苦笑
不時着
不溶化
棒暗記
棒諳記
明文化
野垂死
乱反射
離着陸
離発着
逃避行
幹竹割
再割当
押問答
目盛付
空取引
不安定
八重桜
三杯酢
一辺倒
十露盤
一筋縄
五重塔
十字火
一升瓶
一本槍
三段跳
三段飛
三遊間
自転車
二返事
一院制
一家言
一角獣
一閑張
一騎討
一見識
一軒屋
一軒家
一元論
一弦琴
一絃琴
一個人
一口噺
一口話
一口咄
一昨月
一昨週
一次局
一次元
一神教
一身上
一寸見
一生面
一隻眼
一切経
一対多
一代記
一大事
一段法
一致形
一中節
一張羅
一転機
一刀彫
一等国
一等親
一等星
一頭地
一般木
一匹狼
一片食
一方向
一面観
一面識
一毛作
一目散
一夜妻
一夜酒
一夜漬
一里塚
一粒種
一輪車
九官鳥
九谷焼
五角形
五七調
五十肩
五十路
五寸釘
五線譜
五斗米
五等爵
五目飯
五目鮨
五葉松
五輪塔
三悪道
三羽烏
三角巾
三角州
三角柱
三角波
三冠王
三原色
三行半
三国一
三叉路
三周忌
三重唱
三重奏
三世相
三太夫
三題噺
三題咄
三津屋
三等親
三拍子
三白眼
三幅対
三文判
三宝柑
三毛作
三稜鏡
三隣亡
三連星
三和音
三毬杖
四角形
四季施
四君子
四現業
四手網
四十雀
四十路
四十腕
四重唱
四重奏
四畳半
四天王
四等官
四拍子
四半分
四分六
四方拝
四本柱
四目垣
四六文
七五調
七種粥
七十路
七草粥
七道具
七福神
七分搗
七変化
七宝焼
七面鳥
七曜星
七曜暦
十五夜
十三夜
十姉妹
十字軍
十字路
十進法
十二宮
十二支
十二単
十八般
十文字
十六夜
千羽鶴
千屈菜
千歳飴
千秋楽
千石船
千代紙
千鳥掛
千鳥足
千分比
千里眼
千両箱
千六本
二王門
二王立
二期作
二筋道
二元論
二弦琴
二絃琴
二合半
二酸化
二字口
二次局
二次元
二重蓋
二重腰
二重唱
二重奏
二重瞼
二乗根
二進法
二刀流
二等親
二等兵
二杯酢
二皮目
二本差
二本棒
二毛作
八卦見
八重歯
八重葎
八潮路
八頭身
八百屋
八分目
八文字
八目鰻
八里半
百磯城
百合鴎
百済琴
百物語
百分比
百万言
百面相
百葉箱
万華鏡
万国博
万灯会
六歌仙
六角形
六観音
六尺棒
六地蔵
六道銭
六分儀
六面体
五郎太
一簡切
一帳羅
四季咲
千石舟
一周年
無責任
一本刀
不充分
中学校
一般人
大丈夫
四六判
四次元
不愉快
不適切
不自然
無計画
三次元
無意味
保健所
可哀想
可哀相
不謹慎
四全総
不可分
無遠慮
不健康
不条理
殺風景
県知事
真面目
不注意
子煩悩
不完全
大学生
力不足
不誠実
神経質
親不孝
不可欠
無神経
赤裸裸
無秩序
有意義
理不尽
高飛車
不可解
無愛想
几帳面
依怙地
意固地
意地悪
下手糞
下町風
荷厄介
過保護
奇天烈
気丈夫
居丈高
口下手
口上手
好都合
高信頼
高性能
自堕落
手奇麗
出鱈目
出放題
小奇麗
小利口
小綺麗
上調子
心丈夫
心得顔
真四角
身奇麗
身勝手
人間並
世界一
生意気
生一本
生半尺
昔気質
絶好調
素寒貧
素頓狂
多方面
大袈裟
大雑把
短兵急
中規模
珍無類
鉄面皮
当世風
得意気
突慳貪
頓珍漢
内弁慶
破天荒
非合理
非人情
鼻高高
筆無精
不穏当
不格好
不恰好
不器量
不気味
不規則
不具合
不健全
不見識
不行儀
不行跡
不行届
不細工
不作法
不死身
不首尾
不信心
不心得
不親切
不身持
不人情
不成績
不正直
不摂生
不相応
不体裁
不調和
不釣合
不適任
不道徳
不得意
不徳義
不如意
不品行
不風流
不満足
不名誉
不明瞭
不明朗
不面目
不用意
不用心
不養生
不料簡
不連続
分相応
糞味噌
片意地
没義道
没交渉
没趣味
没常識
味噌糞
未定義
未定稿
無愛敬
無愛嬌
無意義
無意識
無感覚
無気味
無気力
無軌道
無作法
無慈悲
無自覚
無邪気
無尽蔵
無造作
無定見
無抵抗
無鉄砲
無頓着
無能力
無表情
無風流
無用心
無礼講
冥加金
命冥加
盲滅法
野放図
有頂天
襤褸糞
手綺麗
足忠実
目白押
不熱心
上機嫌
一周忌
無節操
親孝行
不都合
不手際
不思議
熱処理
事故死
手不足
急降下
直輸入
確実視
小意気
一合目
総決算
感無量
五摂家
立候補
倶楽部
小規模
不経済
不動産
本塁打
非常識
不徹底
事務所
高水準
小学生
無制限
未解決
無趣味
不義理
未経験
不可避
不機嫌
不得手
不正確
未確認
税務署
不本意
不鮮明
広範囲
再来週
不合理
未完成
短時間
再来年
長時間
長期間
無所属
時節柄
気象台
今時分
再来月
真昼間
水無月
出会頭
出合頭
腹一杯
二輪車
子会社
飛行機
弁護士
本因坊
商取引
天文台
不始末
不信任
再出発
不一致
留学生
海水浴
放射線
府議会
市議会
大使館
報道陣
下水道
大学院
中学生
望遠鏡
地下鉄
暴力団
盲学校
取締役
居留民
税理士
水族館
家政学
極彩色
刑務所
県議会
出来高
天皇陵
乗用車
内出血
不参加
国内線
通行人
日本円
世話人
結婚式
再検討
保育園
原子力
基督教
通信使
浄瑠璃
行進曲
準決勝
総動員
変化球
無関心
派出所
不利益
音楽家
図書館
遺伝子
不均衡
親会社
卒業生
悪影響
女子大
研修生
不適当
無一文
交差点
小料理
公選法
相談役
温泉郷
大相撲
運動会
農作物
受験生
代理人
非課税
当番医
助教授
選択肢
私生活
町議会
麦芽糖
英会話
数箇月
新幹線
解熱剤
出入国
有名人
最下位
公務員
都立高
披露宴
支配人
超党派
致死傷
電話機
発起人
特措法
核兵器
大部屋
府知事
上半期
体育館
非公開
数箇所
自由形
検察官
奨学生
過半数
教習所
研究生
出来事
遊歩道
作業場
飛行場
座布団
軽水炉
高気圧
初対面
不明確
格闘技
喫茶店
蒲公英
寄生虫
小麦粉
裁判官
累進税
後見人
借入金
新体操
不戦勝
唐辛子
消防署
幻想曲
唐芥子
開業医
重工業
最優秀
延長線
交易会
大発会
同性愛
冷蔵庫
工学部
予備校
協業化
水不足
好景気
最大手
女子高
古武士
熱帯夜
最大限
青写真
違和感
消息筋
大黒柱
生活苦
栄養剤
記念樹
同級生
協奏曲
配達員
広告塔
幼稚園
早場米
小型車
大回転
会計士
何首烏
超新星
教科書
辞任願
直営店
物価高
優等生
出資法
進駐軍
炎天下
有機米
乾菓子
干菓子
厚化粧
市街地
手数料
医薬品
所在地
宣教師
密入国
食生活
製造元
頭文字
年賀状
偽証罪
測定機
乳母車
不衛生
核軍縮
双方向
炭化物
舞踊団
次官補
初節句
貧乏人
加速器
得失点
大口魚
国務相
送受信
無条件
営林局
身代金
注意報
応接間
放射光
腕時計
悪知恵
焼死体
浄化槽
正方形
未成年
芸能人
現時点
高学年
試験場
初場所
微生物
准決勝
回帰線
雑木林
小切手
上級車
大伯母
非常勤
下半期
警察官
激動期
山小屋
同期生
農工高
不定期
連用形
歌合戦
生放送
管制塔
迎賓館
骨関節
次世代
主人公
水時計
成功裏
分析計
小海老
小為替
先住民
代議員
内服薬
増減税
調理場
裸一貫
留守電
本拠地
与野党
起工式
志望校
常備薬
同年代
非常駐
融資枠
林産物
連合体
右中間
公民館
上半身
法学部
下馬評
拡大鏡
現代病
更年期
最高峰
似顔絵
新天地
補聴器
盲導犬
禁固刑
収納箱
消防車
睡眠薬
大統領
中高年
追試験
不退転
服役囚
選択枝
氷点下
変革期
母子草
原子核
原動機
短期間
転入生
都議会
半導体
秘書官
非常口
井戸端
高分子
今世紀
受話器
焼却灰
新大陸
装甲車
太陽光
長短打
自治体
小手先
早乙女
太極拳
大御所
謄写版
農作業
老眼鏡
海産物
傾斜地
倦怠期
心不全
放射能
顔見世
義勇軍
出世頭
青信号
大僧正
通勤着
農学部
木製品
霊柩車
基本懇
後遺症
小道具
待合室
貯蔵庫
背番号
仏教徒
未知数
銘柄米
夏時間
禁酒令
公立大
左中間
座蒲団
最上級
最前線
私小説
実体験
助監督
大仏殿
聴講生
調査官
入退院
委託料
胡麻油
散歩道
市庁舎
重労働
大道芸
美術家
木蘭色
問題児
悪条件
獅子舞
受精卵
正念場
大動脈
大内裏
中世代
浮世絵
副産物
浪花節
高飛込
貴金属
軍楽隊
見物人
朱印船
進学校
地球人
中高層
転校生
陶磁器
木乃伊
冷暖房
蛋白質
居心地
居留守
蕎麦滓
公権力
好条件
皇太子
主治医
女学生
小理屈
吹奏楽
青少年
太鼓判
駄洒落
大改革
地下道
長距離
副葬品
仏舎利
用水路
格納庫
玉虫色
個人技
財政難
磁気圏
新社屋
新入生
人間像
全紙面
愛国心
狂想曲
金属弾
警部補
思想家
私立高
時間割
手料理
重火器
出退勤
純文学
処方箋
助産婦
小役人
新所帯
森林浴
真名鶴
成層圏
船渡御
前夜祭
総互先
草木染
大本営
土俵際
脳死体
捕虫網
宝物殿
輸出入
微塵切
活性炭
休耕田
金平糖
原材料
高速艇
最先端
手土産
終止符
重軽傷
真犯人
生理学
切支丹
大納会
地下街
張本人
超電導
長電話
農産物
白血球
腹時計
米穀店
盲腸炎
冷凍庫
居酒屋
顕微鏡
最年少
手荷物
植木鉢
親切心
赤信号
袋小路
中高生
敵同士
鉄砲水
都会人
内務相
病害虫
富士見
片手間
薬学部
陸海空
井戸水
海賊版
現在地
現実味
交通死
行財政
高画質
人文研
雪化粧
多人数
多連装
駄菓子
大腸菌
醍醐味
中性子
電磁波
脳出血
氷河期
片栗粉
理学部
囃子方
綜麻繰
悪智慧
持時間
雅楽器
救世主
求心力
玉蜀黍
弦楽器
光合成
公社債
左大臣
最高潮
最年長
雑種犬
資料集
自然体
住環境
上水道
色鉛筆
新銀河
水加減
繊維状
相手方
代議士
大叔母
忠魂碑
直方体
鎮魂歌
天麩羅
投融資
特効薬
売買春
沸騰水
無機質
友好国
遊撃手
頼母子
緑黄色
腱鞘炎
怪我人
白木蓮
筋金入
焼海苔
段段畑
悪材料
偉丈夫
井戸塀
雨夜花
下級生
怪文書
管弦楽
肝不全
間一髪
句読点
座標軸
私書箱
室内楽
商学部
紹興酒
上級生
生損保
専門医
前頭葉
祖父母
多趣味
多面体
代名詞
都府県
等距離
乳製品
薄葉紙
微粒子
物真似
偏西風
本支社
門下生
門外漢
英単語
屋台骨
画用紙
幾星霜
継電器
原水爆
個個人
鼓笛隊
荒物屋
香辛料
豪速球
指針案
重金属
春場所
純資産
心意気
水俣病
世間体
生化学
生甲斐
聖母子
洗張屋
多数決
打楽器
打撲傷
大極拳
大江戸
地上波
茶道具
田舎道
土産物
等間隔
動植物
乳幼児
秘蔵子
不燃材
風雲児
並大抵
夢心地
和菓子
背美鯨
青梗菜
白頭鷲
金翅雀
横断幕
黄精飴
火達磨
絵手紙
絵文字
外野席
角封筒
角力取
丸坊主
金米糖
銀行株
空気圧
空気泡
形態素
後頭部
光化学
黒褐色
根抵当
死場所
紫外線
鹿尾菜
主成分
手一杯
秋刀魚
書記官
女剣劇
松竹梅
寝心地
真似事
吹出物
政財界
跡始末
全人代
相撲取
多年草
大理石
男子校
地元民
地上職
地震動
茶褐色
中生代
帳本人
朝寝坊
潮干狩
天津飯
転廃業
電磁気
土俵入
南京袋
微塵子
微塵粉
府県境
府県警
舞台劇
葡萄糖
法華経
鳴物入
野心作
野良猫
用心棒
螺子釘
露天商
猜疑心
羊栖菜
甘野老
空出張
我利勉
撞木鮫
山小菜
掘立柱
手提袋
小理窟
焼林檎
新世帯
舟渡御
草刈機
大金持
目玉焼
亜寒帯
亜潅木
亜喬木
亜高木
亜低木
亜熱帯
亜麻仁
亜硫酸
亜砒酸
阿修羅
阿堵物
阿片窟
阿羅漢
阿闍梨
愛弟子
悪太郎
悪天候
悪洒落
握寿司
葦原雀
圧縮項
安山岩
安全灯
安全弁
安息香
安普請
暗暗裏
暗剣殺
暗紫色
案山子
闇相場
以遠権
伊賀袴
伊達巻
依存形
囲炉裏
易行道
易損品
為事師
為替尻
異教徒
異分子
異母弟
移動子
胃下垂
胃拡張
胃痙攣
衣裳方
衣食住
衣装方
衣紋掛
衣紋竿
衣紋竹
謂因縁
遺家族
遺句集
遺留分
井戸車
磯巾着
磯馴松
磯蚯蚓
稲荷鮨
稲妻形
稲熱病
芋蔓式
芋名月
印欧語
印刷所
印刷物
印象派
印半纏
因果律
引菓子
引込線
引出物
引立役
飲兵衛
院外団
陰極線
陰電気
陰電子
陰日向
陰弁慶
陰陽暦
隠君子
隠元豆
隠退蔵
右近橘
右大臣
宇宙塵
宇宙船
烏犀角
烏天狗
烏帽子
烏竜茶
烏龍茶
羽根車
羽二重
羽斑蚊
羽布団
雨合羽
嘘八百
瓜実顔
運営上
運搬船
荏胡麻
営養素
営林署
嬰記号
影印本
影法師
映写機
曳光弾
栄養素
栄養分
永久歯
英数字
疫病神
越中褌
円為替
円軌道
円熟味
円舞曲
園遊会
延煙管
延勘定
延人員
延日数
燕子花
猿芝居
猿真似
猿知恵
縁起棚
縁起物
艶福家
遠海魚
遠眼鏡
遠距離
遠山里
遠地点
遠日点
鉛灰色
鉛直線
塩加減
塩乾魚
塩干魚
塩辛声
塩類泉
凹面鏡
奥津城
往生際
往来止
押取刀
横隔膜
横文字
欧数字
欧文脈
王代物
黄金虫
黄心樹
黄雀風
黄泉路
黄鉄鉱
黄熱病
黄櫨漆
黄櫨染
黄八丈
黄表紙
黄檗宗
黄蜀葵
岡場所
沖積世
沖仲仕
屋形船
屋根船
屋根裏
屋体骨
屋体店
屋台店
牡丹杏
牡丹桜
牡丹雪
牡丹餅
乙女子
卸相場
音沙汰
音数律
音頭取
下屋敷
下稽古
下検分
下降形
下克上
下仕事
下士官
下手人
下手物
下世話
下相談
下半身
下剋上
化粧下
仮払金
仮名遣
仮名書
仮命令
仮免許
伽羅木
加圧水
加減算
加減物
加比丹
可耕地
可惜物
可変長
可溶片
夏安居
夏座敷
夏蜜柑
家具調
家壁蝨
歌祭文
歌留多
河鹿蛙
河川敷
河太郎
火炎瓶
火加減
火口丘
火口湖
火砕流
火山灰
火山岩
火山脈
火事場
火事泥
火取虫
火消壷
火食鳥
火成岩
火打金
火打石
火縄銃
火熨斗
箇条書
花屋敷
花魁草
花供養
花言葉
花御堂
花骨牌
花菖蒲
花吹雪
花水木
花蘇芳
花相撲
花電車
花文字
花毛氈
花柳病
花林糖
花崗岩
花椰菜
花茣蓙
茄子紺
荷為替
蝦夷菊
蝦夷松
蝦蟇口
貨客船
過現未
過電圧
過不及
過不足
過飽和
蚊蜻蛉
俄狂言
画仙紙
画箋紙
介党鱈
解像力
回転子
回灯篭
壊血病
廻転子
快男児
怪我勝
怪我負
怪気炎
懐勘定
懐中物
海王星
海酸漿
海人草
海水温
海鼠腸
海鼠壁
海鼠餅
海草類
海苔巻
海軟風
海坊主
海老腰
海老根
海老錠
海老茶
灰神楽
灰白色
皆既食
皆既蝕
絵巻物
絵空事
絵双紙
絵草紙
絵日記
絵葉書
芥子菜
芥子泥
芥子頭
芥子粒
蟹工船
開発元
貝殻骨
貝殻虫
貝杓子
貝独楽
外為法
外字紙
外祖父
外祖母
外輪船
格子戸
格子縞
格天井
格納域
格文法
核言語
角屋敷
角砂糖
角細工
革新党
革製品
学用品
楽屋雀
楽屋裏
掛蒲団
掛時計
掛茶屋
掛布団
割下水
割台詞
割普請
割戻金
括約筋
活魚車
活社会
活人画
滑稽本
褐鉄鉱
蒲鉾形
鎌倉彫
噛煙草
鴨脚形
鴨脚髷
鴨跖草
刈草地
瓦斯糸
瓦斯灯
瓦煎餅
乾海鼠
乾海苔
乾電池
冠動脈
冠木門
寒稽古
寒垢離
寒暖計
寒念仏
寒冷紗
勘亭流
勧工場
勧進元
巻煙草
巻子本
巻取紙
巻積雲
巻繊汁
巻層雲
堪忍袋
官公庁
干海苔
感化院
慣手段
慣用音
換気扇
柑橘類
歓喜天
潅仏会
甘海苔
甘納豆
甘味噌
甘露煮
看板娘
管楽器
管絃楽
緩下剤
緩斜地
翰林院
肝硬変
観艦式
観世音
観念論
観覧席
間狂言
間欠泉
間欠熱
間仕切
間投詞
間歇泉
間歇熱
閑古鳥
閑日月
閑文字
丸合羽
丸天井
丸木舟
含羞草
眼鏡蛇
岩清水
岩田帯
岩躑躅
雁皮紙
雁来紅
顔馴染
器量人
基準縁
基準局
基本形
基本実
奇麗事
奇麗所
寄宿舎
寄生木
希塩酸
希元素
希土類
揮販法
旗行列
旗指物
旗本奴
既往症
既判力
機織虫
機帆船
帰休兵
帰謬法
気違水
気狂水
気動車
気保養
祈年祭
稀塩酸
稀元素
紀元節
記念祭
貴公子
貴婦人
起重機
起請文
騎兵隊
鬼蜘蛛
鬼百合
偽文書
擬餌針
擬声語
擬態語
擬宝珠
疑問符
義援金
義兄弟
義太夫
義理合
蟻地獄
議事堂
菊日和
吉祥天
吉野桜
吉野紙
吃水線
喫水線
詰将棋
客座敷
客商売
脚線美
逆光線
逆茂木
逆蜻蛉
休閑地
吸血鬼
宮芝居
宮大工
宮内卿
宮入貝
弓張月
弓篭手
急斜面
救護班
救命具
求知心
汲取口
泣上戸
窮措大
給排水
給与法
牛尾菜
居開帳
居合腰
居催促
居場所
居待月
虚仮猿
虚無僧
魚河岸
魚市場
魚灯油
京鹿子
競争心
共白髪
協同体
強意見
強心剤
強精剤
強談判
強力粉
恐水病
恐怖症
教会堂
橋供養
橋頭堡
狂犬病
狂詩曲
狭心症
胸三寸
胸膜炎
興信所
興信録
蕎麦湯
郷土色
凝灰岩
極楽鳥
極座標
玉案下
玉砂利
玉手箱
桐一葉
巾着切
巾着網
欣欣然
禁治産
筋繊維
筋肉質
近衛府
近距離
近視眼
金一封
金環食
金魚鉢
金玉糖
金剛砂
金剛杖
金剛心
金剛石
金剛力
金婚式
金砂子
金字塔
金雀児
金切声
金相学
金太郎
金槌頭
金壷眼
金釘流
金比羅
金毘羅
金鳳花
金本位
金無垢
金木犀
金蘭簿
金輪際
金盞花
銀杏形
銀杏髷
銀灰色
銀婚式
銀砂子
銀時計
銀世界
銀本位
区役所
狗尾草
駆潜艇
駒下駄
具足煮
愚連隊
空管理
空閑地
空気枕
空景気
空世辞
空中線
空念仏
空梅雨
空文字
栗名月
栗饅頭
繰越金
繰入金
鍬形虫
君子人
君子蘭
群計数
群千鳥
軍資金
刑訴法
刑特法
兄弟子
兄弟分
珪藻土
形而下
形而上
景物詩
経産婦
経師屋
経帷子
継父母
蛍烏賊
計算尺
計数形
計理士
警戒色
警防団
警邏隊
軽演劇
軽音楽
軽気球
軽業師
軽金属
軽犯罪
頚動脈
劇映画
隙間風
欠乏症
結城縞
結城紬
結膜炎
血管腫
血色素
血達磨
血反吐
血友病
月桂冠
月桂樹
月見草
月行事
月世界
月夜烏
月輪熊
健胃剤
健忘症
喧嘩腰
懸壅垂
検案書
検孔機
検査官
検事正
権現造
牽牛花
犬張子
犬追物
絹積雲
絹層雲
肩胛骨
見栄坊
見廻組
見取算
見取図
見世物
見目形
賢夫人
賢婦人
遣唐使
原産地
原子病
原住民
原生代
源五郎
源氏蛍
源氏車
玄関子
玄関番
玄武岩
現御神
現人神
絃楽器
言葉尻
限量子
個条書
古事記
古生代
古戦場
古代紫
古道具
古馴染
古筆切
古物商
古文書
古本屋
呼子鳥
固有値
固有部
固溶体
戸障子
戸数割
枯山水
枯尾花
枯露柿
狐格子
狐饂飩
股火鉢
股関節
胡座鼻
胡蝶花
胡麻塩
雇用法
吾妹子
吾亦紅
吾木香
後生楽
後鉢巻
碁盤割
護摩壇
護謨長
乞巧奠
光電管
光電池
光量子
公使館
公孫樹
公倍数
公判廷
公法人
公労委
公労協
公労法
功労賞
口蓋垂
口喧嘩
口言葉
口語体
口語文
口真似
口拍子
口約束
向上心
向日葵
喉頭蓋
好一対
好影響
好角家
好好爺
好人物
好男子
好敵手
孔雀石
工学科
広小路
広帯域
広目屋
広目天
広葉樹
庚申待
庚申塚
弘済会
抗張力
抗毒素
抗病力
控屋敷
攻太鼓
攻道具
江戸詰
江戸紫
洪積世
甲状腺
皇漢薬
皇太后
硬骨魚
糠味噌
紅絹裏
紅差指
紅生姜
紅生薑
紅白粉
紅葉葵
紅葉狩
紅蜀葵
絞首刑
耕運機
考課状
考課表
考現学
航続力
荒御魂
荒仕事
荒法師
荒木田
荒療治
行行子
行在所
行人偏
行灯袴
降誕祭
香味料
高圧線
高下駄
高架線
高御座
高山病
高姿勢
高蒔絵
高周波
高瀬舟
高祖父
高祖母
高調子
高天原
高土間
高島田
高等官
高等裁
高野聖
高野槙
高楊枝
高利貸
高嶺颪
高麗芝
高麗鼠
合歓木
合気道
合言葉
合併症
刻煙草
国家老
国言葉
国際色
国事犯
国大協
国文法
国幣社
国貿促
穀象虫
黒砂糖
黒死病
黒水引
黒装束
黒内障
黒八丈
黒百合
黒文字
黒曜石
腰羽目
腰巾着
腰障子
腰長押
腰屏風
骨髄腫
根拠地
根切虫
根無草
混在形
紺飛白
佐保姫
叉手網
左義長
左近桜
左団扇
左内側
差出口
差出人
砂時計
砂糖黍
砂風呂
鎖帷子
座敷牢
最右翼
最恵国
最北端
最尤法
才槌頭
歳徳神
細胞腫
菜種油
在校生
財特法
作用素
策源地
桜海老
笹竜胆
擦過傷
殺陣師
殺鼠剤
殺文句
薩摩芋
薩摩守
薩摩焼
薩摩揚
薩摩絣
雑収入
皐月闇
皐月晴
晒木綿
参事院
山葵漬
山駕篭
山査子
山茶花
山津波
山津浪
山東菜
山鳩色
山百合
山葡萄
山法師
山帽子
山毛欅
山羊鬚
山梔子
山椒魚
散寿司
散文詩
散蓮華
珊瑚珠
珊瑚樹
珊瑚礁
産官学
産土神
蚕卵紙
斬奸状
仕込杖
仕事師
仕事場
仕付糸
仕方咄
仕立物
使用人
司法官
司令塔
士君子
始生代
始端部
始発駅
姉女房
子午線
師範代
思秋期
指揮棒
指向形
指示薬
指人形
指相撲
指導室
指南車
指南番
指標語
指物師
指話法
施餓鬼
枝垂桜
枝垂柳
枝折戸
死装束
獅子王
獅子頭
獅子鼻
私家集
私企業
私経済
私書函
私娼窟
私生子
私生児
私法人
私有地
糸繰車
糸切歯
糸蒟蒻
糸蚯蚓
紙一重
紙工品
紙細工
紙芝居
紙吹雪
紙鉄砲
紫雲英
紫陽花
紫露草
紫宸殿
脂肪酸
視神経
視聴覚
視話法
詞花集
詞華集
試金石
試験管
資機材
歯学部
似我蜂
侍気質
侍大将
寺子屋
寺小姓
慈姑頭
持久走
持国天
持仏堂
時代色
時代物
磁気嵐
磁鉄鉱
耳学問
耳年増
自意識
自家製
自棄酒
自棄糞
自己流
自公民
自在鉤
自作農
自治領
自主権
自叙伝
自小作
自乗根
自身番
自制心
自然薯
自然人
自尊心
自動詞
自賠責
自閉症
自力門
鹿子斑
鹿子餅
式言語
式次第
識別子
軸馬力
執行官
執達吏
執着心
失語症
失敗談
悉皆屋
実事師
実社会
実定法
芝海老
芝居気
射距離
捨扶持
社外秘
社有地
謝肉祭
車井戸
車海老
車前草
遮音壁
蛇皮線
邪宗門
邪魔気
借金取
借受金
尺貫法
尺取虫
杓子菜
杓文字
若隠居
若旦那
若殿原
若年寄
若白髪
寂光土
主調音
守護神
守銭奴
守本尊
手塩皿
手間取
手間損
手間代
手間賃
手鞠花
手古舞
手工業
手細工
手仕事
手仕舞
手弱女
手拭地
手真似
手洗鉢
手道具
手内職
手拍子
手風琴
手文庫
手柄顔
手弁当
手裏剣
手榴弾
手毬花
朱子学
殊勲賞
種種相
酒石酸
首実検
受水槽
受太刀
受動態
受領証
寿老人
授乳期
宗太鰹
州浜台
修道院
修理工
愁嘆場
洲浜台
秋海棠
秋場所
秋日和
終着駅
終油礼
終列車
臭化物
集光器
集塵機
集配人
従価税
従兄弟
従姉妹
従量税
渋団扇
重化学
重過失
重水素
重箱読
重母音
宿駕篭
宿根草
縮緬皺
熟練工
出雲神
出回線
出開帳
出教授
出稽古
出歯亀
出歯龜
出次数
出小作
出場所
出世間
出世魚
出不精
出無精
出目金
出来秋
出来心
出来物
春慶焼
春慶塗
春告鳥
巡洋艦
順不同
順養子
処女峰
初一念
初感染
初生児
初太刀
初日影
初日出
所作事
所司代
所帯持
所得顔
書院造
書簡箋
書翰箋
薯蕷芋
助教諭
助数詞
助惣鱈
助太刀
助動詞
助兵衛
叙事詩
叙情詩
女王蜂
女学院
女子衆
女丈夫
女文字
女房詞
女郎花
序数詞
序破急
除虫菊
勝手元
勝手口
勝負事
召集令
商売気
商売仇
商売人
商売敵
嘗味噌
宵待草
将軍家
小宇宙
小牡鹿
小荷駄
小荷物
小間使
小間物
小具足
小糠雨
小座敷
小作農
小柴垣
小手毬
小綬鶏
小松菜
小正月
小前提
小倉餡
小太鼓
小太刀
小男鹿
小町糸
小天地
小豆色
小納戸
小馬鹿
小麦色
小判鮫
小判戴
小百姓
小品文
小普請
小文字
小米花
小坊主
小夜曲
小楊枝
小連翹
小惑星
少女子
少年院
尚尚書
招待客
昇汞水
松花堂
松葉菊
松葉杖
消化腺
消火栓
消石灰
消息子
消息通
渉禽類
焼夷弾
焼石膏
焼太刀
焼豆腐
焼明礬
照空灯
照魔鏡
照葉樹
硝酸塩
硝酸銀
笑上戸
菖蒲酒
菖蒲湯
衝撃波
象皮病
鍾乳石
鍾乳洞
上屋敷
上下動
上手物
上首尾
上上吉
上信越
上成績
上達部
上得意
冗談口
常居所
常習犯
常世国
常得意
常磐津
常磐木
常夜灯
常緑樹
条件下
浄玻璃
畳水練
蒸菓子
蒸寿司
蒸風呂
蒸溜酒
譲受人
職業病
色眼鏡
色気違
色収差
触太鼓
食意地
食人種
食道楽
食扶持
食用蛙
食糧難
尻子玉
尻胼胝
伸展葬
信楽焼
信玄袋
信太鮨
信天翁
信田鮨
信用貸
寝間着
寝業師
寝小便
寝正月
寝装品
寝待月
寝殿造
寝道具
寝物語
審判官
心字池
心食虫
心太草
心電図
振分髪
新開地
新建材
新嘗祭
新生児
新生代
新生面
新鮮味
新体詩
新入学
新発意
新聞種
浸出液
深海魚
深見草
深山颪
深成岩
深切気
深編笠
真魚鰹
真桑瓜
真言宗
真行草
真骨頂
真実味
真珠貝
真章魚
真人間
真正面
真善美
真田虫
真田紐
神学校
神経症
神嘗祭
神代杉
神通力
神無月
紳士録
親衛隊
親言語
親告罪
親切気
親馬鹿
親文字
親類書
親和力
身欠鰊
身口意
身代限
身柱元
身贔屓
辛味噌
進退伺
針供養
針仕事
針葉樹
人外境
人間業
人形遣
人国記
人差指
人情本
人心地
人真似
人相見
人相書
人造湖
人待顔
人畜生
人非人
人文字
人面疽
人力車
仁王門
仁王立
腎臓炎
腎盂炎
陣羽織
陣太鼓
須彌壇
酢豆腐
酢文字
酢味噌
吹井戸
垂直形
垂乳根
推計学
水菓子
水絵具
水掛論
水銀柱
水垢離
水耕法
水栽培
水産物
水酸基
水仕事
水準儀
水商売
水蒸気
水成岩
水浅葱
水茶屋
水中花
水鉄砲
水芭蕉
水風呂
水平形
水平面
水泡音
水密桃
水様液
水溶液
水疱瘡
翠緑玉
酔心地
随意筋
瑞宝章
数奇屋
数珠玉
数種類
数表現
枢機官
枢密院
雛菓子
雛人形
雛節句
雛罌粟
据風呂
寸胴切
世間気
世間師
世捨人
世帯持
世迷言
世話場
世話物
瀬戸引
瀬戸際
瀬戸焼
瀬戸物
是沙汰
制海権
制癌剤
制空権
性悪説
性善説
成人病
成文法
整腸剤
星月夜
星取表
星条旗
晴雨計
正会員
正覚坊
正教会
正攻法
正書法
正反合
正比例
清教徒
清汁屋
清水焼
生菓子
生蕎麦
生欠伸
生産物
生子壁
生字引
生臭物
生世話
生石灰
生地獄
生兵法
生返事
盛菓子
盛漁期
盛蕎麦
精進物
精進揚
精進落
精霊会
精霊舟
精霊棚
聖家族
聖観音
聖誕祭
聖譚曲
西王母
西陣織
誓文払
請負人
青果物
青海原
青海苔
青人草
青壮年
青大将
青天井
青道心
青二才
青梅綿
青瓢箪
青竜刀
青豌豆
静電気
昔馴染
石火矢
石灰岩
石灰石
石灰洞
石灰乳
石子詰
石首魚
石炭殻
石炭酸
石竹色
石南花
石楠花
石斑魚
石榴口
石榴鼻
積層形
積乱雲
責道具
赤茄子
赤芽芋
赤芽柏
赤褐色
赤間石
赤血球
赤行嚢
赤砂糖
赤新聞
赤切符
赤電車
赤道祭
赤目魚
赤楝蛇
赤蜻蛉
切狂言
切口上
切取線
切炬燵
接骨木
接続詞
摂護腺
折菓子
折手本
節形式
節博士
説経節
雪隠詰
雪割草
雪景色
雪月花
雪合戦
雪女郎
蝉時雨
仙花紙
仙人掌
仙台平
占星術
宣命書
川崎病
川千鳥
戦闘帽
扇状地
扇風機
泉貨紙
浅黄裏
浅茅生
浅草紙
浅知恵
浅葱裏
洗浄液
染抜紋
潜水病
潜勢力
潜伏期
潜望鏡
旋頭歌
繊維素
腺病質
船大工
船板塀
船問屋
前勘定
前句付
前景気
前口上
前受金
前置詞
前渡金
前立腺
前膊骨
善智識
漸層法
全盛期
全速力
全天候
全粒粉
禅問答
曾祖父
曾祖母
租庸調
粗収入
素因数
素人目
素粒子
組天井
鼠毒症
鼠咬症
双球菌
双曲線
双生児
倉敷料
奏鳴曲
層積雲
惣太鰹
掃除屋
早駕篭
早教育
早月闇
早月晴
早言葉
早仕舞
早少女
早生児
早飛脚
曹達水
槍烏賊
痩我慢
相合傘
相思樹
相弟子
相部屋
総仕舞
総本部
草雲雀
草屋根
草臥儲
草競馬
草双紙
草相撲
草木瓜
草野球
草履虫
草蜉蝣
草鞋銭
草鞋虫
蒼鉛剤
藻塩草
藻汐草
装飾音
装身具
装薬銃
走高跳
走高飛
走馬灯
走馬燈
走幅跳
走幅飛
増血剤
増上慢
増長天
増幅器
増分値
蔵屋敷
蔵人所
贈収賄
造物主
促音便
側帯波
側用人
足袋跣
足長蜂
足拍子
速度形
俗世間
卒塔婆
孫弟子
村時雨
村芝居
村八分
村夫子
村役人
多角錐
多角柱
多汗症
多血質
多項式
多項目
多次元
多神教
多端子
多年生
多聞天
多辺形
多宝塔
多方向
多毛作
太陰暦
太鼓持
太鼓腹
太公望
太神楽
太政官
太刀魚
太刀筋
太刀持
太刀取
太刀風
太夫元
太平楽
太陽熱
太陽年
太陽暦
打物業
楕円弧
陀羅尼
駄法螺
体温計
堆積岩
対位法
対角線
対義語
対頂角
対流圏
耐故障
帯代裸
待女郎
泰山木
苔清水
袋戸棚
貸座敷
代八車
大気圏
大宮人
大鋸屑
大業物
大経師
大見得
大元帥
大原女
大御言
大御代
大御宝
大広間
大黒天
大根卸
大宰府
大薩摩
大山木
大司教
大車輪
大叔父
大嘗祭
大上段
大食漢
大審院
大神宮
大臣殿
大震法
大政所
大正琴
大前提
大蔵経
大谷石
大団円
大津絵
大店法
大島紬
大道具
大入袋
大入道
大納言
大伯父
大八車
大番組
大盤石
大夫元
大風子
大福帳
大福餅
大文字
大謀網
大名芸
大目玉
大陸棚
大和芋
大和歌
大和絵
大和琴
大和魂
大和尚
大和心
大和塀
卓袱屋
卓袱台
啄木鳥
宅急便
蛸入道
蛸配当
蛸坊主
脱脂綿
狸囃子
鱈場蟹
丹頂鶴
単安定
単衣物
単行法
単項式
単細胞
単文節
単本位
探海灯
探査子
探照灯
旦那芸
淡水魚
炭酸泉
炭水車
短音階
短日月
端境期
胆汁質
蛋白石
誕生石
団平船
弾着点
弾道弾
断断乎
断末魔
檀那芸
段梯子
段別割
男伊達
男一匹
男所帯
男冥利
男郎花
値言語
値嵩株
知恵歯
知恵袋
知識欲
知情意
地下茎
地久節
地球儀
地公法
地獄耳
地獄変
地磁気
地震国
地吹雪
地政学
地蔵顔
地団太
地団駄
地蜘蛛
地鎮祭
地動説
地文学
地平線
地方裁
地労委
智慧歯
智慧袋
智能犯
稚児輪
置時計
置手紙
置土産
置炬燵
致命傷
蜘蛛猿
蜘蛛手
蜘蛛膜
遅進児
遅知恵
畜生道
畜生腹
竹細工
竹似草
竹夫人
竹蜻蛉
蓄音器
蓄音機
蓄電器
蓄電池
蓄膿症
茶屋酒
茶菓子
茶箪笥
茶飯事
茶柄杓
茶坊主
茶筌髪
茶筅髪
着心地
着道楽
着背長
中学年
中間子
中間色
中距離
中山道
中仕切
中耳炎
中種式
中心線
中二階
中納言
中粒種
仲人口
仲買人
昼光色
昼行灯
昼夜帯
柱時計
注釈行
注連縄
虫眼鏡
虫垂炎
虫媒花
駐輪場
猪口才
貯水池
丁字帯
丁定規
朝風呂
町火消
町道場
町年寄
町奉行
町役人
聴解力
聴神経
腸捻転
腸閉塞
超自然
超弩級
長椅子
長屋門
長音階
長音符
長火鉢
長広舌
長上下
長須鯨
長談義
長丁場
長尾鶏
長方形
長粒種
長脇差
長襦袢
鳥羽絵
鳥打帽
鳥渡見
鳥瞰図
直滑降
直視形
直定数
直弟子
直流形
賃仕事
賃貸借
鎮咳剤
鎮痙剤
追羽根
追羽子
追而書
追徴金
追分節
通信員
辻駕篭
辻強盗
辻説法
蔦紅葉
爪楊枝
釣鐘草
釣天井
釣天狗
鶴亀算
低価法
停車駅
停留所
定冠詞
定斎屋
定収入
定小屋
定常波
定足数
定置網
底意地
底引網
底曳網
底気味
庭下駄
庭石菖
庭木戸
弟切草
弟弟子
提灯屋
梯子酒
梯子段
泥絵具
泥仕合
泥試合
泥板岩
泥鰌髭
敵対心
敵愾心
適応症
鉄火場
鉄格子
鉄砧雲
鉄床雲
鉄板焼
鉄砲玉
鉄砲虫
鉄無地
天井値
天瓜粉
天下取
天花粉
天眼鏡
天眼通
天球儀
天産物
天蚕糸
天竺葵
天竺鼠
天邪鬼
天主教
天主堂
天守閣
天然色
天然痘
天長節
天動説
天道虫
天南星
天日塩
天秤棒
天保銭
天鵞絨
店屋物
店仕舞
店頭株
転換期
転写形
転轍機
点眼水
点鬼簿
点取虫
伝書鳩
伝声管
伝馬船
伝法肌
殿上人
殿様蛙
殿様芸
田楽刺
田舎家
電位差
電気銅
電磁場
電磁石
電信柱
電離層
電話形
吐月峰
屠蘇散
徒競走
徒刑囚
渡世人
渡船場
渡廊下
登竜門
都人士
都都逸
度量衡
土気色
土佐犬
土佐節
土手腹
土性骨
土石流
土壇場
土地鑑
土蜘蛛
土百姓
土用干
土用波
土饅頭
奴豆腐
倒卵形
党派心
冬将軍
凍豆腐
刀鍛冶
唐茄子
唐丸篭
唐胡麻
唐獅子
唐縮緬
唐人髷
唐団扇
唐津焼
唐破風
唐変木
投光器
投島田
東西屋
東天紅
東半球
桃源郷
桃節句
湯桶読
湯湯婆
湯豆腐
湯文字
湯帷子
灯心草
灯台守
当狂言
当推量
当番制
等圧線
等高線
等深線
筒井筒
糖衣錠
糖原質
到来物
藤四郎
藤八拳
豆鉄砲
豆板銀
豆腐殻
豆名月
逃口上
頭蓋骨
頭状花
頭陀袋
動物界
動脈血
同士打
同士討
同心円
同素体
同年輩
同父母
同類項
撞木杖
胴間声
道化師
道具方
道具立
道産子
道祖神
道中差
道徳心
道普請
得意顔
徳義心
徳政令
特飲街
特攻隊
特装車
独楽鼠
独眼竜
独禁法
独航船
独参湯
独壇場
独擅場
読後感
読唇術
読心術
栃麺棒
凸計画
凸面鏡
突拍子
鳶人足
呑兵衛
奈良漬
内火艇
内玄関
内交渉
内国債
内侍司
内侍所
内祝言
内親王
内大臣
内弟子
内分泌
内裏雛
縄暖簾
縄梯子
南京玉
南京錠
南京鼠
南京虫
南京豆
南宗画
南半球
軟口蓋
軟文学
難行道
難事件
難問題
尼法師
肉体美
肉用種
肉襦袢
日時計
日射病
日照雨
日章旗
日本猿
日本間
日本犬
日本晴
日本刀
日本髪
日傭取
日和見
乳化剤
乳兄弟
乳酸菌
乳白色
入次数
入知恵
入道雲
入内雀
入母屋
入木道
如雨露
如何程
如何物
如菩薩
如夜叉
尿毒症
妊産婦
認証官
濡事師
葱坊主
熱血漢
熱射病
熱転写
熱容量
年格好
年甲斐
年代層
念持仏
粘液質
粘板岩
納品書
能狂言
能動態
脳溢血
脳外科
脳血栓
脳硬塞
脳腫瘍
脳充血
脳神経
脳震盪
脳貧血
脳膜炎
脳味噌
膿疱疹
農閑期
農機具
農用地
覗眼鏡
覗機関
蚤取粉
巴旦杏
把頭飾
覇王樹
波戸場
波止場
波布草
波羅蜜
破傷風
破防法
破魔弓
破魔矢
破落戸
破廉恥
婆羅門
芭蕉布
馬鹿貝
馬鹿面
馬鹿力
馬小屋
馬追虫
馬刀貝
馬糞紙
馬鈴薯
排中律
敗血症
背格好
背筋力
背負子
背負投
背理法
肺活量
肺気腫
肺結核
肺浸潤
配送所
培養基
媒酌人
媒染剤
梅雨晴
買気配
買言葉
売掛金
売気配
売言葉
売国奴
蝿取草
蝿地獄
博言学
博多織
博多帯
拍子木
白玉椿
白玉粉
白玉楼
白血病
白鹿毛
白真弓
白装束
白帯下
白地図
白昼夢
白頭翁
白内障
白拍子
白髪染
白飛白
白粉花
白兵戦
白味噌
白無垢
白木綿
白膠木
薄化粧
薄荷精
薄荷脳
薄荷油
薄葬令
薄馬鹿
薄力粉
莫大小
麦粒腫
箱提灯
箱馬車
肌襦袢
畑水練
発振器
発頭人
髪結床
髪切虫
抜衣紋
鳩羽色
鳩羽鼠
鳩時計
伴天連
判取帳
判任官
半永久
半可通
半夏生
半線形
半二重
半風子
半母音
半両銭
反意語
反義語
反魂香
反対称
反対色
反別割
帆掛舟
帆前船
帆立貝
搬送波
板草履
板目紙
汎神論
般若湯
販売元
番小屋
番太郎
卑金属
否定和
彼岸花
彼岸会
彼岸桜
悲喜劇
比丘尼
比翼塚
泌尿器
皮脂漏
皮針形
皮製品
緋牡丹
緋鹿子
肥満児
肥胖症
被加数
被減数
被参照
被写体
被除数
被乗数
避病院
避雷針
非金属
非決定
非現業
非国民
非終端
非衝撃
非成層
非戦論
非線形
非対称
非単調
非直結
非適応
非等価
非同期
非特異
非破壊
非売品
非有理
飛行船
飛込台
飛道具
飛竜頭
備前焼
備忘録
尾長鶏
尾頭付
微温湯
微積分
眉唾物
美意識
美女桜
美少女
美少年
美丈夫
美人局
美男葛
美濃紙
美濃判
鼻下長
鼻眼鏡
鼻濁音
鼻風邪
髭題目
膝蓋骨
膝栗毛
膝小僧
肘鉄砲
筆記具
桧皮葺
桧舞台
姫小松
姫百合
標準軌
標目表
氷菓子
氷砂糖
瓢箪鯰
表街道
表玄関
表沙汰
表座敷
表示法
表彰状
表彰台
表操作
表面積
表六玉
病原菌
病虫害
苗代水
苗代田
浜千鳥
浜納豆
浜防風
貧乏神
貧乏籤
貧民窟
賓頭盧
不可侵
不可測
不拡大
不干渉
不感症
不感帯
不揮発
不見転
不賛成
不死鳥
不祝儀
不出場
不所存
不承知
不承認
不消化
不寝番
不審火
不世出
不成立
不整脈
不正規
不生産
不精髭
不戦敗
不断草
不知火
不調法
不貞寝
不定称
不適合
不倒翁
不凍液
不等号
不等式
不動点
不導体
不妊症
不美人
不評判
不文法
不平衝
不眠症
不夜城
不履行
不銹鋼
付焼刃
付立染
婦女子
婦人病
富士額
富士絹
布海苔
布袋葵
布袋草
布袋腹
府県連
府選管
敷蒲団
敷布団
普化僧
普陀落
浮河竹
浮塵子
腐葉土
芙蓉峰
舞台面
舞台裏
葡萄色
葡萄茶
部屋住
風営法
風見鶏
風邪声
風信子
風水害
風知草
風通織
風土記
風土病
風媒花
風物詩
風来坊
風呂敷
伏魔殿
副食物
副走査
副読本
復原力
幅優先
福寿草
福神漬
腹足類
腹膜炎
腹話術
複合語
複合項
複数個
複素数
複複線
複文節
複本位
払出金
払戻金
仏手柑
仏掌薯
仏頂面
仏弟子
仏菩薩
仏法僧
物相飯
分解能
分教場
分水嶺
分度器
噴井戸
噴火口
粉糠雨
粉微塵
糞度胸
雰囲気
文庫本
文語文
文字種
文字数
文房具
聞上手
兵器廠
兵児帯
兵六玉
平家蟹
平行棒
平蜘蛛
平土間
平方根
平方和
平面体
平野水
平野法
並木道
閉曲線
閉村式
壁下地
壁新聞
壁訴訟
碧瑠璃
偏執狂
偏執病
偏頭痛
偏平足
変形法
変光星
変更子
変成岩
変声期
変奏曲
変復調
片一方
片割月
片口鰯
片山里
片手桶
片男波
片田舎
片脳油
片貿易
編組線
編年史
編年体
便衣隊
弁慶縞
弁慶草
弁才天
弁財天
弁証法
保護色
保護鳥
保証書
補元律
補陀落
墓碑銘
母者人
母集団
菩薩戒
菩薩道
菩提樹
菩提所
菩提心
奉加帳
奉公人
宝石商
放下僧
放射状
放生会
放物線
放浪癖
方解石
方程式
法医学
法華宗
法治国
法親王
法曹界
法螺貝
法蓮草
萌葱色
鳳仙花
坊主枕
忘年会
暴対法
暴風雨
棒高跳
紡錘形
貿易尻
貿易風
防空壕
防潜網
防波堤
北寄貝
北極熊
墨烏賊
朴念仁
没食子
没法子
没理想
本場所
本総会
本草学
摩擦音
摩天楼
磨崖仏
魔法使
枕屏風
又弟子
抹香鯨
末代物
末摘花
満艦飾
満天下
満天星
満年齢
蔓植物
蔓茘枝
味噌歯
味噌汁
味噌豆
未央柳
未開拓
未開発
未確保
未決監
未決済
未決囚
未検出
未処理
未曾有
未登録
未払金
未払込
未亡人
蜜柑色
夢物語
夢遊病
無一物
無演算
無煙炭
無縁仏
無花果
無患子
無機物
無記憶
無沙汰
無作為
無試験
無事故
無重力
無生物
無精髭
無精卵
無声音
無双窓
無駄花
無駄口
無駄骨
無駄足
無駄飯
無体物
無調法
無定形
無党派
無得点
無任所
無配当
無風帯
無辺際
無矛盾
無名指
無頼漢
無利息
婿養子
娘子軍
冥王星
名演技
名残月
名残折
名刺判
名乗字
名題下
名店街
名付親
明後年
明障子
明太子
明朝体
明天子
銘銘皿
綿実油
綿織物
綿津見
綿帽子
面白味
面目玉
模様替
孟宗竹
毛細管
毛織物
毛氈苔
毛繻子
盲法師
網代木
網襦袢
蒙古斑
木阿彌
木強漢
木戸銭
木太刀
木炭紙
木賃宿
木捻子
木目込
黙示録
目正月
目八分
目分量
目論見
勿忘草
問屋場
紋御召
紋縮緬
紋白蝶
門前払
門弟子
門徒宗
夜汽車
夜見世
夜光虫
夜想曲
夜盗虫
夜尿症
夜盲症
野狐禅
野次馬
野太鼓
野太刀
野武士
野暮天
野良犬
野幇間
野薔薇
矢車菊
矢車草
矢飛白
役不足
約束事
薬局方
薬研堀
薬剤師
薬包紙
柳行李
柳葉魚
薮柑子
油絵具
油障子
油送船
輸尿管
輸卵管
唯名論
優勝杯
優先株
優曇華
友千鳥
友禅染
有機物
有神論
有声音
有体物
有田焼
有難味
有難涙
有平糖
有利子
有理数
誘蛾灯
誘導体
遊閑地
遊漁船
遊水地
遊牧民
遊冶郎
郵便箱
夕月夜
夕御飯
夕日影
夕陽影
予科練
予測子
予防線
余所見
余所事
余所目
与太郎
預貯金
幼馴染
幼友達
揚羽蝶
揚雲雀
揚繰網
楊弓場
様子見
溶鉱炉
溶連菌
熔鉱炉
用器画
用箪笥
用部屋
用務員
羊皮紙
羊羹色
葉牡丹
葉鶏頭
葉菜類
葉茶屋
葉緑素
要心棒
踊子草
踊念仏
陽極線
陽電気
陽電子
陽明学
養嗣子
養親子
養父母
養毛剤
抑鬱症
翌翌月
翌翌週
翌翌年
羅紗紙
羅針儀
羅針盤
螺子切
頼信紙
雷親父
落下傘
落花生
落第生
落葉樹
落葉松
乱気流
乱層雲
卵塔場
蘭塔場
利休色
利休鼠
利権屋
理想郷
裏街道
裏鬼門
裏千家
裏長屋
裏背戸
裏番組
里言葉
里神楽
離乳食
陸屋根
陸産物
陸蒸気
陸軟風
律令制
立志伝
立女形
立振舞
立太子
立待月
立田姫
立方根
立方体
立法府
略本暦
流行眼
流行児
流線型
流鏑馬
流灯会
流離譚
硫酸紙
隆鼻術
竜眼肉
竜騎兵
竜舌蘭
竜田姫
竜吐水
竜涎香
旅客船
旅興行
旅芸人
旅商人
旅篭屋
両脚規
両極端
両成敗
両棲類
両生類
両天秤
両方向
凌霄花
梁山泊
良導体
力仕事
緑藻類
緑柱玉
緑内障
淋巴液
淋巴管
淋巴腺
燐灰石
燐灰土
臨済宗
輪袈裟
輪島塗
鱗翅類
瑠璃鳥
類音語
類概念
類義語
類人猿
令夫人
冷暗所
冷血漢
冷罨法
鈴蘭灯
零余子
霊安室
暦年齢
列方向
劣後債
廉恥心
恋女房
煉製品
練製品
蓮華草
連子窓
連子鯛
連体詞
連分数
連文節
連絡所
連立法
錬金術
櫓太鼓
櫓拍子
労基局
労基法
廊下鳶
牢名主
牢役人
老大家
老婆心
聾桟敷
蝋細工
肋膜炎
和歌集
和漢洋
和御魂
話言葉
話半分
藁工品
藁半紙
藁布団
腕相撲
丼勘定
仄仄明
佝僂病
偃月刀
辨慶縞
辨慶草
曼陀羅
曼荼羅
哺乳類
喇嘛教
嗅煙草
囃子詞
囃子物
夾竹桃
娑婆気
嬶天下
屁理屈
弩級艦
彌次馬
扁桃腺
扁平足
抒情詩
抛物線
捩鉢巻
撥音便
擂粉木
擲弾筒
曖昧屋
朧月夜
朧昆布
杣小屋
枸櫞酸
梵論字
棊子麺
棗椰子
檳榔樹
鬱金香
洒落本
浚渫船
涅槃会
瀝青炭
熨斗袋
熨斗目
熨斗鮑
熬海鼠
爬虫類
犢鼻褌
猩紅熱
猩猩蝿
猩猩緋
琺瑯質
疝気筋
疥癬虫
癇癪玉
盂蘭盆
砒酸鉛
硅藻土
祿盗人
笊蕎麦
筍生活
箝口令
籐椅子
籐製品
絆創膏
絽縮緬
綺羅星
綺麗事
綺麗所
羞恥心
腓腸筋
腓腹筋
膃肭臍
艷布巾
莢隠元
莢豌豆
菎蒻版
菠薐草
蒟蒻玉
蒟蒻版
蕁麻疹
蜃気楼
蝙蝠傘
螻蛄首
誣告罪
謳文句
讚美歌
贔屓目
躁鬱病
輻射熱
轆轤首
轆轤台
轆轤鉋
邯鄲師
饂飩粉
饅頭笠
驃騎兵
鴉片窟
鵞口瘡
鹹水魚
麒麟児
麝香鹿
麝香猫
狂牛病
最寄駅
嚊天下
甲必丹
伽藍堂
下駄箱
小芥子
叩頭虫
蒟蒻粉
柴折戸
止汗剤
獅子唐
注連飾
仕舞屋
腎不全
磨硝子
露兜樹
団子鼻
唾液腺
提灯持
父無子
弖爾波
手爾波
木偶坊
屠畜場
銅鑼焼
団栗眼
猫撫声
挟将棋
梯子車
針千本
発条秤
檜舞台
告天子
鐚一文
福良雀
葡萄酒
鼈甲飴
骨折損
回灯籠
翻車魚
鞭打症
萌黄色
翻筋斗
弥次馬
弥猛心
矢鱈漬
遣甲斐
交譲木
立心偏
稚海藻
裙蔕菜
鮎魚女
青味泥
赤毛猿
脚長蜂
阿房鳥
食蟻獣
玉筋魚
伊佐木
映日果
水蝋樹
疣取木
水蝋虫
雨波貝
金雀枝
海老蟹
大葉子
沖醤蝦
尾長鳥
介殻虫
酢漿草
闊葉樹
蛇舅母
蟹食猿
軽目焼
硝子瓶
喜佐古
仰仰子
草蜻蛉
小女子
金亀子
山奇量
座頭鯨
青竜蝦
石菖蒲
水爬虫
鉄刀木
棚牡丹
田平子
偽瓢虫
唐萵苣
豆板醤
豆瓣醤
薯蕷藷
長簀鯨
翅斑蚊
浜茄子
金花虫
馬珂貝
食火鶏
披針形
白頭鳥
扁蜘蛛
梭尾螺
馬蛤貝
目利安
鎗柔魚
喚子鳥
老頭児
我毛香
葦手書
暗暗裡
意気組
意気張
意地尽
芋明月
印半天
蜘蛛助
押切帳
火消役
火吹竹
荷受人
介添役
格子造
観世縒
泣寝入
空気抜
繰出孔
検索漏
見舞状
高利回
祭文語
仕入値
仕立屋
歯磨粉
手付金
受取分
秋津州
蜻蛉洲
賞恤金
将棋倒
小屋掛
小僧子
松喰虫
松食虫
焼饂飩
焼蕎麦
焼野原
場所割
場所入
常盤津
常盤木
蒸留酒
色仕掛
須弥壇
水平型
雀寿司
世話焼
精霊船
正観音
西洋梨
青紫蘇
赤紫蘇
線維状
線維素
舟大工
船着場
舟着場
舟板塀
舟問屋
前前回
粗大塵
素人眼
総屯数
綜本部
増巾器
造酒屋
群時雨
代神楽
値引数
智識欲
地引網
地曳網
地熨斗
地玉子
知能犯
遅智恵
遅智慧
中華饅
中華麺
中仙道
緋縮緬
山楝蛇
眼奈太
木天蓼
馬尾藻
神馬藻
便乱坊
天糸瓜
寝坊助
欄区切
用紙送
由無言
矢継早
棒手振
敷居越
売約済
配当落
乳呑子
通行止
内視鏡
脳軟化
脳脊髄
出血熱
筋痛症
唾液管
脊髄膜
新世界
阿弥陀
阿彌陀
伊呂波
海仁草
金海鼠
恵比須
次期防
耳下腺
出来値
小田巻
数寄屋
中長期
風馬牛
魔法瓶
洋菓子
相腰掛
玻璃珠
意気地
小気味
赤外線
折紙付
雪花菜
仲見世
土佐絵
蝦虎魚
安近短
重量挙
数時間
野木瓜
老海鼠
官公労
空手形
領事館
盧遮那
形容詞
地方銀
発行済
気管支
季節風
公会堂
総領事
空元気
善知鳥
保護司
葉煙草
原水禁
普段着
益荒男
小中学
日本学
山桜桃
手間隙
羽団扇
合衆国
大時代
数箇国
不如帰
霍公鳥
沓手鳥
少納言
道府県
比目魚
潤滑油
大震災
医学部
出入口
天下一
営養食
期限切
思春期
皐月雨
常套句
早月雨
急先鋒
車椅子
数表示
内風呂
薔薇色
稽古事
香具師
多色刷
餅菓子
雪達磨
流作業
胃潰瘍
燕尾服
匙加減
人情噺
生醤油
茶碗蒸
核持込
大角豆
夏場所
恵比寿
手間暇
西海岸
不可視
自営業
都大路
日本人
板硝子
個人向
鯣烏賊
実生活
枢機卿
部屋割
智識人
蕎麦殻
出張所
赤味噌
先進地
国文学
後処理
漢方薬
日本酒
胡頽子
再発見
報道局
核保有
終電車
馬酔木
覚醒剤
無防備
突破口
不必要
現代書
天文学
預金高
不祥事
高金利
精神病
田吾作
准会員
航空機
製作所
竹麦魚
中国語
市役所
日本紙
都市銀
事業主
不作為
大学卒
無投票
停車場
行政府
領収証
無免許
警備隊
苦労人
日本食
悪感情
症候群
懲戒免
沈丁花
短距離
同窓会
歌舞伎
栄養食
健康上
初舞台
地方紙
測候所
現住所
考古学
近代詩
自販機
日本一
優勝旗
事務職
依頼心
教職員
好事家
中心地
要注意
機関車
都知事
無政府
私文書
浜木綿
軽工業
鉱工業
可処分
手作業
少子化
人間味
過積載
歓楽街
村役場
小論文
双眼鏡
原動力
交響楽
東海岸
外科医
老夫婦
小児科
博物学
周波数
女学校
新分野
短長打
映画館
好成績
最上階
妃殿下
口内炎
先入観
農繁期
風呂場
核家族
参事官
証取法
鳥小屋
天然石
同義語
組写真
修羅場
集魚灯
不純物
私家版
商行為
青銅器
無駄話
基本給
向学心
自画像
主題歌
神経痛
人情味
和漢薬
高学歴
高血圧
同窓生
栄養士
片方向
人情話
右犠飛
桜前線
正社員
番外地
核弾頭
関心事
初診料
絹織物
最南端
人工芝
性教育
旅客機
抗癌剤
関節炎
祝賀会
最低限
記念碑
文学部
裁判所
理化学
洗面所
顔写真
不合格
全国一
迫撃砲
伝染病
通用門
洗濯機
下腹部
初会合
小動物
潜水艦
新聞紙
生産財
不特定
公文書
非武装
家庭科
交響曲
流行歌
交通網
熱帯魚
無利子
小冊子
道交法
消防局
歌謡曲
本調子
最小限
焼却炉
単行本
慰霊祭
過渡期
適齢期
北西部
知識人
生態学
花柳界
魚介類
不起訴
行政官
消火器
連判状
年度末
国内産
耳鼻科
国土法
大株主
死刑囚
無期限
街路樹
全責任
少人数
歯科医
大自然
信号機
準会員
資料館
美容師
看護婦
救急車
芸術家
銀行員
運転手
学習塾
政治家
人民元