研究所
一時期
一昼夜
自動車
中国人
全日本
日本語
一安心
二重化
八百長
一体化
一元化
高校生
四半期
一本気
小学校
大人気
国公立
四死球
十二分
八千代
三角形
五十音
五倍子
一直線
六十路
三十路
三重苦
十字形
八十路
左前打
大安売
一対一
円運動
三味線
受発注
小細工
早合点
大発見
中実化
長大息
入出力
明文化
空取引
十字火
三遊間
自転車
二返事
一家言
一口話
一次局
一次元
一神教
一身上
一生面
一対多
一代記
一大事
一等国
一等親
一等星
一頭地
一方向
一毛作
一夜酒
五角形
五七調
五十路
三悪道
三角州
三角柱
三角波
三原色
三行半
三国一
三世相
三等親
三毛作
三和音
四角形
四君子
四十路
四天王
四半分
四分六
四本柱
四六文
七五調
七十路
七道具
七福神
七面鳥
七曜星
十五夜
十三夜
十姉妹
十字路
十二宮
十文字
十六夜
千秋楽
千石船
千代紙
千鳥足
千両箱
千六本
二王門
二王立
二期作
二合半
二字口
二次局
二次元
二乗根
二刀流
二等親
二皮目
二毛作
八重歯
八頭身
八百屋
八分目
八文字
八里半
百物語
百万言
百面相
百葉箱
六角形
六面体
一本刀
中学校
四次元
三次元
県知事
真面目
大学生
意地悪
下町風
口下手
口上手
出放題
上調子
真四角
身勝手
世界一
生意気
生一本
多方面
鉄面皮
当世風
鼻高高
野放図
小意気
一合目
小学生
短時間
長時間
長期間
今時分
真昼間
出会頭
出合頭
子会社
商取引
天文台
大使館
下水道
大学院
中学生
地下鉄
水族館
出来高
乗用車
内出血
国内線
通行人
日本円
世話人
原子力
行進曲
音楽家
図書館
親会社
女子大
相談役
運動会
農作物
代理人
当番医
出入国
有名人
都立高
発起人
大部屋
上半期
体育館
自由形
教習所
研究生
出来事
遊歩道
作業場
後見人
開業医
重工業
大発会
工学部
女子高
青写真
大黒柱
生活苦
同級生
早場米
大回転
教科書
医薬品
食生活
頭文字
炭化物
大口魚
身代金
正方形
高学年
回帰線
小切手
上級車
下半期
山小屋
同期生
農工高
生放送
次世代
主人公
水時計
内服薬
調理場
起工式
同年代
右中間
上半身
新天地
中高年
氷点下
母子草
短期間
転入生
高分子
太陽光
長短打
小手先
農作業
顔見世
出世頭
農学部
小道具
待合室
夏時間
公立大
左中間
中世代
見物人
進学校
地球人
転校生
女学生
青少年
地下道
用水路
玉虫色
新社屋
新入生
全紙面
思想家
小役人
前夜祭
生理学
長電話
白血球
手荷物
親切心
中高生
都会人
薬学部
交通死
人文研
多人数
理学部
持時間
上水道
相手方
直方体
売買春
緑黄色
雨夜花
下級生
室内楽
商学部
上級生
前頭葉
多面体
門下生
門外漢
画用紙
春場所
心意気
世間体
生化学
多数決
地上波
茶道具
動植物
絵手紙
絵文字
角力取
後頭部
光化学
死場所
秋刀魚
全人代
多年草
大理石
男子校
中生代
帳本人
鳴物入
野心作
大金持
安山岩
引出物
引立役
羽根車
羽二重
雨合羽
園遊会
遠海魚
遠山里
遠地点
遠日点
横文字
王代物
黄金虫
黄表紙
屋形船
屋根船
屋体店
屋台店
音頭取
下仕事
下手人
下手物
下世話
下相談
下半身
家具調
歌祭文
火口湖
火山岩
火事場
火取虫
火食鳥
火打金
火打石
花言葉
花水木
花電車
花文字
回転子
海王星
海人草
海水温
絵空事
絵草紙
絵日記
絵葉書
開発元
外字紙
角細工
学用品
活魚車
活社会
活人画
感化院
間仕切
丸合羽
気動車
客商売
宮大工
宮入貝
魚市場
強意見
玉手箱
金切声
金相学
銀時計
銀世界
区役所
空中線
空文字
君子人
兄弟子
兄弟分
計数形
軽音楽
軽気球
血友病
月見草
月行事
月世界
犬追物
見取算
見取図
見世物
見目形
原子病
原生代
古事記
古生代
古道具
古筆切
古物商
古文書
古本屋
後生楽
光電池
公使館
公倍数
口言葉
口語体
口語文
向上心
工学科
広小路
広目屋
広目天
行行子
高山病
高調子
高天原
高土間
高島田
合気道
合言葉
国言葉
黒死病
黒水引
黒百合
黒文字
黒曜石
根切虫
山茶花
山百合
仕事場
仕立物
使用人
始生代
始発駅
子午線
思秋期
指向形
指人形
指南車
指南番
糸切歯
紙一重
紙工品
紙細工
歯学部
寺子屋
持国天
時代色
時代物
耳学問
自作農
自小作
自乗根
自身番
自力門
式言語
式次第
実社会
社有地
車前草
主調音
手間取
手間代
手工業
手細工
手仕事
手弱女
手道具
手文庫
受太刀
秋場所
秋日和
終着駅
終油礼
終列車
集配人
重化学
重箱読
重母音
宿根草
出雲神
出回線
出開帳
出次数
出小作
出場所
出世間
出世魚
出目金
出来秋
出来心
出来物
所作事
助太刀
女学院
女文字
勝手元
勝手口
勝負事
商売気
商売人
小荷物
小間使
小間物
小具足
小作農
小正月
小太刀
小町糸
小天地
小豆色
小麦色
小品文
小文字
小米花
小夜曲
少女子
少年院
消息子
消息通
上下動
上手物
食意地
食道楽
心字池
心食虫
心太草
心電図
新開地
新生代
新生面
新体詩
新入学
新発意
深海魚
深見草
深切気
真行草
真実味
真章魚
真人間
真正面
真田虫
神学校
神通力
親言語
親切気
親文字
親和力
身口意
身柱元
人間業
人国記
人心地
人相見
人相書
人待顔
人文字
人力車
水絵具
水銀柱
水仕事
水商売
水茶屋
水中花
水平形
水平面
世間気
世話場
世話物
星月夜
星取表
晴雨計
正会員
正教会
正反合
生字引
生世話
生返事
西王母
青海原
青人草
青道心
青二才
石火矢
石首魚
石竹色
石南花
赤間石
赤血球
赤新聞
赤電車
赤道祭
赤目魚
切口上
切取線
雪月花
川千鳥
船大工
船問屋
前口上
前受金
全速力
早教育
早月晴
早言葉
早少女
相弟子
相部屋
草屋根
草野球
速度形
村時雨
村八分
村役人
多角柱
多次元
多神教
多年生
多聞天
多方向
多毛作
太神楽
太刀魚
太刀持
太刀取
太刀風
太平楽
太陽年
打物業
体温計
対角線
代八車
大宮人
大業物
大原女
大広間
大黒天
大山木
大食漢
大神宮
大谷石
大道具
大入道
大八車
大番組
大風子
大福帳
大文字
大目玉
大和歌
大和絵
大和心
炭水車
短音階
短日月
地文学
地平線
竹細工
茶屋酒
着心地
着道楽
中学年
中間子
中間色
中山道
中仕切
中心線
中二階
昼光色
柱時計
町火消
町道場
町役人
長屋門
長音階
長上下
長丁場
長方形
鳥羽絵
直定数
直弟子
直流形
追羽根
追羽子
定小屋
定足数
庭木戸
弟切草
弟弟子
鉄火場
天下取
天主教
天道虫
天南星
店屋物
転写形
点取虫
電話形
土気色
土石流
土用波
投島田
東西屋
東半球
湯文字
等高線
等深線
豆板銀
豆名月
動物界
同心円
同父母
道具方
道具立
読後感
内親王
内弟子
南京玉
南京虫
南京豆
南半球
肉体美
日時計
日本間
日本犬
日本晴
日本刀
日和見
入次数
入道雲
入母屋
入木道
農用地
波戸場
波止場
馬小屋
馬追虫
馬刀貝
配送所
買気配
買言葉
売気配
売言葉
白血病
白真弓
白地図
箱馬車
畑水練
発頭人
半夏生
半線形
半二重
半風子
半母音
反意語
反対色
板目紙
番小屋
美少女
美少年
美人局
鼻下長
筆記具
表六玉
部屋住
風知草
風土記
風土病
風物詩
分教場
文庫本
文語文
文字数
聞上手
平土間
平方根
平方和
平面体
平野水
母者人
放生会
放物線
本場所
本草学
名乗字
名題下
明後年
明太子
明朝体
明天子
面白味
面目玉
木強漢
木太刀
木炭紙
目正月
目八分
問屋場
門弟子
夜汽車
夜見世
夜光虫
夜想曲
野次馬
野太刀
矢車草
薬局方
油絵具
油送船
友千鳥
有声音
有体物
有理数
遊水地
夕月夜
予科練
様子見
用部屋
羊皮紙
葉茶屋
陽電気
陽電子
陽明学
落花生
落第生
里言葉
里神楽
立女形
立太子
立待月
立方根
立方体
旅客船
旅商人
両方向
力仕事
緑柱玉
列方向
和歌集
和漢洋
話言葉
話半分
雨波貝
大葉子
小女子
鉄刀木
田平子
金花虫
白頭鳥
意気組
火消役
荷受人
祭文語
仕立屋
受取分
場所入
船着場
前前回
代神楽
地玉子
用紙送
配当落
通行止
新世界
中長期
風馬牛
意気地
小気味
赤外線
安近短
数時間
空手形
地方銀
空元気
小中学
日本学
大時代
医学部
出入口
天下一
思春期
早月雨
流作業
大角豆
夏場所
西海岸
都大路
日本人
実生活
先進地
国文学
漢方薬
日本酒
終電車
天文学
竹麦魚
中国語
市役所
日本紙
都市銀
事業主
日本食
地方紙
考古学
近代詩
日本一
中心地
都知事
軽工業
手作業
少子化
人間味
村役場
原動力
東海岸
外科医
女学校
新分野
短長打
鳥小屋
組写真
向学心
主題歌
和漢薬
正社員
番外地
文学部
理化学
顔写真
全国一
通用門
小動物
新聞紙
公文書
家庭科
流行歌
本調子
北西部
耳鼻科
少人数
歯科医
銀行員
運転手