研究所
博物館
美術館
百貨店
一時期
一昼夜
不十分
自動車
中国人
全日本
一苦労
日本語
不景気
一安心
二重化
八百長
不自由
選手権
一体化
非公式
一段落
一元化
高校生
国際線
一酸化
不可能
四半期
一本気
小学校
大人気
国公立
文化財
不公平
四死球
十二分
一昨年
八千代
三角形
不人気
無関係
五十音
五倍子
仮処分
一直線
三輪車
再始動
六十路
非合法
一類米
三十路
三重苦
留守番
食中毒
試運転
十字形
後始末
気苦労
度外視
日光浴
八十路
立往生
一欠片
左前打
深呼吸
大安売
集大成
投開票
密輸入
一対一
円運動
仮調印
急停車
誤操作
誤動作
光応答
最敬礼
三味線
失血死
手加減
受送信
受発信
受発注
縦磁化
小細工
水酸化
戦病死
早合点
多極化
大発見
単一化
中実化
長大息
直談判
直輸出
転貸借
土下座
入出力
熱重合
反比例
不時着
棒暗記
明文化
野垂死
乱反射
幹竹割
再割当
目盛付
空取引
不安定
八重桜
一筋縄
十字火
三段飛
三遊間
自転車
二返事
一院制
一家言
一見識
一元論
一個人
一口話
一昨月
一昨週
一次局
一次元
一神教
一身上
一寸見
一生面
一切経
一対多
一代記
一大事
一段法
一中節
一転機
一等国
一等親
一等星
一頭地
一片食
一方向
一面観
一面識
一毛作
一目散
一夜妻
一夜酒
一輪車
九官鳥
九谷焼
五角形
五七調
五十路
五目飯
五葉松
三悪道
三角州
三角柱
三角波
三原色
三行半
三国一
三重唱
三重奏
三世相
三太夫
三等親
三白眼
三文判
三毛作
三連星
三和音
四角形
四君子
四現業
四十路
四重唱
四重奏
四天王
四等官
四半分
四分六
四方拝
四本柱
四六文
七五調
七十路
七道具
七福神
七変化
七宝焼
七面鳥
七曜星
十五夜
十三夜
十姉妹
十字軍
十字路
十進法
十二宮
十二支
十二単
十文字
十六夜
千秋楽
千石船
千代紙
千鳥足
千分比
千里眼
千両箱
千六本
二王門
二王立
二期作
二筋道
二元論
二合半
二酸化
二字口
二次局
二次元
二重唱
二重奏
二乗根
二進法
二刀流
二等親
二等兵
二皮目
二本差
二本棒
二毛作
八重歯
八潮路
八頭身
八百屋
八分目
八文字
八里半
百物語
百分比
百万言
百面相
百葉箱
万国博
万灯会
六角形
六観音
六尺棒
六地蔵
六道銭
六面体
一簡切
一周年
無責任
一本刀
中学校
四六判
四次元
不適切
不自然
無計画
三次元
無意味
保健所
四全総
不可分
不健康
不条理
殺風景
県知事
真面目
不注意
不完全
大学生
力不足
不誠実
神経質
親不孝
不可欠
無神経
有意義
高飛車
不可解
無愛想
意固地
意地悪
下町風
過保護
口下手
口上手
好都合
高性能
出放題
小利口
上調子
心得顔
真四角
身勝手
人間並
世界一
生意気
生一本
生半尺
昔気質
絶好調
素寒貧
多方面
短兵急
中規模
鉄面皮
当世風
得意気
非合理
非人情
鼻高高
筆無精
不格好
不器量
不気味
不規則
不具合
不健全
不見識
不行届
不細工
不作法
不死身
不信心
不心得
不親切
不身持
不人情
不成績
不正直
不相応
不体裁
不調和
不適任
不道徳
不得意
不徳義
不品行
不風流
不満足
不明朗
不面目
不用意
不用心
不養生
不料簡
不連続
分相応
片意地
未定義
無愛敬
無意義
無意識
無感覚
無気味
無気力
無作法
無自覚
無造作
無定見
無能力
無表情
無風流
無用心
無礼講
野放図
有頂天
足忠実
不熱心
無節操
親孝行
不都合
不手際
不思議
熱処理
事故死
手不足
急降下
直輸入
確実視
小意気
一合目
総決算
感無量
立候補
小規模
不経済
不動産
非常識
事務所
高水準
小学生
無制限
未解決
不義理
未経験
不得手
不正確
未確認
税務署
不本意
再来週
不合理
未完成
短時間
再来年
長時間
長期間
無所属
気象台
今時分
再来月
真昼間
水無月
出会頭
出合頭
二輪車
子会社
飛行機
弁護士
商取引
天文台
不始末
不信任
再出発
留学生
海水浴
放射線
府議会
市議会
大使館
下水道
大学院
中学生
望遠鏡
地下鉄
暴力団
居留民
税理士
水族館
家政学
県議会
出来高
乗用車
内出血
不参加
国内線
通行人
日本円
世話人
再検討
保育園
原子力
通信使
行進曲
準決勝
総動員
変化球
無関心
派出所
不利益
音楽家
図書館
遺伝子
親会社
卒業生
女子大
研修生
不適当
無一文
交差点
小料理
公選法
相談役
温泉郷
運動会
農作物
受験生
代理人
非課税
当番医
助教授
私生活
町議会
麦芽糖
英会話
新幹線
出入国
有名人
最下位
公務員
都立高
支配人
電話機
発起人
大部屋
府知事
上半期
体育館
非公開
自由形
検察官
過半数
教習所
研究生
出来事
遊歩道
作業場
飛行場
座布団
高気圧
初対面
不明確
寄生虫
小麦粉
裁判官
後見人
借入金
新体操
不戦勝
消防署
開業医
重工業
延長線
交易会
大発会
同性愛
冷蔵庫
工学部
予備校
協業化
水不足
好景気
最大手
女子高
古武士
熱帯夜
最大限
青写真
消息筋
大黒柱
生活苦
記念樹
同級生
協奏曲
配達員
早場米
小型車
大回転
会計士
教科書
辞任願
直営店
物価高
優等生
出資法
有機米
市街地
手数料
医薬品
所在地
宣教師
密入国
食生活
製造元
頭文字
年賀状
測定機
乳母車
不衛生
炭化物
次官補
初節句
加速器
得失点
大口魚
国務相
送受信
無条件
営林局
身代金
注意報
応接間
放射光
焼死体
正方形
未成年
芸能人
現時点
高学年
試験場
初場所
回帰線
雑木林
小切手
上級車
非常勤
下半期
警察官
激動期
山小屋
同期生
農工高
不定期
連用形
歌合戦
生放送
骨関節
次世代
主人公
水時計
成功裏
小海老
先住民
代議員
内服薬
増減税
調理場
留守電
起工式
志望校
常備薬
同年代
林産物
連合体
右中間
公民館
上半身
法学部
下馬評
拡大鏡
現代病
似顔絵
新天地
収納箱
消防車
大統領
中高年
追試験
不退転
氷点下
変革期
母子草
原動機
短期間
転入生
都議会
半導体
秘書官
非常口
高分子
今世紀
受話器
新大陸
太陽光
長短打
自治体
小手先
農作業
老眼鏡
海産物
心不全
放射能
顔見世
義勇軍
出世頭
青信号
通勤着
農学部
木製品
小道具
待合室
貯蔵庫
背番号
仏教徒
未知数
夏時間
禁酒令
公立大
左中間
最上級
最前線
私小説
実体験
調査官
入退院
散歩道
市庁舎
重労働
大道芸
美術家
問題児
悪条件
受精卵
正念場
大動脈
大内裏
中世代
副産物
貴金属
軍楽隊
見物人
進学校
地球人
中高層
転校生
居心地
居留守
公権力
好条件
皇太子
主治医
女学生
青少年
大改革
地下道
仏舎利
用水路
格納庫
玉虫色
個人技
財政難
新社屋
新入生
人間像
全紙面
愛国心
警部補
思想家
私立高
時間割
手料理
重火器
出退勤
純文学
助産婦
小役人
新所帯
森林浴
前夜祭
草木染
大本営
土俵際
脳死体
輸出入
活性炭
休耕田
金平糖
原材料
手土産
重軽傷
真犯人
生理学
大納会
地下街
張本人
長電話
農産物
白血球
腹時計
米穀店
居酒屋
最年少
手荷物
親切心
赤信号
中高生
敵同士
都会人
内務相
病害虫
富士見
片手間
薬学部
陸海空
井戸水
現在地
現実味
交通死
行財政
高画質
人文研
多人数
多連装
中性子
電磁波
脳出血
氷河期
理学部
持時間
救世主
求心力
光合成
左大臣
最高潮
最年長
雑種犬
資料集
自然体
上水道
新銀河
水加減
相手方
代議士
直方体
特効薬
売買春
無機質
友好国
緑黄色
筋金入
段段畑
悪材料
雨夜花
下級生
句読点
私書箱
室内楽
商学部
上級生
生損保
専門医
前頭葉
祖父母
多面体
代名詞
都府県
乳製品
物真似
本支社
門下生
門外漢
英単語
屋台骨
画用紙
個個人
指針案
重金属
春場所
純資産
心意気
世間体
生化学
聖母子
洗張屋
多数決
打楽器
地上波
茶道具
田舎道
土産物
動植物
乳幼児
秘蔵子
不燃材
風雲児
夢心地
横断幕
絵手紙
絵文字
外野席
角力取
金米糖
銀行株
空気圧
形態素
後頭部
光化学
死場所
主成分
秋刀魚
書記官
松竹梅
真似事
政財界
全人代
多年草
大理石
男子校
地元民
地上職
中生代
帳本人
電磁気
土俵入
府県境
府県警
鳴物入
野心作
用心棒
空出張
我利勉
山小菜
新世帯
大金持
目玉焼
愛弟子
悪天候
安山岩
安全灯
安全弁
安息香
暗暗裏
案山子
以遠権
易行道
易損品
異教徒
異分子
異母弟
移動子
胃下垂
胃拡張
衣食住
衣装方
遺家族
遺句集
遺留分
井戸車
印刷所
印刷物
印象派
因果律
引出物
引立役
飲兵衛
院外団
右大臣
宇宙船
羽根車
羽二重
羽布団
雨合羽
運営上
営養素
営林署
映写機
栄養素
栄養分
永久歯
英数字
円熟味
園遊会
延人員
延日数
遠海魚
遠眼鏡
遠山里
遠地点
遠日点
塩加減
塩干魚
塩類泉
往生際
往来止
横文字
王代物
黄金虫
黄心樹
黄泉路
黄鉄鉱
黄熱病
黄表紙
岡場所
沖積世
沖仲仕
屋形船
屋根船
屋根裏
屋体骨
屋体店
屋台店
音数律
音頭取
下検分
下降形
下仕事
下士官
下手人
下手物
下世話
下相談
下半身
仮名書
仮命令
加圧水
加減算
加減物
可耕地
可変長
夏安居
家具調
歌祭文
歌留多
火加減
火口湖
火山灰
火山岩
火山脈
火事場
火取虫
火食鳥
火成岩
火打金
火打石
花供養
花言葉
花水木
花電車
花文字
花林糖
貨客船
過現未
過電圧
過不足
解像力
回転子
快男児
海王星
海人草
海水温
海草類
海老根
海老茶
灰神楽
灰白色
絵巻物
絵空事
絵草紙
絵日記
絵葉書
開発元
貝独楽
外字紙
外祖父
外祖母
外輪船
格子戸
格天井
格納域
格文法
角砂糖
角細工
革新党
革製品
学用品
楽屋裏
割下水
割台詞
活魚車
活社会
活人画
寒暖計
寒念仏
巻子本
巻取紙
巻積雲
巻層雲
官公庁
感化院
慣手段
慣用音
管楽器
観世音
観念論
観覧席
間欠泉
間欠熱
間仕切
間投詞
丸合羽
丸天井
岩清水
岩田帯
器量人
基準局
基本形
基本実
寄宿舎
寄生木
希塩酸
希元素
希土類
旗行列
旗指物
機織虫
帰休兵
気動車
気保養
紀元節
記念祭
貴公子
貴婦人
起重機
義兄弟
義太夫
義理合
議事堂
客商売
逆光線
宮大工
宮入貝
弓張月
救護班
救命具
求知心
泣上戸
居開帳
居場所
居待月
魚河岸
魚市場
魚灯油
京鹿子
競争心
協同体
強意見
強談判
強力粉
教会堂
橋供養
胸三寸
興信所
興信録
郷土色
極楽鳥
極座標
玉案下
玉砂利
玉手箱
禁治産
筋肉質
近衛府
近視眼
金玉糖
金砂子
金切声
金相学
金本位
金輪際
銀灰色
銀砂子
銀時計
銀世界
銀本位
区役所
空管理
空景気
空世辞
空中線
空念仏
空梅雨
空文字
君子人
群計数
群千鳥
軍資金
兄弟子
兄弟分
景物詩
経産婦
経師屋
計算尺
計数形
計理士
警防団
軽演劇
軽音楽
軽気球
軽業師
軽金属
軽犯罪
劇映画
血色素
血友病
月見草
月行事
月世界
月輪熊
検案書
検査官
検事正
権現造
犬張子
犬追物
絹積雲
絹層雲
見取算
見取図
見世物
見目形
原産地
原子病
原住民
原生代
源氏車
現人神
限量子
個条書
古事記
古生代
古戦場
古道具
古筆切
古物商
古文書
古本屋
呼子鳥
固有値
固有部
戸障子
戸数割
後生楽
光電管
光電池
光量子
公使館
公孫樹
公倍数
公法人
公労委
公労協
公労法
功労賞
口言葉
口語体
口語文
口真似
口約束
向上心
好一対
好角家
好人物
好男子
好敵手
工学科
広小路
広帯域
広目屋
広目天
広葉樹
皇漢薬
皇太后
紅絹裏
紅差指
紅白粉
耕運機
考課状
考課表
考現学
航続力
行行子
行在所
降誕祭
香味料
高圧線
高山病
高姿勢
高周波
高祖父
高祖母
高調子
高天原
高土間
高島田
高等官
高等裁
高野聖
高利貸
合気道
合言葉
国家老
国言葉
国際色
国事犯
国大協
国文法
穀象虫
黒砂糖
黒死病
黒水引
黒装束
黒内障
黒百合
黒文字
黒曜石
根切虫
根無草
混在形
左義長
左近桜
左内側
差出口
差出人
砂時計
菜種油
在校生
財特法
作用素
策源地
桜海老
殺文句
雑収入
参事院
山査子
山茶花
山東菜
山百合
山法師
散文詩
産官学
産土神
蚕卵紙
仕事師
仕事場
仕付糸
仕立物
使用人
司法官
士君子
始生代
始発駅
子午線
思秋期
指揮棒
指向形
指示薬
指人形
指導室
指南車
指南番
指標語
指物師
指話法
枝垂桜
枝折戸
死装束
私家集
私経済
私生子
私生児
私法人
私有地
糸切歯
紙一重
紙工品
紙細工
視神経
視話法
詞花集
試金石
試験管
資機材
歯学部
寺子屋
持久走
持国天
持仏堂
時代色
時代物
磁鉄鉱
耳学問
耳年増
自意識
自家製
自己流
自公民
自作農
自治領
自主権
自小作
自乗根
自身番
自制心
自然人
自尊心
自動詞
自力門
式言語
式次第
識別子
失敗談
実事師
実社会
実定法
社外秘
社有地
謝肉祭
車井戸
車海老
車前草
借金取
借受金
尺取虫
若年寄
主調音
守護神
守本尊
手塩皿
手間取
手間損
手間代
手間賃
手工業
手細工
手仕事
手弱女
手真似
手道具
手内職
手文庫
手弁当
種種相
酒石酸
首実検
受太刀
受動態
受領証
授乳期
修道院
修理工
秋場所
秋日和
終着駅
終油礼
終列車
集光器
集配人
従価税
従兄弟
従姉妹
従量税
重化学
重過失
重水素
重箱読
重母音
宿根草
熟練工
出雲神
出回線
出開帳
出教授
出次数
出小作
出場所
出世間
出世魚
出不精
出無精
出目金
出来秋
出来心
出来物
春告鳥
順不同
順養子
初一念
初感染
初生児
初太刀
初日出
所作事
所司代
所帯持
所得顔
書院造
助数詞
助太刀
助動詞
助兵衛
女学院
女子衆
女文字
序数詞
序破急
勝手元
勝手口
勝負事
商売気
商売人
商売敵
将軍家
小宇宙
小荷物
小間使
小間物
小具足
小作農
小松菜
小正月
小前提
小太刀
小男鹿
小町糸
小天地
小豆色
小納戸
小馬鹿
小麦色
小品文
小文字
小米花
小夜曲
少女子
少年院
招待客
松花堂
消石灰
消息子
消息通
焼太刀
照空灯
照葉樹
笑上戸
象皮病
上下動
上手物
上成績
上達部
上得意
常居所
常習犯
常世国
常得意
常夜灯
常緑樹
条件下
職業病
色眼鏡
色収差
食意地
食人種
食道楽
信楽焼
信用貸
心字池
心食虫
心太草
心電図
新開地
新建材
新生児
新生代
新生面
新体詩
新入学
新発意
新聞種
深海魚
深見草
深成岩
深切気
真言宗
真行草
真骨頂
真実味
真章魚
真人間
真正面
真善美
真田虫
神学校
神通力
神無月
親衛隊
親言語
親告罪
親切気
親馬鹿
親文字
親類書
親和力
身口意
身代限
身柱元
針供養
針仕事
針葉樹
人外境
人間業
人国記
人差指
人情本
人心地
人真似
人相見
人相書
人造湖
人待顔
人非人
人文字
人力車
仁王門
仁王立
垂直形
垂乳根
推計学
水絵具
水銀柱
水耕法
水産物
水酸基
水仕事
水商売
水蒸気
水成岩
水茶屋
水中花
水平形
水平面
水様液
数種類
数表現
世間気
世間師
世捨人
世帯持
世迷言
世話場
世話物
制海権
制空権
性悪説
性善説
成人病
成文法
星月夜
星取表
星条旗
晴雨計
正会員
正教会
正書法
正反合
正比例
清教徒
清水焼
生産物
生字引
生世話
生石灰
生兵法
生返事
盛漁期
精進物
精進落
聖家族
聖観音
聖誕祭
西王母
青果物
青海原
青人草
青大将
青天井
青道心
青二才
青梅綿
静電気
石火矢
石灰岩
石灰石
石灰乳
石首魚
石炭酸
石竹色
石南花
積層形
積乱雲
責道具
赤間石
赤血球
赤砂糖
赤新聞
赤電車
赤道祭
赤目魚
切口上
切取線
接骨木
接続詞
折手本
節形式
節博士
説経節
雪割草
雪景色
雪月花
雪合戦
宣命書
川崎病
川千鳥
泉貨紙
浅黄裏
浅草紙
船大工
船問屋
前句付
前景気
前口上
前受金
前置詞
全盛期
全速力
全天候
素因数
素人目
組天井
奏鳴曲
層積雲
早教育
早月晴
早言葉
早少女
早生児
相思樹
相弟子
相部屋
総本部
草屋根
草競馬
草野球
装身具
走高飛
走馬灯
増長天
増分値
蔵人所
造物主
側帯波
側用人
速度形
孫弟子
村時雨
村八分
村夫子
村役人
多角柱
多血質
多次元
多神教
多年生
多聞天
多辺形
多方向
多毛作
太公望
太神楽
太政官
太刀魚
太刀筋
太刀持
太刀取
太刀風
太夫元
太平楽
太陽熱
太陽年
打物業
体温計
対位法
対角線
対義語
対頂角
代八車
大宮人
大業物
大経師
大見得
大原女
大広間
大黒天
大山木
大司教
大車輪
大上段
大食漢
大神宮
大政所
大前提
大蔵経
大谷石
大団円
大店法
大道具
大入道
大納言
大八車
大番組
大夫元
大風子
大福帳
大文字
大名芸
大目玉
大和歌
大和絵
大和心
宅急便
単安定
単衣物
単行法
単文節
単本位
探海灯
探査子
探照灯
炭酸泉
炭水車
短音階
短日月
誕生石
団平船
段別割
男所帯
値言語
知識欲
知情意
地久節
地公法
地磁気
地政学
地蔵顔
地団太
地動説
地文学
地平線
地方裁
地労委
置時計
置手紙
置土産
竹細工
竹似草
竹夫人
茶屋酒
茶飯事
着心地
着道楽
着背長
中学年
中間子
中間色
中山道
中仕切
中種式
中心線
中二階
中納言
仲人口
仲買人
昼光色
昼行灯
昼夜帯
柱時計
注連縄
虫眼鏡
貯水池
丁字帯
丁定規
町火消
町道場
町年寄
町役人
長屋門
長音階
長広舌
長上下
長談義
長丁場
長方形
鳥羽絵
直視形
直定数
直弟子
直流形
賃仕事
賃貸借
追羽根
追羽子
追分節
通信員
低価法
停車駅
停留所
定収入
定小屋
定常波
定足数
底意地
底気味
庭木戸
弟切草
弟弟子
提灯屋
敵対心
鉄火場
鉄格子
鉄板焼
鉄無地
天井値
天下取
天花粉
天眼鏡
天眼通
天産物
天蚕糸
天主教
天主堂
天守閣
天然色
天長節
天動説
天道虫
天南星
天日塩
天保銭
店屋物
店頭株
転写形
点眼水
点取虫
伝声管
伝馬船
田舎家
電位差
電気銅
電磁場
電磁石
電信柱
電話形
徒競走
都人士
土気色
土佐犬
土佐節
土手腹
土性骨
土石流
土用干
土用波
党派心
冬将軍
投光器
投島田
東西屋
東天紅
東半球
湯文字
灯心草
灯台守
当推量
当番制
等圧線
等高線
等深線
糖原質
豆板銀
豆名月
頭状花
動物界
動脈血
同士打
同士討
同心円
同素体
同父母
道化師
道具方
道具立
道産子
道祖神
道中差
道徳心
得意顔
徳義心
徳政令
特飲街
特装車
独禁法
独航船
独参湯
読後感
読心術
内祝言
内親王
内大臣
内弟子
南京玉
南京虫
南京豆
南宗画
南半球
難行道
難事件
難問題
肉体美
肉用種
日時計
日射病
日照雨
日章旗
日本間
日本犬
日本晴
日本刀
日和見
乳兄弟
乳白色
入次数
入道雲
入母屋
入木道
認証官
熱血漢
熱射病
熱転写
熱容量
年格好
年代層
念持仏
納品書
能動態
脳外科
脳神経
脳貧血
農機具
農用地
波戸場
波止場
波布草
破傷風
破防法
破落戸
馬鹿貝
馬鹿面
馬鹿力
馬小屋
馬追虫
馬刀貝
背格好
背筋力
背負子
背負投
背理法
肺活量
配送所
梅雨晴
買気配
買言葉
売気配
売言葉
博言学
博多織
博多帯
白玉粉
白血病
白鹿毛
白真弓
白装束
白帯下
白地図
白昼夢
白内障
白飛白
白粉花
白兵戦
白木綿
箱提灯
箱馬車
畑水練
発頭人
判取帳
判任官
半永久
半可通
半夏生
半線形
半二重
半風子
半母音
半両銭
反意語
反義語
反対色
反別割
板目紙
番小屋
否定和
悲喜劇
皮針形
皮製品
肥満児
非金属
非決定
非現業
非国民
非成層
非戦論
非線形
非単調
非直結
非適応
非等価
非同期
非特異
非売品
非有理
飛行船
飛道具
備前焼
備忘録
美意識
美女桜
美少女
美少年
美人局
鼻下長
鼻眼鏡
筆記具
標目表
氷砂糖
表街道
表示法
表操作
表面積
表六玉
病虫害
不可測
不拡大
不感帯
不揮発
不見転
不賛成
不死鳥
不出場
不所存
不承知
不承認
不消化
不世出
不成立
不整脈
不正規
不生産
不戦敗
不断草
不知火
不調法
不適合
不等号
不等式
不動点
不導体
不美人
不評判
不文法
不夜城
付立染
婦女子
婦人病
富士額
富士絹
府県連
府選管
部屋住
風営法
風信子
風水害
風知草
風通織
風土記
風土病
風物詩
副食物
副走査
副読本
復原力
腹足類
腹話術
複合語
複数個
複素数
複複線
複文節
複本位
仏頂面
仏弟子
物相飯
分解能
分教場
分度器
文庫本
文語文
文字種
文字数
聞上手
兵児帯
兵六玉
平行棒
平土間
平方根
平方和
平面体
平野水
平野法
並木道
閉曲線
閉村式
変形法
変光星
変成岩
変声期
変奏曲
変復調
片一方
片割月
片山里
片男波
片田舎
片脳油
片貿易
編組線
編年史
編年体
便衣隊
弁才天
弁財天
弁証法
保護色
保護鳥
保証書
補元律
母者人
母集団
宝石商
放射状
放生会
放物線
方解石
方程式
法医学
法治国
法親王
忘年会
暴対法
暴風雨
貿易風
北寄貝
北極熊
本場所
本総会
本草学
末代物
満天下
満天星
未開発
未確保
未決済
未検出
未処理
未登録
未亡人
夢物語
夢遊病
無一物
無演算
無花果
無機物
無試験
無事故
無重力
無生物
無精卵
無声音
無体物
無調法
無定形
無党派
無得点
無任所
無配当
無風帯
無辺際
無名指
無利息
名演技
名残月
名残折
名乗字
名題下
名店街
名付親
明後年
明障子
明太子
明朝体
明天子
綿実油
綿織物
面白味
面目玉
毛細管
毛織物
木強漢
木戸銭
木太刀
木炭紙
木賃宿
目正月
目八分
目分量
目論見
問屋場
門弟子
門徒宗
夜汽車
夜見世
夜光虫
夜想曲
野次馬
野太刀
野武士
野暮天
野良犬
矢車草
矢飛白
役不足
約束事
薬局方
薬包紙
油絵具
油障子
油送船
輸卵管
優先株
友千鳥
有機物
有神論
有声音
有体物
有田焼
有難味
有平糖
有利子
有理数
遊漁船
遊水地
遊牧民
郵便箱
夕月夜
予科練
予測子
予防線
余所見
余所事
余所目
預貯金
幼友達
様子見
用器画
用部屋
用務員
羊皮紙
葉菜類
葉茶屋
葉緑素
要心棒
陽極線
陽電気
陽電子
陽明学
養親子
養父母
翌翌月
翌翌週
翌翌年
落花生
落第生
落葉樹
落葉松
乱気流
乱層雲
利休色
利権屋
理想郷
裏街道
裏千家
裏長屋
裏背戸
裏番組
里言葉
里神楽
陸屋根
陸産物
陸蒸気
律令制
立志伝
立女形
立太子
立待月
立方根
立方体
立法府
流行眼
流行児
流線型
流灯会
旅客船
旅興行
旅芸人
旅商人
両成敗
両生類
両方向
良導体
力仕事
緑柱玉
緑内障
臨済宗
類音語
類義語
令夫人
冷暗所
冷血漢
列方向
練製品
連子窓
連体詞
連分数
連文節
連立法
労基局
労基法
老大家
和歌集
和漢洋
話言葉
話半分
最寄駅
団子鼻
提灯持
父無子
針千本
告天子
骨折損
玉筋魚
映日果
雨波貝
大葉子
軽目焼
喜佐古
小女子
鉄刀木
田平子
金花虫
白頭鳥
目利安
老頭児
我毛香
意気組
意気張
印半天
火消役
荷受人
格子造
高利回
祭文語
仕入値
仕立屋
手付金
受取分
松食虫
焼野原
場所割
場所入
蒸留酒
水平型
世話焼
正観音
西洋梨
船着場
前前回
素人眼
造酒屋
群時雨
代神楽
値引数
地玉子
知能犯
眼奈太
用紙送
由無言
売約済
配当落
通行止
内視鏡
出血熱
新世界
海仁草
次期防
出来値
小田巻
数寄屋
中長期
風馬牛
意気地
小気味
赤外線
折紙付
雪花菜
仲見世
土佐絵
安近短
重量挙
数時間
官公労
空手形
領事館
形容詞
地方銀
発行済
気管支
季節風
公会堂
総領事
空元気
善知鳥
保護司
原水禁
小中学
日本学
合衆国
大時代
少納言
道府県
比目魚
医学部
出入口
天下一
営養食
期限切
思春期
早月雨
数表示
香具師
多色刷
流作業
大角豆
夏場所
西海岸
不可視
自営業
都大路
日本人
個人向
実生活
部屋割
出張所
先進地
国文学
後処理
漢方薬
日本酒
再発見
報道局
終電車
無防備
不必要
現代書
天文学
預金高
高金利
精神病
航空機
製作所
竹麦魚
中国語
市役所
日本紙
都市銀
事業主
大学卒
無投票
停車場
行政府
領収証
警備隊
苦労人
日本食
悪感情
同窓会
栄養食
健康上
地方紙
測候所
現住所
考古学
近代詩
日本一
優勝旗
事務職
教職員
好事家
中心地
要注意
機関車
都知事
無政府
私文書
軽工業
鉱工業
可処分
手作業
少子化
人間味
村役場
小論文
原動力
東海岸
外科医
老夫婦
小児科
博物学
周波数
女学校
新分野
短長打
映画館
好成績
最上階
先入観
参事官
証取法
鳥小屋
天然石
同義語
組写真
集魚灯
不純物
私家版
青銅器
基本給
向学心
自画像
主題歌
神経痛
人情味
和漢薬
高学歴
高血圧
同窓生
栄養士
片方向
人情話
桜前線
正社員
番外地
関心事
絹織物
性教育
旅客機
祝賀会
最低限
文学部
裁判所
理化学
洗面所
顔写真
不合格
全国一
伝染病
通用門
下腹部
初会合
小動物
新聞紙
生産財
不特定
公文書
非武装
家庭科
流行歌
熱帯魚
無利子
小冊子
道交法
消防局
本調子
最小限
単行本
北西部
知識人
生態学
行政官
消火器
連判状
年度末
国内産
耳鼻科
国土法
大株主
無期限
街路樹
全責任
少人数
歯科医
大自然
信号機
準会員
資料館
美容師
看護婦
救急車
芸術家
銀行員
運転手
政治家
人民元