協会
野球
国立
事業
開発
貿易
総合
高級
研究
病院
学習
不明
運転
国際
大会
学会
高校
今後
政治
中央
記念
平和
工業
自然
清算
市立
発足
代表
健康
行方
発見
解放
特別
会議
勝負
都市
生産
進出
結果
不安
発起
差別
学校
同様
県内
高等
目的
芸術
平等
必要
決定
基金
付属
出血
関係
議員
建築
統一
教育
文化
同日
通信
科学
出発
大変
会合
歴史
委員
行政
女性
消火
市場
元気
採用
同席
経営
個別
早速
連判
在日
早急
残念
協議
公式
分化
以内
生活
国家
得意
明確
適当
自由
出版
組合
連合
協力
以来
保護
非常
計算
取引
交流
機関
不正
観光
半年
整備
工事
下車
禁止
絶対
単行
家族
大事
放送
動物
作業
選挙
大切
外国
前年
音楽
公正
不快
安全
特定
番号
同期
入場
本部
始末
機構
競技
会談
時代
通用
合格
参政
対立
協同
機能
小売
中心
管理
有効
興行
計画
経験
共同
議長
航行
約束
強化
会員
試乗
解決
救急
検査
評議
通商
会計
向上
多数
開会
期限
声明
技術
調査
当時
無理
帰館
団体
判決
高額
可愛
助成
再開
考究
講究
給付
会見
中毒
制限
祝賀
発表
志向
公示
思考
指向
試行
所有
県立
加減
決算
得点
対話
提出
支持
精算
来日
合作
使用
応用
公約
南無
評価
整形
対校
飛来
選手
輸血
民族
改選
完投
開戦
会戦
寄金
停車
文学
画定
輸入
行使
助勢
学修
利用
設計
配流
合同
面白
逆転
今回
長官
移動
市長
各国
中立
法人
無事
電話
出馬
師事
失点
高官
活動
平均
愛護
寄港
帰港
帰耕
検知
参上
投票
条約
交感
公刊
記名
入札
連勝
改印
開院
財団
帰国
起工
全国
注進
営業
来年
進行
深耕
進航
進講
今年
軽減
定着
卒業
帰化
教会
反発
先取
帰社
支給
公平
送球
他界
開放
中止
告解
思料
思量
勢力
通算
相談
再建
所期
平静
高談
結合
手術
謝罪
保有
注意
調整
湯治
悪化
試用
飼養
直後
回議
増益
出席
保証
解説
復刊
公団
採集
製材
順応
適用
記者
登山
先制
研修
現場
構想
造船
開城
開場
先発
実験
商議
回復
急増
消化
対照
付会
計上
台頭
仮定
有力
主唱
首唱
対局
終業
不調
関連
必死
復活
配分
他愛
味気
転身
転進
防備
意見
合意
加工
資料
当初
面目
関心
発生
放校
味方
減速
平行
正答
投球
理解
教導
追加
改号
高調
再生
植民
対当
帯刀
投書
講演
集会
仕方
失業
順当
正確
大勝
発言
見物
競争
集中
先行
報道
帰農
建造
公演
左右
発売
決議
口演
好演
心配
放心
放神
勝利
信心
制作
入城
入定
通学
労働
不味
頭書
連続
歩測
安産
試写
出産
消費
出生
病気
分類
歩行
帰来
本意
加持
登城
同車
学術
交際
対比
代行
形容
賛成
先日
想見
総見
送検
登院
慣用
指定
中小
輪唱
連立
減損
飲酒
給食
比率
感謝
行列
参観
世帯
議定
地区
仏参
確実
表明
北上
確答
登録
横領
採決
談合
合点
常任
付加
固定
考証
少考
消光
焼香
後送
指名
情死
給水
参画
復帰
回答
近代
高唱
伝写
破産
登極
負荷
報告
刊行
付課
編成
試製
同市
運用
告示
成立
開館
完工
感光
試算
質問
入選
再編
力強
登板
根強
国会
対面
読書
和解
増加
大学
流通
新築
制度
動転
右折
調理
開港
唱和
伝言
日参
保守
明示
見好
客死
講習
参堂
賛同
整体
不幸
観望
再発
入学
構成
進入
付着
失効
信号
同意
発熱
演出
解消
検分
減益
校正
低下
提案
心強
運営
当選
保育
客観
算出
出港
出航
精製
注目
直接
復元
兄事
精読
明答
起動
減員
内定
下野
減資
要求
心細
固辞
公表
告発
命令
固持
制動
生成
非礼
快気
待命
転乗
同感
解約
気化
賛辞
書評
上場
長生
表示
観測
航海
根深
対戦
転記
同調
化石
散会
示現
強行
焼死
回転
改正
規制
欠課
志望
手写
着工
小高
解答
妻帯
試験
成形
生動
多食
転化
売買
下山
公判
際会
新設
製作
先後
早世
体験
調製
面責
形成
決着
混和
支出
都内
答弁
付帯
分筆
起用
検地
再起
雑食
続出
炭化
提示
導入
発電
暴言
公売
再検
成型
教化
禁制
行動
再製
臣事
中耕
注文
点灯
開校
協定
司令
出火
新調
正解
静止
点頭
下放
回航
再帰
試作
製造
入賞
用心
育英
指導
証言
増発
便乗
無茶
医師
下宿
過熱
採炭
自営
深謝
接戦
中絶
土着
布達
手厚
素早
開始
実現
真黒
精米
説明
細長
手配
真白
総計
中断
調印
通知
発行
分厚
加算
間遠
間近
減少
出演
証印
生息
対決
同居
発給
面会
列席
遠白
回遠
気安
気強
気近
気高
見易
後暗
罪深
残多
耳遠
手強
手広
手重
手早
手速
術無
情深
心弱
心無
生温
生白
青黒
青白
赤黒
浅黒
草深
程遠
便無
名高
毛深
木深
野太
由無
面黒
目早
事新
徒広
生易
部厚
程近
耳新
目新
理無
急死
講評
想起
代謝
着手
通話
念持
心安
感動
好転
初頭
制止
生新
選炭
対談
独自
配線
由来
応答
下落
急造
考察
主張
上達
通達
同情
配車
付記
連戦
移乗
午後
再会
重苦
静思
調達
放鳥
工作
出品
着服
統合
面接
楽観
期待
再思
所持
選考
送信
増産
大書
独語
発覚
予定
録音
回帰
開設
起業
逆流
句作
公転
種類
心中
節水
大同
入団
念願
編集
連打
回折
合成
車検
商売
食事
編入
法的
歌唱
過賞
休電
給電
作歌
自記
実検
実見
招集
招来
代置
着目
入手
回付
快復
手軽
製塩
接種
通報
転地
転置
配給
発注
表現
命名
気軽
休館
治定
自乗
茶色
投合
得票
別居
変形
救出
結成
参考
上陸
進上
設立
戦死
全焼
増大
増長
追究
追給
登場
南下
入館
判示
反省
分解
無効
明記
快勝
殺害
準備
新任
申告
相応
築造
伝送
電送
動作
入金
配当
発着
不当
不服
流用
連敗
期間
帰順
強制
広報
出荷
対顔
入院
発声
育成
解明
欠場
検出
自首
主導
照合
選好
選鉱
想定
対質
達成
入浴
飲食
共感
欠席
建言
参向
周回
照明
敗戦
発現
布石
文通
編曲
野生
輸出
旅行
安定
許可
検証
減点
合計
深厚
先述
全勝
増強
調和
提言
適合
電化
電荷
導水
熱発
保管
暗算
案内
加熱
外出
共生
強調
再現
出願
出費
上告
前進
転用
道破
白状
発病
判断
変身
放歌
放火
勇戦
要心
図太
横行
外食
希望
求職
自書
出土
同定
配置
買物
発令
筆写
分界
分配
変心
変動
会商
改造
開店
楽勝
観戦
逆行
休止
休職
交代
自重
辞職
増額
登記
答申
独学
内用
配列
観賞
記帳
求人
曲折
均分
経過
結束
告別
在住
作曲
参入
静観
入線
熱中
付録
保全
容易
養成
演説
花見
帰朝
検便
再燃
指令
主管
出力
精通
着用
直下
直属
入省
配水
配転
養護
小暗
木暗
愛着
印刷
解体
救助
競走
欠損
採血
在任
志願
助命
証明
説得
選別
造型
多作
多発
着陸
中略
同行
入所
発動
判定
布教
豊富
北面
要望
下見
化合
加重
加入
解職
解任
協調
考案
在世
酸敗
自責
失速
受付
順守
書写
消灯
制約
成長
西下
先導
全治
走査
増員
造語
造反
大敗
直行
特集
入居
表記
復員
復原
報復
立証
運航
荷電
開花
検定
減給
公言
工面
広言
高言
混信
作成
算入
仕官
集約
重唱
親近
節減
先勝
直面
点検
登校
統計
内包
入力
配達
判明
標示
風化
勉強
保持
予防
洋行
黄色
活発
観察
競合
共演
決別
使令
詩作
実戦
実用
修習
集線
親告
進歩
成約
生別
同義
南進
入門
配向
配本
発想
美化
返上
用意
陽気
乗入
会食
開通
挙式
訓練
係属
結実
建議
減食
減反
減量
講義
混同
自立
失敗
受領
周知
初演
焼損
親和
損失
対応
代休
断水
調節
直観
通告
定住
伝達
投入
同乗
入園
入村
配布
発達
筆答
復学
復唱
野合
来集
録画
引受
引証
下命
改名
完勝
休業
居住
共有
群生
経由
結集
減石
在学
在中
散布
自足
社告
集金
所要
小便
省略
整理
清遊
精選
製版
西遊
設置
先着
相続
続行
損害
直感
通夜
定義
転任
努力
投薬
肉食
配合
発音
反逆
比定
復旧
包容
目印
予測
予知
要約
栄進
可決
家出
開化
開票
感賞
観照
帰属
休刊
急減
給仕
給油
許容
教訓
局限
曲言
極言
群集
経理
建立
現有
講話
合算
合図
告知
告白
在室
作文
参照
算定
仕事
失格
手続
手品
集計
集散
宿題
祝福
出現
商談
賞味
賞用
植字
接続
設定
節酒
絶交
船出
前述
造成
打算
代弁
着衣
直上
直流
通約
的中
東上
独断
内示
内省
入植
任官
発案
発車
反復
版行
肥大
費消
復職
物色
分布
変型
変質
編修
弁明
放言
鳴謝
面談
薬殺
立案
類別
連帯
愛好
悪用
暗殺
意識
移調
運行
演技
解禁
改定
改良
開局
確信
学問
完敗
完備
感得
観念
願望
記入
休演
休息
急落
救命
究明
挙手
区別
苦戦
空想
群発
計量
軽食
欠落
決戦
決断
建都
言明
後続
校合
合宿
再転
再任
採点
在留
刷新
雑談
参列
死去
試飲
耳語
自殺
自白
失火
実写
実証
主演
守備
終漁
集合
集積
助長
上演
植林
心労
進化
節約
説教
選定
全開
全敗
草食
続発
大病
団結
断食
着岸
仲買
注解
注水
注力
低減
転回
転学
転業
転出
転貸
伝来
投身
投石
東進
独居
内助
内申
入北
熱愛
配色
配電
売春
発信
半減
氷解
復興
分列
別送
変造
返金
明言
来店
率先
立食
流会
歴任
練習
連行
連破
分包
安置
移民
永住
遠出
往復
横断
仮想
解散
解題
改悪
改札
改心
海食
開演
開平
開門
開立
完走
完売
感電
間食
帰休
帰京
帰着
記述
起案
休学
休戦
休部
急進
急変
競演
競作
協演
協約
近接
具申
空転
決意
決心
血戦
建国
検挙
検死
減産
現出
現像
交合
交通
公許
厚着
口外
好防
行軍
行持
行商
講和
根絶
左折
再演
再刊
財投
作製
雑居
残業
試食
試問
自覚
自失
自適
失望
失明
写生
取材
授受
修復
修理
重用
出国
出精
出題
助走
焼失
焼身
上程
乗車
乗務
常設
深化
神化
進水
成育
政談
清書
生育
生害
精進
赤面
切断
接客
接近
接待
折半
設備
節税
絶望
先決
選曲
全快
増水
増配
増量
造形
造立
速報
待望
大別
断絶
断線
断念
知覚
着想
着任
注入
調教
調合
調味
直交
直航
通院
通観
通関
低迷
提議
転職
伝動
伝導
伝道
得心
特進
特選
特約
入局
任命
熱望
敗北
配信
配付
発走
発送
半焼
反応
反命
犯則
筆記
筆談
標記
品評
復位
服用
分断
返品
保留
包囲
放置
野宿
養生
来館
来朝
量産
領会
領解
力説
林立
類焼
連係
下書
差入
愛育
愛飲
愛重
愛唱
愛読
愛用
圧殺
圧死
圧勝
圧着
圧入
圧服
安住
安着
暗記
暗合
暗示
暗唱
暗転
案出
案分
委任
移住
移出
移築
移入
育種
育毛
印加
印可
印行
印字
因由
引火
引決
引見
引算
引責
引接
引当
引用
引率
飲用
運開
運休
運算
雲散
雲集
栄達
栄転
永続
永別
液化
演算
演習
遠泳
遠望
塩焼
塩梅
往来
応戦
応対
横死
横転
温浴
音読
下向
下校
下乗
下城
下船
下達
下付
下問
化育
仮作
仮借
仮植
仮設
加給
加護
加増
加筆
家居
火食
火定
荷受
荷造
課金
過食
過信
会得
解毒
回訓
回向
回心
回申
回遊
回礼
改易
改作
改修
改題
改築
改版
改変
改編
開園
開札
開帳
開板
外在
外切
外接
外注
外遊
確言
確聞
確保
確約
確立
活写
活着
完結
完歩
官給
官許
感化
感泣
感知
感服
間作
関知
寄宿
寄留
希求
帰一
帰営
帰結
帰任
帰服
規定
起因
起居
起筆
起立
義絶
逆算
逆上
逆用
休会
休心
休神
休養
急告
急設
急送
急追
急転
急報
急冷
救護
求愛
給血
給費
給養
去勢
去来
挙行
挙止
挙証
挙兵
挙用
競泳
競落
共立
協商
強圧
強直
強弁
教護
教示
教練
局在
曲解
禁圧
禁絶
禁足
禁断
近似
近着
近道
金打
苦学
苦笑
苦節
具現
具備
具有
空費
訓育
訓告
訓示
訓導
訓読
訓令
訓話
群居
軍備
係争
係留
経略
計測
軽信
欠航
欠食
欠配
欠礼
決起
決行
結団
結氷
血書
血判
建白
検案
検印
検温
検眼
検束
検波
検品
犬死
見参
元服
減圧
減殺
減算
減車
減水
減配
現前
現用
言上
限局
固守
固着
後述
後略
護衛
護送
交接
交遊
公述
公有
口受
口授
口述
口達
構築
講読
号泣
号令
合唱
合評
合本
合流
根治
混血
混交
混合
混在
混作
混雑
混食
混成
混生
混戦
混線
混入
混迷
混用
混浴
差配
査察
査証
査定
査読
査問
再挙
再説
再送
再築
再読
再版
才覚
採取
採種
採石
採油
採録
細説
細分
細別
在位
在官
在京
在校
在国
在社
在宿
在職
在席
在朝
在天
在府
在役
作興
作図
作動
作表
察知
殺生
雑記
雑言
雑交
参学
参宮
参集
参着
参内
参府
山居
散水
散大
散点
散発
産出
賛美
残害
残置
残留
使役
司式
始業
始動
思念
思弁
指図
支弁
止血
止宿
死産
死守
死別
試演
飼育
持久
持続
治水
示達
自演
自害
自学
自活
自決
自選
自得
自負
自弁
自問
辞去
識別
失禁
失言
失笑
失職
失心
失神
失念
実演
実在
実習
実測
実働
舎営
写植
写像
謝絶
借金
借財
借問
借用
弱化
守護
手記
受給
受業
受光
受講
受賞
受信
受像
受注
受電
受任
受配
受粉
受容
受用
授業
授賞
周航
周章
周遊
修交
修好
修造
修築
修得
修養
修練
拾得
終演
終息
習合
習得
習練
集荷
集貨
集束
集配
集録
重合
重刷
重出
重版
宿営
宿衛
宿直
宿望
出芽
出漁
出庫
出札
出社
出炭
出頭
出動
出府
出兵
出立
述作
準用
順接
順礼
所望
書見
書置
助演
助力
唱導
唱道
小破
小別
招待
消音
消毒
照応
照査
照準
省察
省筆
象眼
賞美
上述
上書
上申
上船
上木
乗算
乗船
乗馬
常住
常食
常直
植毛
食害
食言
信愛
信服
心服
申達
真読
臣服
進軍
進言
進達
進発
図解
図示
図説
水泳
水書
水食
制圧
成業
成道
成敗
成仏
整合
整流
整列
生録
精察
精白
精油
精練
製図
製氷
製表
製粉
製油
積算
赤化
赤熱
切願
切死
切望
接岸
接見
接合
接写
接受
接着
接頭
折損
設営
設問
節食
節制
節電
節米
節略
節録
説経
説示
説破
説法
絶家
絶賛
絶食
絶息
絶版
絶筆
絶命
先議
先達
選評
前記
前借
前売
全休
全通
祖述
素読
組成
組版
想望
早産
早死
早着
相愛
相殺
相似
総説
総和
送金
送出
送水
送達
送配
送付
送風
送別
送話
増悪
増刊
増給
増結
増作
増刷
増車
増進
増設
増置
増築
増反
増便
増力
造営
造園
造血
造作
造水
造林
側聞
測量
足算
速記
速決
速写
速成
速断
速答
属望
属目
族生
続生
続報
続落
卒去
卒読
他言
他出
多言
多読
打電
体現
体得
帯出
帯電
貸借
代願
代決
代言
代読
代入
代筆
大挙
大食
大息
達観
単作
断言
断交
断行
断罪
断種
断続
断定
談義
談笑
談判
知得
築港
着火
着荷
着眼
着金
着信
着水
着席
着船
着地
着電
着筆
注油
貯金
貯水
貯留
朝礼
調停
調薬
調練
長欠
長考
長持
直覚
直結
直書
直進
直送
直談
直通
直答
直読
直売
直立
直話
追考
追想
追放
追録
通園
通読
通分
低回
低唱
低頭
低落
停会
停戦
停船
停電
停留
提唱
適応
適帰
適中
天引
店番
転位
転移
転居
転写
転借
転住
転宿
転戦
転送
転属
転読
転売
転変
点眼
点在
伝授
伝習
伝聞
電解
徒長
徒費
投写
投宿
投出
当直
答電
答礼
統率
同室
同宿
同着
同道
同流
導出
導通
道楽
得度
得道
徳化
特訓
特出
特設
特待
特注
特配
特売
特発
特筆
特報
毒害
毒殺
独演
独航
独行
独修
独習
独唱
独走
独白
読過
読解
読図
内応
内向
内在
内借
内祝
内職
内切
内接
内達
内談
内通
内命
内約
南面
入営
入荷
入漁
入京
入庫
入室
入質
入信
入隊
入朝
入電
入湯
入梅
入府
入部
任用
熱演
熱願
熱唱
熱弁
念仏
破断
馬耕
馬食
配員
配属
配備
倍旧
売約
白黒
白熱
発育
発火
発芽
発刊
発願
発議
発色
発心
発進
発赤
発布
発明
発問
判然
判読
判別
半周
反証
反転
反目
反問
反落
板書
悲観
比類
肥満
非議
美食
必見
必着
必中
必読
筆算
氷結
票決
表出
表象
表白
評決
病欠
貧血
付言
付設
布告
布設
布線
風食
風発
風聞
復円
復業
復古
復交
復航
復号
復習
復命
服罪
服属
服毒
服務
複写
複製
物故
分家
分岐
分極
分光
分合
分宿
分乗
分水
分節
分地
分売
分有
分立
分流
分留
粉食
文選
聞知
平復
平分
別家
別言
別注
変圧
変位
変移
変改
変死
変色
変節
変説
変速
変態
変調
変通
変転
変名
変約
変容
返照
返送
返答
返付
返報
返本
返礼
勉学
弁解
弁別
保温
保養
報知
放下
放散
放出
放水
放任
放熱
放念
放牧
放流
暴圧
暴飲
暴食
暴走
暴発
暴落
望見
防音
防寒
防護
防災
防水
本復
満水
味解
味見
味得
味読
脈動
夢想
名状
明察
明断
迷走
鳴動
目算
目送
目測
目礼
問罪
問責
門出
門番
役務
約言
約定
油断
輸送
勇断
遊泳
遊学
遊興
遊行
遊牧
遊歴
予覚
予感
予見
予言
予告
予察
予習
予断
予報
予約
用談
要談
要略
陽転
養育
来院
来往
来会
来観
来校
来航
来所
来場
来談
来着
来任
来報
来遊
落下
落球
落後
落札
落手
落城
落成
落石
落選
落第
落着
落馬
落筆
落命
陸生
陸送
立願
立言
立売
略解
略記
略言
略取
略述
略説
略筆
流産
流失
流説
流転
流伝
流入
流布
流連
留意
留任
留年
留保
両断
量定
領有
力泳
力演
力戦
力走
輪講
輪作
輪転
輪読
類似
類比
令達
例証
冷笑
冷評
礼賛
歴遊
列記
列挙
列立
練達
連関
連結
連作
連取
連乗
連接
連想
連動
連発
和楽
和合
結講
散積
下取
気晴
気落
局止
言付
山登
仕送
手招
手分
焼直
深入
談議
面語
報祭
入山
解氷
温服
別置
発船
発根
目移
表書
内張
打水
分服
移植
育児
下知
加配
寄書
帰投
結球
検算
験算
固化
合一
細工
作詩
参究
自給
受理
授精
笑殺
選歌
走破
送波
続演
着意
着色
朝賀
転向
統制
燃焼
破水
破損
買春
墓参
野営
立見
和協
山分
日焼
移設
改組
開示
格付
寄食
気絶
規程
苦行
減額
再議
細書
散在
散財
算用
指南
重任
走行
大言
注記
転調
発出
別記
変成
編制
立身
流下
両分
両用
目減
産休
仕分
相関
大観
破顔
破門
発散
表決
不参
老化
味付
意図
苦手
空発
訓電
水死
製鉄
製本
農耕
倍加
防戦
約分
上積
移行
共栄
自任
失調
出家
常置
対置
着生
兆候
提起
服薬
平日
本有
夜営
加階
帰参
帰山
起算
見合
公告
耕作
持参
手交
親祭
測地
定植
平定
加勢
火中
議決
実感
社会
受命
終止
親授
相乗
投下
遊説
億兆
億万
公定
参朝
散見
集結
送像
中和
防止
開国
居留
参賀
通計
定置
内観
破約
無力
末永
回想
係船
参戦
修正
増減
代講
代香
代作
転校
入国
付議
別売
放談
移算
意味
回送
快走
改行
協賛
見学
主席
進学
増兵
多謝
直言
入港
入行
発光
発効
発向
老死
安神
現送
行水
受精
重要
代参
入校
入構
散歩
主流
修整
集成
消長
植皮
接地
着帯
利下
移転
間借
在庫
自賛
修学
服役
代位
配管
自修
自習
新造
規正
検札
順化
美容
部分
再調
在荷
参進
自省
自制
自生
自製
追試
東道
往生
開所
交配
最終
使送
試走
自証
実行
修道
転成
転生
転入
終決
商量
絶句
調進
半分
返事
陸行
禁固
空輸
研学
合資
切言
選任
定立
等化
標定
返辞
報謝
問答
仲立
移管
営巣
下馬
感応
教徒
減数
仕度
順行
小計
帯同
登用
放電
理会
移用
休校
休航
休講
菜食
消散
賞賛
内服
来社
会読
解読
回読
護持
受検
分業
行幸
生長
代書
予期
羽化
休耕
強大
南中
塩化
急行
後見
静養
帰省
常備
統治
留守
強要
教習
代議
代任
移送
加速
考量
参会
散開
同年
色刷
生食
来演
後進
交信
高進
付置
布置
暴死
照会
境界
公開
再来
作画
辞任
特記
応接
規整
適正
常用
通交
通航
営造
送受
安息
応化
会館
精査
出世
分村
公布
好調
上気
内分
酸化
出金
選句
増税
男性
同船
敗走
配送
交付
測定
連用
苦心
考査
出入
成功
追記
用船
公的
終結
出走
相伝
命中
送電
現住
広告
化成
後半
人的
直営
投資
増資
打開
興起
銀行
行来
寄進
進級
検問
発会
減価
同化
市民
水浴
折中
対等
非情
合力
親任
肥厚
予想
会同
整復
待機
復調
感心
管制
教室
交易
整地
起草
協業
正当
例示
定位
立話
借入
暴行
開業
軽易
戦勝
想像
両立
支度
加味
共用
再選
支配
入水
分別
評定
化現
選出
町立
好投
分散
人口
停止
可能
強打
総連
病死
大量
気楽
賛助
親切
底止
不便
協和
不要
差止
利上
改元
現在
急速
回国
感受
連記
加点
手当
遊歩
通電
焼成
前後
上等
正常
運動
細心
上京
活用
寄生
業者
建設
無口
会話
清新
人数
所属
整美
精美
検察
手書
対生
司会
円満
制定
主婦
複雑
禁酒
海岸
高遠
課税
国民
生起
正式
健全
談話
特許
熱心
休場
合議
不等
悪質
精強
力行
解熱
詩的
修行
区画
当番
笑止
不利
強固
不覚
無情
昨年
築城
来島
快調
悪口
作家
週末
精確
幸福
丁重
倍増
単調
的確
声高
軽率
受験
他人
再考
真率
料理
深長
人間
完全
再興
無用
減税
多用
代理
老練
快適
真当
高価
直筆
有益
出仕
夢中
不能
交戦
無学
質素
軽快
採鉱
重厚
多幸
過小
強気
内野
冷静
性的
精細
適切
分明
量的
有望
右側
深切
未定
過重
出資
上品
前夜
日程
失礼
物的
順調
可変
適度
燃料
過大
個人
独特
無法
不用
有用
地味
中元
留置
度外
極度
首相
小体
貧弱
確証
短気
温良
下等
軽少
最近
長命
不定
便利
交差
着実
有利
合体
精良
調法
性急
不順
無礼
好運
低級
無残
有害
率直
希有
国内
清潔
静的
素的
素適
健在
見事
高度
心外
身近
独得
病弱
明白
有意
良好
安易
火急
気弱
古風
広博
高名
自在
小心
真直
水平
正業
切実
全体
多才
多大
単一
短小
地道
低調
内気
平明
望外
無知
無能
安楽
安気
安直
暗弱
因業
遠浅
遠大
横着
横長
横暴
横様
温順
温和
下品
可読
果断
花車
荷重
快活
格別
寒冷
希代
気重
気早
気短
気長
逆様
旧式
強引
強健
強情
強的
強暴
極小
極大
極道
均質
軽度
軽便
健気
見高
険悪
険相
光栄
口重
口早
口速
高潔
高直
黒山
雑多
自明
失当
質実
弱小
弱体
手近
手短
重体
重度
順良
助平
勝気
小食
小味
少食
上質
情強
色白
新式
深遠
真暗
真丸
真青
真赤
神速
親愛
親身
身軽
切要
絶大
絶美
絶無
先安
先高
浅学
全的
足早
足速
速急
多額
多芸
多事
多種
多情
多能
多病
多弁
多望
多様
多量
大形
大童
大味
大様
大力
達筆
短目
直角
低能
定常
適任
鉄火
伝法
等質
同断
肉細
肉太
肉的
入用
能弁
破格
博学
博識
博大
半間
悲酸
皮相
非道
非力
必定
病的
貧小
貧相
不易
不運
不束
不徳
不毛
不様
分外
文弱
平易
平板
別様
法外
豊満
暴悪
本式
本望
未開
未読
無益
無害
無芸
無心
無体
無道
無毒
無比
無筆
無病
無味
無様
無類
明解
明快
明細
目深
目茶
有限
有能
余分
利根
利発
冷血
老実
老弱
気任
安価
乗気
富有
永遠
過分
口軽
身重
多感
茶目
不法
利口
有体
安静
素直
流石
断固
全一
得用
徳用
内福
厚顔
積極
口約
流動
小形
均一
実直
無根
大国
好色
横風
年少
安手
当面
大風
知名
信用
当日
中正
書記
深夜
中学
国境
指教
示教
正大
英明
過少
参加
小量
相反
低率
無限
等価
不精
無精
公選
戦争
当用
有名
家庭
買得
不和
見聞
行進
不平
広量
高率
心的
生直
非業
健勝
動員
幸運
記録
公然
極悪
大成
身体
方正
内的
変則
初出
不潔
小型
美的
最下
年長
不変
良質
極少
小口
天然
通行
番組
品目
空間
共起
運送
代用
動的
不整
先生
勇健
同格
不適
種目
労組
主要
産業
不同
不意
方法
潔白
真正
国土
街路
有数
毎日
有毒
位置
改新
所得
別個
格安
数多
今週
自作
達者
広大
緑化
高大
助言
歯科
用地
計数
余計
無念
責任
均等
長居
無数
定数
温厚
義務
太平
防衛
下期
原則
足弱
耳鼻
外科
地方
仲良
毒死
略式
洋風
少量
夕方
長大
所管
美味
午前
最良
安心
正午
左様
弱気
然様
希少
不全
平方
未練
日曜
海外
好適
土曜
入社
重大
弟子
外的
公園
大破
読経
上手
鉄道
正規
順次
南部
平気
入念
休日
総会
学生
紙上
通産
左側
下手
特有
目下
留学
半日
現行
同月
同夜
当代
戦後
中部
言葉
実際
外相
路線
当然
自愛
開眼
新年
部門
固有
年末
不日
社員
結局
断然
丁度
案外
何卒
果然
元来
後程
今月
最早
終始
真平
生半
総別
聞説
聞道
余程
老来
然程
丸切
極力
時折
仮令
器用
多少
何等
過当
弁護
法案
本社
重複
本気
山積
毛頭
人工
全然
住所
不良
完成
過失
高速
昨日
先週
空路
早朝
医科
初冬
平年
校長
合法
部落
金利
先月
予選
作品
食前
初日
相対
分科
多分
未明
北方
過度
本人
以往
少時
太古
区分
仲間
学長
何故
新人
本来
本日
木造
植物
上位
今度
長年
後日
次回
客冬
以下
飛行
場合
近日
財界
競馬
生前
知的
鉱業
再度
愛国
打点
入来
事実
平安
満足
知識
独立
田舎
基本
年中
無職
不備
絶好
対外
意外
数字
連日
適法
終年
相当
化学
今秋
復路
資金
当分
来月
町村
今季
山上
連名
種別
信任
来週
両日
火曜
今夏
学的
高位
今春
府内
時季
春先
大口
毎朝
友愛
反面
政府
年来
真際
当今
生徒
先夜
朝方
同社
任意
毎週
英語
事件
投手
過多
今夕
近年
来秋
今時
最大
毎回
共通
冬期
当季
道中
毎月
後来
死者
昨今
少年
半額
毎夜
夜長
夜半
来夏
今冬
常時
大昔
西部
全部
総研
毎秋
旧時
昨春
先年
昨冬
倍量
方面
明方
過日
寒中
客月
旧年
去月
去春
去年
居常
挙句
近時
近来
決然
月央
元三
元朝
後月
今次
昨月
昨朝
昨夕
時余
終夜
術後
初度
真昼
生来
昔時
早秋
他日
大略
中葉
昼中
長日
当月
当節
当年
独力
白昼
半時
半道
半夜
平生
方今
毎期
毎号
毎次
毎食
毎度
毎夕
末葉
満都
満目
明年
目今
夜前
夜分
夜毎
余日
陸路
例日
朝来
以後
衛生
各自
元年
国防
車中
真夏
前回
前月
他年
夜来
古来
多年
単身
当世
最期
昼前
本年
前期
全員
他面
観葉
向後
満場
始終
限定
重力
初年
小学
先程
大数
日毎
病後
人情
終世
終生
中期
北西
和平
本初
確定
真個
早春
帰路
両度
木曜
雨下
時分
当期
価格
幹部
本紙
教師
新作
生態
内心
上部
教職
先度
夜間
機器
旧冬
中間
最小
内外
水曜
山脈
過去
昨秋
物産
昨週
内実
地質
場所
父親
年金
大陸
道交
無罪
半季
史的
席上
物質
道徳
金曜
月曜
分野
産後
総額
戦線
句集
利子
以前
当夜
公明
今夜
半島
北側
連休
対象
同等
人選
体制
満面
平素
用紙
長期
熱帯
夜中
老人
局面
各員
見栄
社長
合理
作戦
最新
半月
不動
今朝
戦略
海上
考古
主人
駅伝
役場
真冬
客年
司法
電車
何時
旧来
上司
王立
幹事
当局
時下
戦時
結構
後年
毎時
広場
列車
各人
初期
両親
大仏
年初
後世
会場
県民
大方
西側
料金
眼鏡
区内
台数
工高
今期
栄養
今日
岩船
厚生
事故
構造
大型
名前
車種
周辺
相場
毎秒
永年
競売
公共
最中
水田
商工
書店
世辞
町長
学科
戦前
会長
手紙
知人
実質
数等
外野
本名
平常
市街
修業
無死
好感
天性
告祭
食品
病因
死後
正字
全日
民主
商社
代金
政事
山地
任期
商品
南東
最悪
長男
年産
前週
打数
全面
漢才
大根
複数
最適
車内
相手
大木
基地
車線
商店
日付
土地
海洋
正直
親子
楽団
治安
東側
気質
功業
手形
半数
青年
勝者
消防
火事
出来
新入
相好
管内
港口
先物
手前
女史
税率
世代
冬季
医学
気分
製品
興業
史乗
詩情
前線
方向
同国
数量
機会
大使
鉄製
本店
学界
区立
新興
職員
世界
息子
適地
米人
集団
文理
何者
高検
定例
海軍
方式
助士
序詩
外交
感情
初心
精神
頭数
税制
黒人
時点
無料
高給
情報
薬局
祭礼
科目
人物
社内
首都
後期
長調
器官
機動
季刊
会頭
基幹
気管
新聞
東方
内容
原因
西南
記事
興味
証書
公社
見方
区検
総理
部長
新書
年内
戦車
紀元
後宮
公休
好球
大分
薬理
国対
手足
口径
新薬
教員
上級
青銅
多角
地球
酒類
笑顔
起原
新米
前半
人種
先頭
表面
用品
生命
軍人
自衛
後事
公事
好字
高次
向学
公司
試航
水準
友人
紙工
大関
単科
利付
計器
天気
山中
各種
地点
世紀
大海
外山
口上
竹刀
円形
業界
主食
初代
分課
下学
家学
歌学
厚情
校内
交情
次代
建物
総代
学歴
体高
朝刊
航空
高熱
実業
男子
口内
根元
船橋
管区
売上
詩人
次官
成算
青酸
大戦
美術
無人
草花
北部
花火
外務
楽界
自大
元号
主題
商船
同省
番外
英知
紀行
青天
鳥類
農家
列国
苦労
形式
同和
内部
年始
次期
都営
土木
客員
金額
口頭
市上
事大
少子
選書
作付
関節
血圧
子孫
神経
静物
最上
参事
自画
小説
多色
本線
役者
初歩
短長
和漢
小児
対向
大公
大功
法相
健保
周波
集魚
城内
織物
観客
証取
能力
目標
以上
成績
先入
電信
女声
土器
弁当
教授
灯台
初戦
大臣
地検
価額
回船
光景
定年
面積
駅前
官等
関頭
後景
地帯
不測
付則
好事
旧制
質的
道路
返歌
新館
絵本
中前
証人
新卒
当主
機種
見世
原子
動力
南側
宮司
天井
反対
画面
新香
短歌
白色
資本
電機
日時
破局
要因
学士
西口
家計
医員
海戦
元本
光頭
口答
役員
玉子
川辺
職業
森林
清水
人生
大物
炭素
本書
冷水
題目
同店
浴室
医院
水門
世態
同町
前提
白紙
差等
熱戦
中年
番付
雨中
税調
少数
母親
界線
黒字
店頭
頭部
南都
目指
全高
無名
残高
年刊
総体
側面
測候
大気
効力
指事
死児
同点
国歌
博物
食材
下部
気風
実家
手首
標高
画像
開口
気候
夕食
労連
気功
帰航
季候
軍事
最短
主体
機工
工学
国花
国貨
使節
本格
議院
貸間
適時
内相
重文
南西
理事
新車
矢先
支部
水口
雨期
格差
古今
山田
課長
終末
板金
公館
向寒
好漢
作物
原語
国教
父子
旧習
作用
友好
以外
紀年
町中
子宮
生魚
精力
多選
空中
士長
実勢
空軍
自分
数寄
海員
古史
古紙
古詩
故紙
昨夏
主義
助役
都立
夜行
余人
教委
大賞
得手
受苦
真上
医大
角力
高根
同業
物理
古代
書道
人員
前面
地学
半期
列石
史料
費用
時事
深交
親好
打席
名産
差額
親交
市町
立場
各社
書面
総長
白人
白書
立法
易化
医家
小生
打線
内科
両手
別館
船首
早期
化生
回数
規則
天文
助手
本国
右手
歌手
氏名
紙帳
正面
部隊
京成
家具
街頭
同大
犯罪
資格
兵士
旗下
気書
季夏
人中
台所
本音
陸軍
意志
限度
根本
神体
大島
賞金
打者
検事
店員
敗者
仏文
原作
仕法
中道
動向
意思
経常
差益
好評
国務
商人
長姉
学者
形状
古寺
先進
地元
長子
高音
大兵
単独
部品
葉書
音声
国界
試料
飼料
初回
寒心
古書
正門
本館
名人
円型
鏡台
平話
資産
大屋
府県
産院
条件
精度
用水
下町
同紙
冷戦
安打
音色
酒席
暑気
始球
夜目
余波
橋台
最深
大川
当事
会報
回報
快報
快方
兄妹
国史
船場
解法
答辞
統辞
日向
本質
名目
予算
仕様
西土
雨風
子葉
板目
王室
左記
消極
無配
課程
首席
祝日
素人
比例
区史
過程
省内
温水
下方
快技
各氏
現地
電流
豊作
医者
義理
現実
市制
心理
内面
末日
漢語
谷間
老後
高台
材料
女児
空文
大豆
南国
県境
手間
中隊
通禁
男声
同名
未来
球団
重量
節目
銀鉱
山村
事典
草体
徒士
文章
士民
重点
声楽
大社
大小
必用
境内
語路
状態
声名
日記
武力
下地
公安
正月
谷口
波布
府会
末期
横道
次男
産政
小物
率土
新旧
回状
階上
講談
殺人
上流
大損
単位
屋上
主力
省議
同校
南方
府立
教義
経木
主夫
首府
命題
活性
人民
木像
会期
後天
順位
大佐
内戦
半面
目録
故人
来客
村長
隊商
件数
事情
新家
水産
同所
王者
原鉱
言行
自国
式典
都度
不信
職人
旅館
歌人
古人
戸数
上空
素材
主筆
生体
内線
黒土
所信
都下
木材
上限
白星
歌集
器機
政見
有罪
金鉱
原器
神酒
判事
地主
業種
紙型
詩型
詩形
書類
都民
軍団
書物
情勢
生家
天心
天真
点心
反日
金工
山容
消夏
西進
総数
評判
商家
商科
唱歌
証歌
全力
中風
成心
大寒
門戸
各地
実力
出欠
初任
書信
全額
仏像
旅先
講師
税金
同左
型式
酸性
小父
水道
先登
短大
中火
無断
係長
宿舎
水深
間際
基準
車両
他国
頭首
治験
春日
対岸
台風
島内
初等
電力
野鳥
自主
他行
薬物
体質
和気
正統
組員
鏡銅
局員
国道
自転
手法
松原
悲歌
比価
皮下
品位
墓地
逆手
金属
公海
出身
新宮
等級
旅費
漁船
候鳥
女王
薬湯
下限
漢詩
給料
原案
使者
体育
博労
要地
黄鳥
急性
上白
人質
本石
外商
感興
軍機
採算
指数
圧力
首位
正木
悲喜
武門
文明
家事
漢方
経費
新刊
代官
適量
保険
和食
衛星
下味
現象
個性
効果
定時
品番
方案
各紙
学制
現役
左上
市道
終日
農業
部会
風味
仏心
可用
県花
算数
守旧
小社
足首
木地
両氏
永世
永生
各階
原点
言質
国王
支店
紙面
機運
種子
自助
額面
講堂
新星
体外
令状
暗然
課員
楽長
期日
球場
句風
古米
児女
次女
次序
自序
真実
戦術
台本
都会
本選
無線
様子
花街
後者
上意
情意
理想
画一
健児
小事
賞辞
神人
副使
酒量
日用
英字
海路
神像
前金
大作
市井
真相
政界
当所
婦長
駅名
下流
酒税
小倉
全校
素顔
同村
文科
本物
無色
有印
上人
城頭
場面
数次
大空
中等
伝統
不足
初球
身元
大半
伝説
同区
白地
判官
本戦
悪性
海容
漁業
支社
秋日
週日
真人
全港
年次
河辺
顔面
検字
熱気
楽曲
教団
校舎
初孫
商戦
正負
同港
堂舎
道者
分館
返信
課題
楽器
逆風
校歌
細大
山下
死球
主役
少額
大差
大道
反古
反故
不満
夜空
下辺
漢字
器具
金枝
金糸
厚司
厚子
口才
所天
心像
大玉
調書
付注
遠眼
公課
功科
功過
工科
残年
小鳥
小品
昼間
同博
筆者
表情
回路
絵画
古都
固目
産地
小額
貸付
台辞
大字
大地
題字
題辞
炭鉱
知歯
置市
無期
無形
花粉
気色
逆説
考課
行事
弱音
図書
損益
東洋
名子
様式
良心
印象
火花
再話
神道
身上
水辺
正覚
先見
町内
適例
灯油
動機
同好
銅鉱
家屋
家格
過客
寒気
商学
人手
組長
単向
墓標
本志
開村
教書
国体
最少
細小
産制
中身
同小
風上
分会
野分
養子
衣服
親方
団地
地神
本位
活力
厚相
左官
次長
人徳
政局
地上
土橋
不在
角灯
館長
苦味
熊毛
書家
正客
天国
天地
仏式
母国
木戸
容止
洋紙
寒害
管外
単価
当方
文相
毎戸
名所
曲面
古参
行内
字書
小康
食堂
水力
夫妻
風雪
木綿
林野
栄光
器質
基質
古川
商港
上着
人類
正念
青雲
草案
着物
夜気
流星
和室
気持
起句
後学
光学
好学
工芸
差損
終着
賞品
水中
全線
対案
頭角
品種
薬事
金文
国府
市会
上使
上士
身長
清貧
体協
標的
両面
何頭
学級
宮家
公証
口証
校章
行賞
大火
直径
電線
土産
文芸
便所
有功
有向
火山
官公
講社
高原
死生
祝着
章典
石神
店内
都県
間接
戸別
雑草
序言
小店
親族
炭価
通貨
道念
日計
横顔
居間
公舎
司政
市勢
市政
資性
西岸
風速
本号
役人
要員
後部
女流
代数
同志
念頭
本番
例会
営養
国字
自信
社寺
新居
新橋
赤字
前兆
地位
仲冬
柱頭
標準
無機
用語
慣行
客室
空家
経堂
校則
財政
生保
同機
同高
府下
風水
要人
理由
学課
寒風
苦寒
史話
詩話
首領
世事
大工
同相
病状
牧師
旅団
好例
構文
高利
植木
性格
政官
正教
清興
男児
典型
夕日
塩性
欠点
国政
城市
神社
人格
体力
白票
本城
本状
名曲
衣料
記号
県道
主任
小指
小石
童話
旅人
安保
遠景
光速
公理
功利
効率
国定
弱火
前文
容器
下士
仮死
計時
見地
原罪
原発
合金
社線
初級
水分
太陽
犯人
王様
岸辺
月額
好物
構内
社主
住民
上布
電気
病室
兵制
歩道
木場
小五
各市
関門
旗手
産道
成体
政体
短期
入口
白米
屋内
君主
耕地
産科
小史
小者
証紙
深雪
神明
声帯
静態
前列
有人
各館
記文
記聞
曲芸
空気
公知
山辺
親米
親類
身内
大金
直中
点前
両国
王国
課目
海運
街角
気力
客船
公用
国旗
手口
石橋
他馬
団長
日刊
品質
文様
教頭
交声
最速
細則
酸類
手帳
職印
心頭
新刀
神灯
人材
対価
大過
陽性
両社
外向
外港
感状
管状
近所
原型
原油
公使
最低
事前
生死
青空
標語
法式
北洋
無実
両方
衣魚
医局
紙魚
次席
車輪
政労
船頭
本船
満点
木星
有給
空身
合弁
根性
辞表
神田
人件
生後
税政
中研
中団
丁年
停年
日額
発作
不死
付子
無言
無量
役目
林間
連歌
連火
気道
酒徒
新内
新約
深林
年数
名刀
名答
有色
要領
例年
家集
元始
原紙
原詩
原資
現員
光熱
好機
山里
初夏
小暑
消暑
新型
船員
前妻
昼食
田園
年上
羊水
悪評
個室
志士
信書
新妻
新緑
真書
親書
正堂
前庭
貸家
長女
直球
道義
銅賞
友達
音量
具体
出色
出典
商号
消印
省線
新規
前例
追手
鉄工
鉄鉱
導師
童詩
道士
美女
目前
家電
開張
金具
血液
財産
死神
主計
出番
信管
神官
成年
政道
正道
精銅
先方
築法
頭金
独身
本業
名義
名物
有無
火口
花芽
会規
海気
開基
居士
経路
酒場
水質
先手
前歯
速度
短調
朝市
天上
伝記
徒歩
熱病
買気
母校
報賞
洋品
官設
語頭
公庫
産児
史詩
師資
詩史
秋波
所由
小判
政客
正格
中古
中流
天機
転帰
要録
歴代
話題
楽屋
居室
漁村
金物
後会
公会
公民
効用
算術
酒色
酒食
秋冬
乗員
新秋
神州
伝灯
道話
特典
文末
両院
雨量
園芸
横車
横笛
空前
秋興
神米
性能
成果
成典
晴天
清風
生年
税務
先代
貸出
同一
同館
日課
比重
評者
文筆
母子
母体
様相
家老
基調
曲目
芸者
決河
限界
好個
好古
山神
士人
首題
終戦
勝機
生計
帯状
頭上
年歯
白鳥
犯意
風船
無敗
両者
王朝
海辺
官位
技法
元素
後件
後生
効験
自力
小川
数理
性別
政令
戦法
他家
大男
断頭
町名
内角
評語
北門
目白
冷飯
王宮
岩場
顔色
機首
構図
時速
手話
神事
対極
大台
達人
中級
町制
土台
土中
兵力
北東
花形
快刀
海面
近世
好天
深海
政経
西経
朝政
都心
日常
配点
不仲
風土
本心
要素
塩分
化工
仮構
河港
快晴
極右
原形
古着
厚志
高士
式場
弱点
食器
真底
人身
正味
青木
天漢
日子
物資
両船
小二
右目
願書
金鉄
考試
再三
山王
子中
人臣
生母
雪景
貸金
店先
日次
波間
白魚
富商
物件
米兵
理容
緑地
家兄
学期
教官
均整
使命
食料
信士
心耳
新字
人世
人性
数学
正法
全店
他者
体重
中興
通事
通辞
動議
白日
反戦
病者
放資
役印
家長
県議
古屋
後葉
光陽
口中
祭政
参道
司書
社説
手順
春宮
小目
心事
神話
製薬
対物
態度
中倉
土日
土用
同心
熱線
農夫
筆頭
無品
広葉
医道
機械
曲者
公金
口先
黒地
才気
祭器
小委
小数
情熱
身方
青果
前身
測光
速効
打率
通年
同案
年下
肥料
副官
米作
有志
横議
外人
各店
金魚
原人
指命
死命
実科
親中
船台
全身
対内
通念
同位
武器
分子
文面
便数
保安
満席
名士
塩味
何事
花鳥
開講
開明
公益
工員
左足
資材
歯車
写実
勝因
小引
賞状
職場
真先
神木
全長
地名
町民
長所
頭皮
副賞
本家
末位
民兵
葉色
例外
医務
右記
右足
雨季
歌曲
行楽
左下
在米
周期
出目
所長
女神
船上
村立
灯標
内証
配下
病人
本官
本管
薬方
力学
円堂
加法
果報
火薬
花輪
感性
観点
器械
経歴
黒船
支局
時文
辞書
初老
書名
接点
竹林
不才
母性
有線
両側
屋号
音曲
海原
気配
空白
原産
高空
黒石
手技
習作
乗法
常法
親元
親分
身許
人望
正価
正課
正貨
生花
精子
声価
製法
青葉
足元
知見
同夕
童形
年頭
農村
美人
武人
夜光
利率
悪政
衣類
外伝
各車
紀要
形勢
形声
原理
高評
時短
室外
秋季
出方
初動
身分
農場
不通
平屋
法会
法要
無位
余地
養父
路面
付物
英紙
火災
火手
火酒
階数
外部
気息
近県
軍楽
原告
原料
後任
高温
才能
死角
詩格
秋期
秋気
小人
小池
図利
水勢
水性
水星
水生
水声
税別
戦士
線路
早版
総記
築地
同形
別名
無間
立方
悪声
沖合
外界
外灯
街灯
活路
左目
妻子
住人
出先
数列
戦国
村人
代打
短編
転院
同工
評伝
不作
風物
文句
米価
本局
綿糸
有料
老手
雨林
液状
温室
荷物
具合
減作
口車
航法
高察
国父
実態
主知
真顔
世子
正史
製糸
青史
川下
地面
農薬
不帰
別線
路上
夜明
会席
外来
学卒
管長
弓矢
空席
国富
作意
初雪
小差
小豆
真心
水位
制球
全形
早計
卒中
体面
代地
大判
朝野
底辺
文物
薬品
余所
要所
陸士
家法
花束
海中
機材
教理
曲線
決勝
限月
車体
手羽
小節
小男
章節
新都
神前
赤地
川岸
前節
草魚
太初
大暑
知性
農相
不漁
風景
文教
本場
本体
夜桜
野辺
力士
悪貨
歌声
期首
議席
急所
教材
軍隊
結末
元祖
康平
才子
祭司
市議
時機
次子
社協
社団
習慣
小曲
小使
小母
情感
信金
新品
性質
精農
声門
戦力
全容
隊舎
大所
柱状
直間
定休
天宮
土手
道行
農産
版画
薬味
勇気
林道
音質
下面
機業
旧友
境地
軍属
現職
個利
古典
後方
交点
光点
高点
国司
国師
市価
時差
酒手
初版
心情
新説
神様
図画
制令
青春
船長
他方
伝票
年限
美風
部下
本朝
夜鳥
仮象
急談
急電
金品
工兵
散人
姉妹
自体
受入
終期
出前
助字
助辞
序次
上体
常体
常態
常談
情態
信念
早見
総力
損金
他校
大雨
大体
男物
定員
底力
道場
内政
面輪
毛根
門徒
要件
里方
上角
下水
火力
開府
階級
寄道
規格
区民
形態
航路
材質
史観
支所
社頭
重油
職種
税額
戦場
前任
全曲
全文
台地
大王
大隊
地図
丁字
年号
粉雪
力点
下角
横丁
音頭
下風
家元
家風
学芸
眼下
岩山
機知
義弟
教主
極地
軍国
形像
原液
公費
功名
行員
際限
財布
耳目
秋桜
情歌
情火
新曲
正妻
祖国
多肉
大局
大葉
都銀
等号
表側
武家
文名
兵器
墓表
民家
目頭
有半
里親
両像
連中
手指
主司
医長
音程
海港
活気
管財
岩木
気品
客足
境目
金堂
原画
個数
光明
高見
国士
才識
祭式
士道
師家
師団
辞令
初給
信条
身命
総評
台車
大群
茶室
内輪
波状
美顔
不敗
無税
陽光
労相
老母
愛犬
下着
角度
基数
急流
旧家
魚心
極限
軍談
後備
好守
幸先
史学
士官
師道
志学
糸価
紙価
詩家
詩歌
詩学
試薬
資力
歯学
字形
辞意
主幹
小玉
小犬
新雪
真情
臣節
人前
人足
声量
仲兄
低空
定評
倍率
売出
費目
表札
病名
不実
粉末
文庫
本命
名作
浴用
細切
悪女
駅員
旗印
規準
客地
級友
旧遊
競書
強風
業主
月間
現物
言笑
向性
黒板
最貧
市有
試案
社報
出足
勝率
松林
上面
色街
信実
新春
水色
正金
製紙
線香
組曲
男色
地理
電灯
当社
同気
童心
内局
犯行
方言
本流
民法
名車
勇士
和風
目当
悪日
遠海
屋外
夏物
果物
外資
旧領
魚類
曲名
銀色
工程
高弟
黒星
細見
産別
次位
守勢
手中
終点
宿願
春雨
勝敗
小包
情状
親指
先考
戦功
祖父
素案
総勢
他所
貸費
台帳
店名
入日
反感
文楽
文法
編物
名声
薬用
用事
労音
見出
悪玉
悪夢
因果
横町
屋根
仮題
外史
外紙
官報
観法
旧知
局部
軍旗
軍紀
軍規
軍記
古楽
古制
公報
行程
山行
山林
散光
寺院
主位
主意
手芸
手編
初会
上官
食管
神仏
水気
生理
前景
全景
造花
大軍
大便
天体
土質
島田
銅器
白丁
白布
保線
本島
目先
有事
夕陽
老木
和服
小船
悪法
悪役
井戸
王族
階下
外角
気運
軽重
軽油
県連
原典
公立
校庭
事態
主観
取消
首級
所員
信徒
水屋
正使
全編
祖母
多産
題名
茶会
同家
同率
銅鏡
内側
農政
買手
不断
別製
歩調
墓場
法量
本土
毛虫
有司
有史
遊士
遊子
遊糸
遊資
礼状
愛車
各線
旧型
共犯
強度
景観
結社
原野
後味
工費
桜草
史書
詩書
事後
字義
謝辞
主因
主祭
初音
初子
常勝
条章
真空
神都
人里
足場
大麦
断面
町人
長流
天元
伝家
能会
白球
文言
母印
無休
毛色
用字
両人
主菜
雨戸
運命
駅弁
花台
回文
基板
機具
牛歩
漁協
魚粉
係官
県下
元職
口元
行末
香道
細君
菜園
死因
主戦
主薬
手元
週刊
順番
暑中
書士
女心
深浅
性状
政情
戦敗
線条
線量
船体
足音
谷行
中位
定法
鉄人
電設
都合
頭取
年令
敗色
風雨
文官
法家
法科
法貨
木具
木製
理念
立像
路程
老年
雨雲
営利
横糸
王家
海損
外形
官舎
逆接
旧名
牛肉
金製
空調
現形
祭典
子役
字解
実車
主眼
手管
首長
所用
勝地
商状
小乗
小声
小知
小島
心境
新種
水着
石炭
全館
全席
体格
大皿
単語
単品
中型
中味
低音
電器
土石
島民
特色
農協
飛球
報国
本箱
名水
野草
油性
夕刊
容量
洋式
要式
路地
子取
歯切
案件
引金
引鉄
果菜
回章
学位
学究
関取
球児
局番
金庫
金満
群島
元利
湖底
語録
口笛
国益
雑音
山師
産年
仕丁
事例
質量
実情
実体
実定
女手
焼肉
上衣
情人
食道
世間
制式
整式
晴眼
正眼
青眼
石材
先人
戦災
相性
多客
大黄
定価
当確
当機
等角
統覚
道具
南口
入試
肥土
不問
風神
風説
復田
母方
牧草
本屋
本数
野外
洋酒
列島
光一
表着
井然
益税
往事
往時
王事
温度
賀状
格下
丸太
機長
気心
急使
球史
旧師
共和
係員
古手
故意
公道
公武
口火
工率
産声
資財
次節
実技
実父
写字
社名
小麦
上役
条例
色石
新芽
人魚
図式
水軍
水流
整然
石像
積雪
先祖
全土
素質
総菜
大安
大老
題材
地衣
電子
当行
同族
導管
道管
馬術
皮質
鼻歌
病苦
不発
仏体
文民
野菜
油絵
洋語
洋上
用後
利便
理数
園長
黄道
黄銅
音階
荷台
快楽
海流
感覚
顔料
漁師
原題
原版
後発
光来
鉱物
高堂
国技
雑歌
始原
死罪
実話
祝電
色弱
心力
真理
神風
人妻
水虫
正賞
戦犯
線区
前歴
全会
相者
増価
造化
単機
単記
長上
定性
定説
点景
湯船
入級
念力
白馬
貧打
仏経
物流
文集
便益
便器
本領
満員
満天
名門
洋服
用件
利点
両極
両校
両省
以東
委曲
家業
火種
学資
楽士
楽師
寒帯
感想
寄席
機上
気温
逆進
魚価
局地
芸風
血便
原由
古銅
公法
口調
工法
国交
国名
根気
根底
最古
子女
事績
時評
自席
実子
実務
車外
主神
住職
女坂
商用
常務
色情
信教
新開
真草
神階
親許
親友
石柱
石頭
先妻
戦型
浅見
選良
早足
増勢
単形
竹光
中高
仲人
朝命
転作
等比
特性
毒薬
内耳
肉感
半生
不学
不着
富鉱
武事
仏徳
文具
文語
本港
本職
無上
無常
明器
木札
木精
門葉
有価
有休
遊休
用具
要事
略歴
顔立
酒神
英才
英和
駅長
往信
夏場
家伝
回天
快挙
海兵
外電
外様
角材
学業
器材
共管
教程
近親
金線
形勝
形象
径路
景勝
月刊
見解
現官
公案
公印
根幹
再試
採火
産前
産物
司祭
史官
士関
子犬
子分
市外
指標
止観
寺社
時日
自前
実物
実名
謝礼
車間
車寄
車列
手鏡
所以
小変
小編
笑芸
情交
情工
心木
新形
真価
親水
正犯
青豆
赤毛
切花
前菜
倉庫
測度
大命
大目
単願
茶柱
茶番
通期
通所
庭園
鉄路
天命
動意
同根
毒性
熱意
能面
白菜
箱屋
飯台
美観
美酒
氷質
部外
兵員
母港
毛糸
木版
目上
矢板
油田
有性
有生
有精
遊星
洋弓
用兵
陽子
利息
陸協
陸相
料飲
林政
冷夏
礼金
老親
形無
飲物
運輸
演芸
塩素
応急
家路
海綿
界面
貝類
外政
街談
学園
学力
漢学
義母
休園
球技
極印
禁物
金貨
景品
血管
建材
公害
功罪
口実
広原
合間
根基
細身
作出
使臣
指輪
死力
糸状
字体
治世
自伝
鹿毛
手引
手本
酒造
州法
修身
週給
助員
商機
商業
小器
笑気
信組
神国
図上
正伝
生水
石門
雪国
素焼
太極
打球
炭酸
短刀
男根
男坂
定形
定番
鉄板
転機
土物
道心
南天
肉親
日貨
熱湯
麦酒
反共
反動
犯科
非鉄
氷山
布地
兵隊
法則
法灯
法統
末路
未完
名画
面相
木芽
目線
用布
要義
要港
里子
立体
良法
林地
羽車
雨天
王手
歌業
河童
画風
外観
各位
学年
官軍
間然
間道
機体
気合
義兄
球形
漁民
近火
径行
経口
芸名
古刀
後妻
効能
広義
行金
差金
才女
細管
作風
詩集
持家
時給
自室
実益
実績
主調
手付
州兵
秋水
週番
春節
所産
所定
女中
商事
小道
象限
常敗
織機
食味
新税
申入
親王
人造
水草
成分
晴着
正方
切線
接線
説話
雪上
雪線
先客
先史
先師
戦史
戦利
選集
総量
側近
損保
対辺
大度
大番
地形
地表
中秋
中門
定額
弟分
天才
天使
伝令
湯気
当人
同数
堂上
道教
道順
日月
念書
能率
博徒
判例
美技
美徳
病原
病舎
病巣
貧民
不興
富強
風雲
風格
風鳥
仏子
仏師
文士
兵舎
墓相
法規
本件
末代
満身
無季
名医
名勝
明証
迷信
毛布
野性
陸運
両紙
両様
冷害
路次
労力
愛情
悪意
意力
羽毛
運勢
液体
円上
塩基
下番
加薬
可算
家産
家相
歌道
火元
快音
海底
学風
楽章
寒天
官学
眼球
器財
器物
器量
機電
季語
急場
教生
金脈
金力
苦楽
苦言
軍学
月産
月内
原色
言辞
古老
光量
広角
災害
在外
作者
雑則
紙屋
字面
実兄
実姉
車庫
主犯
手動
秋口
秋風
終身
重税
宿命
祝勝
所労
女物
小農
少雨
証左
城下
常連
情愛
身根
人知
水球
水心
水兵
政戦
政友
星雲
正札
清元
切札
切点
節点
雪雲
戦火
船旅
前章
前生
全能
早道
早番
総意
足許
代役
大祭
単級
断筆
知命
地勢
地声
虫歯
長雨
直情
定型
適性
点字
電波
登高
度量
土足
土筆
刀工
灯光
当校
等外
等身
銅像
肉体
農民
馬子
買上
売場
白文
鼻先
票田
表音
不弁
富農
父兄
風情
復配
物事
別命
返書
墓前
法衣
法城
法条
防火
本能
末席
名器
名字
余罪
洋楽
洋書
浴衣
立件
冷風
和文
客寄
歯止
悪友
安物
印章
右岸
運気
遠見
王政
黄粉
下級
下名
家名
科白
回虫
絵図
害虫
学童
官省
官版
官話
漢和
眼科
技能
技量
客気
急足
牛女
漁港
強火
禁教
金銀
形体
軽量
芸談
決選
月給
険要
語口
口許
工具
行路
左飛
祭具
支線
死線
事案
持味
時流
示談
実年
写経
車止
弱毒
主文
取水
集客
祝辞
春期
春物
初志
初犯
所司
所思
書志
小用
省益
乗客
色気
色調
心証
神童
神品
身辺
図版
世相
政商
星空
正室
清適
声質
昔話
積年
赤貝
節度
浅緑
前説
全局
全馬
素因
素式
総業
続編
村民
単勝
短観
地酒
朝見
長旅
通路
低温
低額
庭球
鉄柱
度合
土建
答案
動画
道理
特使
読後
読方
年配
年率
農林
番犬
氷原
表土
評言
武術
副業
複線
文体
返球
法定
本題
未刊
無官
門松
野花
野選
役職
役得
余生
容体
利得
両家
良家
類書
連隊
労災
労作
老境
老少
心構
備付
愛妻
愛社
悪習
悪報
意義
印画
英断
液便
往航
王公
王制
下絵
過言
画材
画集
快速
絵馬
絵筆
開運
外信
確度
学説
学徒
学名
学友
寒村
旗標
記数
救国
旧慣
旧観
旧館
漁具
魚肉
競輪
業務
近海
近辺
金持
苦虫
軍配
経時
芸歴
結石
結縄
血幹
血清
月報
月面
検校
元物
原物
古式
故国
公主
好手
工手
号外
合板
国庫
国鳥
国力
黒酒
今生
在来
昨季
山場
産油
酸素
残雪
残土
史談
子息
市電
師友
糸口
飼主
持主
持前
次兄
自発
実弟
実母
実例
社屋
社外
社業
主動
守成
酒精
周囲
拾物
週休
週報
集名
春季
順序
所行
序文
少佐
焼経
上方
乗物
色合
色町
食間
新教
真義
神鏡
進境
図案
図像
図表
水素
正体
赤子
戦績
戦野
浅才
前官
前編
巣箱
多岐
多面
打順
体毛
知能
地力
中佐
仲居
張紙
町営
長老
追風
定温
天空
天災
刀心
刀身
投信
灯心
灯船
等親
特会
特製
特長
特番
内陸
波長
買主
半角
半径
半量
反間
板前
飯事
悲話
美学
美質
鼻息
標札
標本
秒速
夫役
負軍
負戦
武具
部局
部数
仏身
物体
文型
文脈
平温
平価
変局
変災
変電
方位
法眼
法器
法文
防犯
北岸
北風
本態
民芸
民放
無給
明日
目高
友情
有情
予価
予科
洋名
列強
老害
老公
目差
眼指
持成
物差
物指
後向
光物
根引
焼立
愛児
意表
引際
引手
英資
益鳥
演目
遠祖
王女
黄精
黄白
温帯
仮説
加害
果実
果皮
火消
課業
画布
会費
会務
回流
絵具
外事
外周
外洋
覚書
角番
学区
寒空
官民
感量
慣習
漢文
管領
観想
観相
間者
関数
館主
基音
基線
旗本
機先
気節
汽船
希節
義父
逆光
逆心
逆臣
球速
究極
究理
旧人
漁火
強弱
強心
曲節
曲想
極意
極寒
極光
近景
軍刀
血道
月白
健常
検使
犬歯
県会
見所
原級
古文
後室
光画
好日
校外
構外
港外
行間
行司
鉱害
号旗
差引
妻君
才媛
細型
在民
山男
山羊
残部
子細
子羊
師表
枝葉
死票
死本
詩才
持説
時効
自軍
自説
自筆
辞色
質料
実景
実状
社命
借手
弱年
弱味
手塩
受持
秋空
重職
重陽
所作
書作
書中
小照
小身
省油
笑話
乗組
常温
常例
情事
条文
条令
職責
心火
心太
心友
新価
新酒
新選
真中
真勇
神歌
神火
神橋
神祖
神馬
臣下
進取
進路
図星
水運
水牛
制勝
政変
星章
晴間
清勝
生肉
青書
折紙
絶遠
戦隊
戦列
線型
線形
船型
船隊
選対
前世
全階
全知
素行
組子
草取
息災
速足
速歩
続開
続投
他聞
対格
大罪
単眼
単月
短詩
短命
団子
地気
地平
中形
仲直
朝練
長物
長夜
長話
通気
低利
停学
定見
庭師
庭木
天険
天際
電動
冬山
投句
東経
当来
同属
徳性
徳政
特修
特大
特例
毒素
読者
内径
内情
縄文
南洋
日照
年商
能管
農具
農道
農務
馬番
敗因
半価
半休
半弓
反歌
番台
悲引
悲願
非負
美感
美声
鼻血
表意
表題
貧富
富家
布衣
負号
副因
福音
福利
仏徒
文政
聞耳
便船
弁理
墓列
法弟
法服
暴投
本校
満開
未然
民業
民話
無才
名実
毛筆
目玉
野羊
油井
有理
遊里
余念
洋画
洋間
洋種
洋食
用材
葉状
要具
利害
里数
陸橋
流血
両行
良工
良港
良相
領海
領空
力動
冷茶
老臣
老身
和算
左角
独者
空売
元売
祝事
心待
人混
石積
立読
愛書
愛息
愛鳥
愛別
悪因
悪運
悪寒
悪漢
悪気
悪逆
悪業
悪形
悪血
悪妻
悪才
悪者
悪手
悪所
悪書
悪場
悪食
悪心
悪神
悪人
悪相
悪態
悪童
悪道
悪徳
悪念
悪筆
悪病
悪風
悪文
悪様
悪例
圧制
圧政
圧雪
安居
安宿
暗雲
暗君
暗号
暗黒
暗室
暗主
暗証
暗色
暗線
暗箱
暗部
暗夜
暗流
案下
案文
位階
委細
意中
易学
易者
移流
衣手
医界
医業
医術
医書
井守
井目
育休
印形
印材
印税
印池
印伝
印肉
印判
印綿
印面
員外
因習
因数
因明
引歌
引戸
引札
引数
引船
引導
引縄
引物
引綿
引力
引例
飲屋
飲助
飲水
飲代
飲茶
院外
院号
院主
右近
右左
右筆
右府
右文
右辺
羽衣
羽音
羽交
羽虫
羽風
羽目
雨間
雨気
雨具
雨空
雨後
雨声
雨足
雨皮
雨氷
運上
運筆
雲海
雲間
雲気
雲級
雲居
雲形
雲際
雲助
雲上
雲水
雲足
雲表
雲母
雲量
雲路
営舎
営庭
営農
営林
栄位
栄典
永日
泳者
英学
英気
英主
英図
英略
衛士
液肥
益体
益虫
益友
駅舎
駅手
駅頭
駅路
円周
円心
円柱
円本
園地
園丁
演義
演題
演武
演物
遠因
遠音
遠火
遠近
遠国
遠山
遠心
遠足
遠島
遠道
遠方
遠目
遠矢
遠洋
遠来
遠流
遠路
塩引
塩花
塩害
塩気
塩田
塩豆
塩物
塩類
往古
往者
往昔
往日
往年
往路
応益
応札
応手
応分
応変
応報
横雲
横型
横形
横根
横紙
横手
横線
横隊
横波
横物
横木
横目
横列
王佐
王水
王代
王土
王道
王法
王命
黄玉
黄水
黄体
黄梅
岡引
岡持
岡目
沖天
屋舎
屋体
温顔
温気
温州
温習
温情
温石
温熱
温容
音感
音義
音訓
音字
音信
音節
音素
音速
音調
音波
音物
音便
音容
下火
下戸
下根
下作
下司
下枝
下種
下女
下情
下職
下心
下人
下図
下前
下草
下足
下帯
下男
下肥
下表
下目
下役
下略
化身
仮宮
仮初
仮親
仮数
仮病
何程
何方
何役
何様
加水
加数
可逆
可動
可燃
夏作
夏山
夏服
家君
家訓
家作
家借
家職
家信
家臣
家数
家父
家母
家門
家来
家令
家例
科挙
科人
果肉
歌口
歌心
歌切
河鹿
河川
火玉
火祭
火皿
火色
火水
火切
火打
火柱
火縄
火夫
花屋
花軍
花札
花時
花実
花守
花序
花色
花信
花心
花代
花道
花氷
花弁
花落
花梨
荷札
荷車
荷主
荷積
荷船
荷足
荷縄
荷馬
荷役
貨車
画業
画才
画賛
画師
画商
画数
画然
画素
画題
画帳
画板
画筆
賀春
賀正
会意
会心
会則
会友
解語
回米
快足
快弁
海牛
海月
海参
海象
海神
海図
海内
海馬
海風
海防
海陸
界標
絵師
絵心
絵素
絵像
絵付
開題
貝焼
貝柱
外圧
外因
外気
外客
外宮
外教
外局
外語
外材
外字
外耳
外積
外孫
外題
外典
外道
外皮
外物
外聞
外米
外編
外報
外法
外面
外用
外力
外輪
害悪
害心
害鳥
害毒
各駅
各科
各区
各月
各室
各面
各様
格技
格言
格式
格調
格率
確然
確報
確率
角質
角書
角帯
角柱
角通
角笛
学兄
学才
学際
学事
学識
学績
学則
学都
学徳
学府
学務
学理
楽音
楽市
楽焼
楽人
楽節
楽想
楽典
楽天
楽土
楽日
額際
活花
活眼
活魚
活計
活殺
活版
活仏
活弁
寒月
寒色
寒竹
寒梅
寒肥
寒流
寒路
刊本
完本
官営
官金
官女
官職
官費
官服
官辺
官有
官立
幹竹
感熱
慣例
漢意
漢音
漢書
管下
管見
観桜
観兵
間欠
間口
間色
間貸
間代
間断
間男
間柱
間縄
間判
間夫
関守
関所
関白
丸材
丸取
丸首
丸損
丸打
丸帯
丸麦
丸本
丸薬
眼界
眼光
眼識
眼前
眼帯
眼中
眼底
眼福
眼目
眼力
岩塩
岩魚
岩根
岩室
岩石
岩組
岩頭
顔役
願意
願行
願事
願主
願人
願文
願力
器楽
基根
基肥
基部
寄算
寄手
寄場
寄人
寄木
寄目
旗雲
旗持
旗色
旗頭
旗日
機外
機根
機才
機織
機略
帰命
気位
気球
気根
気前
気団
気脈
気流
汽笛
季秋
季春
紀州
紀伝
起電
起票
起毛
技官
技芸
技工
義眼
義挙
義金
義軍
義心
義戦
義足
義兵
義妹
義民
議事
議題
議連
客位
客演
客間
客語
客舎
客車
客種
客体
客土
客分
逆運
逆境
逆産
逆子
逆児
逆修
逆順
逆数
逆波
逆夢
逆理
逆旅
久遠
宮居
宮室
宮守
宮人
宮中
宮門
弓形
弓取
弓手
弓術
弓勢
弓張
弓道
弓馬
急火
急信
急調
急病
急務
急用
救貧
救民
求道
求肥
泣顔
泣言
泣女
球根
球心
球体
球道
球面
級数
級長
旧悪
旧記
旧居
旧教
旧作
旧識
旧主
旧臣
旧態
旧都
旧道
旧任
旧物
旧聞
旧法
旧約
旧例
牛後
牛舎
牛車
牛刀
牛頭
牛馬
牛皮
去秋
去声
居館
居候
居合
居所
居城
居職
居然
挙国
挙世
挙動
挙例
許多
漁場
漁色
漁灯
漁夫
漁父
漁法
漁労
魚群
魚子
魚族
魚田
魚道
魚板
魚肥
魚油
京間
京菜
京女
京童
競市
競買
競歩
共益
共助
共編
共役
強弓
強国
強者
強談
強飯
強兵
強味
強面
教案
教具
教場
教条
教祖
教則
教典
教父
教本
教務
教門
橋板
鏡石
鏡板
鏡面
業火
業苦
業師
業績
業態
業病
業風
業物
業容
局外
局紙
局所
局報
局方
曲学
曲技
曲玉
曲師
曲直
曲馬
曲筆
極安
極楽
極官
極月
極左
極細
極所
極書
極上
極製
極太
極熱
極貧
極付
極量
玉案
玉音
玉菜
玉算
玉糸
玉章
玉総
玉体
玉代
玉歩
玉目
玉門
禁衛
禁園
禁漁
禁句
禁札
禁書
禁城
禁色
禁則
禁中
禁鳥
禁門
禁輸
禁令
近因
近衛
近刊
近間
近眼
近業
近国
近在
近事
近情
近状
近目
近流
金位
金員
金円
金気
金欠
金言
金口
金高
金札
金字
金城
金側
金団
金談
金地
金的
金頭
金波
金売
金肥
金風
金仏
金粉
金輪
銀位
銀漢
銀器
銀山
銀糸
銀紙
銀賞
銀製
銀側
銀地
銀笛
銀天
銀波
銀粉
銀輪
句題
句点
区営
区長
区点
苦塩
苦界
苦境
苦竹
苦熱
苦役
具案
具眼
具象
具足
空音
空語
空合
空際
空似
空耳
空車
空色
空説
空戦
空巣
空谷
空談
空地
空茶
空豆
空馬
空母
空夢
空名
空木
空目
空理
空陸
空冷
空列
熊祭
熊手
君王
君公
君国
君臣
君側
君徳
君父
君民
君命
訓辞
訓点
群雲
群議
群小
群臣
群青
群像
群竹
群落
軍医
軍営
軍功
軍港
軍手
軍書
軍神
軍勢
軍政
軍船
軍馬
軍費
軍票
軍夫
軍服
軍法
軍務
軍命
軍門
軍役
軍略
軍旅
軍令
郡代
兄達
型紙
型番
型付
型名
形質
形相
形代
景物
経界
経学
経国
経書
経典
経伝
経度
経年
経文
計略
軽挙
軽業
軽口
軽四
軽質
軽焼
軽石
軽卒
軽風
芸事
芸当
芸道
芸文
芸林
欠員
欠格
欠字
欠番
欠文
欠本
欠目
結界
結願
結句
結言
結語
結節
結線
結文
結綿
血眼
血気
血行
血祭
血色
血税
血相
血族
血刀
血統
血豆
血肉
血粉
血脈
血目
血路
月極
月経
月限
月次
月謝
月色
月食
月切
月草
月代
月読
月番
月表
月評
月別
月明
月毛
月役
月余
月利
月輪
健筆
建玉
建具
建水
建徳
建売
検見
検車
検量
犬馬
研屋
研師
研北
県営
県人
県費
県令
見境
見識
見神
見台
見目
見料
険所
険路
元結
元種
元正
元帳
元肥
元方
元老
原意
原音
原義
原初
原書
原図
原生
原隊
原注
原虫
原麦
原板
原皮
原肥
原票
原品
原付
原名
原綿
原毛
原木
減法
現業
現今
現神
現身
現世
現制
現勢
現任
現品
言下
言外
言句
言説
言伝
限外
個体
個中
個物
古音
古格
古学
古顔
古希
古記
古訓
古形
古血
古語
古事
古城
古色
古巣
古体
古鉄
古伝
古筆
古物
古兵
古本
古流
固形
固体
戸外
戸主
戸長
故殺
故実
故主
故知
故買
故由
故老
湖岸
湖上
湖心
湖水
後衛
後光
後口
後作
後山
後産
後指
後書
後場
後先
後前
後足
後朝
後編
後便
後目
後列
語格
語幹
語感
語義
語形
語原
語根
語手
語種
語順
語序
語勢
語草
語部
語物
語末
語脈
護岸
護身
交雑
交織
交番
交友
候文
光風
光輪
公営
公魚
公準
公序
公設
公孫
公達
功績
功労
効目
厚紙
厚手
厚地
厚底
厚様
口絵
口角
口金
口語
口合
口取
口前
口茶
口伝
口辺
好望
工合
工数
幸便
広間
広口
広前
校訓
校倉
校風
校本
校友
航続
行火
行学
行宮
行実
行手
行状
行灯
行頭
行道
行平
行旅
行力
講述
講説
講中
鉱水
鉱石
鉱毒
鉱脈
鉱油
香花
香魚
香具
香合
香車
香水
香箱
香物
香油
高下
高角
高札
高節
高説
高足
高張
高低
高波
高風
高話
号音
号笛
合印
合羽
合口
合財
合札
合切
合着
合判
合名
国運
国営
国禁
国訓
国号
国持
国典
国表
国母
国本
国利
国領
国老
黒雲
黒熊
黒血
黒光
黒松
黒焼
黒炭
黒竹
黒点
黒豆
黒米
黒毛
黒目
今際
今上
今昔
今風
今方
今様
根因
根号
根菜
根城
根雪
根太
根方
根毛
混一
混声
左岸
左近
左証
左府
左辺
差合
差紙
差歯
差水
差前
差足
差分
差毛
差料
再往
再応
再犯
最愛
最強
妻戸
妻室
妻女
妻板
才幹
才芸
才取
才徳
才筆
才物
才略
才力
才六
採草
祭事
祭主
祭神
祭日
祭服
祭文
細引
細雨
細作
細事
細字
細雪
細道
細波
細筆
細民
細面
細目
細流
菜館
菜種
際物
在院
在高
在所
在方
在野
材木
罪悪
罪科
罪業
罪状
罪人
罪責
罪名
財形
財経
財物
財用
財力
坂道
作間
作条
作男
作土
作法
作例
昨報
桜貝
桜紙
桜色
桜湯
桜飯
刷物
刷本
札差
札止
札所
札束
札付
殺意
殺虫
雑益
雑貨
雑学
雑感
雑観
雑技
雑曲
雑件
雑犬
雑考
雑作
雑事
雑種
雑書
雑人
雑税
雑然
雑題
雑念
雑費
雑筆
雑品
雑文
雑兵
雑報
雑務
雑役
雑録
雑話
山雨
山気
山犬
山国
山菜
山際
山坂
山桜
山寺
山女
山人
山水
山相
山鳥
山刀
山畑
山番
山風
山立
散楽
散票
散文
産衣
産額
産気
産金
産室
産着
産直
産土
産湯
産毛
算式
賛意
酸度
酸鼻
酸葉
残火
残花
残額
残金
残欠
残月
残暑
残照
残生
残像
残任
残飯
残品
残物
残務
残夢
残夜
残余
仕業
仕種
仕草
使番
史実
史伝
史筆
史脈
士族
始発
始筆
姉達
子安
子持
子鹿
子種
子日
子方
市松
師号
師走
師伝
師父
指圧
指先
指分
支族
支脈
支流
枝折
枝族
枝炭
枝豆
枝道
枝肉
止金
死花
死活
死金
死際
死時
死所
死身
死水
死毒
死病
死物
死脈
死目
氏子
氏神
氏族
糸桜
糸車
糸織
糸竹
糸底
糸目
紙花
紙切
詩編
試筆
飼鳥
飼葉
歯根
歯肉
事物
事変
字引
字音
字画
字訓
字数
字母
寺格
寺号
寺子
寺男
寺領
持経
持場
持番
持病
持仏
持物
持薬
時局
時空
時数
時服
時様
次号
次数
滋養
治効
治績
治略
耳金
耳順
耳輪
自今
自注
自費
自門
自余
自流
鹿子
式台
式日
式能
式服
式法
式目
識見
識語
失意
失語
失政
失体
失態
失地
失投
失費
室温
質屋
質感
質札
質種
質草
質店
質点
質物
実悪
実意
実印
実員
実害
実学
実機
実記
実字
実数
実正
実説
実線
実像
実竹
実費
実包
実方
実妹
実歴
実録
舎兄
舎人
舎弟
舎費
写絵
写本
社運
社格
社則
社日
社費
社風
社務
社友
社歴
者共
謝意
謝金
車引
車速
車代
車馬
車夫
車力
借間
借景
借主
借受
借地
借着
借物
借料
弱行
弱国
弱酸
弱卒
弱竹
弱虫
主音
主格
主客
主教
主君
主語
主査
主上
主情
主点
主部
主脈
主務
主命
主面
取口
取高
取札
取前
取的
取分
取粉
守衛
守宮
守札
守神
守刀
守兵
守役
手下
手械
手旗
手許
手業
手玉
手金
手合
手刷
手札
手事
手持
手車
手序
手植
手職
手心
手水
手勢
手性
手相
手代
手長
手刀
手箱
手鼻
手風
手兵
種牛
種紙
種族
種馬
種板
種皮
種物
種本
種油
酒塩
酒気
酒客
酒興
酒倉
酒肉
酒保
首罪
首輪
受益
受口
受皿
受章
受身
受動
授産
州民
州立
修験
修士
修辞
修女
修法
拾屋
秋雨
秋月
秋高
秋作
秋色
秋晴
秋草
秋物
秋分
秋冷
終車
終章
終発
習字
習知
集題
住戸
重圧
重囲
重科
重言
重罪
重手
重心
重臣
重水
重席
重責
重態
重土
重湯
重箱
重犯
重病
重弁
重役
宿悪
宿意
宿雨
宿運
宿屋
宿学
宿許
宿業
宿根
宿罪
宿所
宿場
宿世
宿帳
宿徳
宿便
宿木
宿料
宿老
祝意
祝言
祝祭
祝酒
祝典
出花
出格
出丸
出自
出初
出湯
出鼻
術計
術語
術数
術中
述語
春画
春寒
春景
春作
春情
春色
春雪
春着
春分
春本
春陽
準急
準則
準縄
順逆
順風
順法
順流
順列
順路
初荷
初学
初空
初経
初午
初口
初号
初産
初耳
初秋
初春
初声
初切
初速
初伝
初湯
初発
初筆
初氷
初物
初夢
初夜
初役
所化
所外
所願
所業
所書
所説
所伝
所領
暑熱
書屋
書画
書庫
書札
書式
書証
書状
書判
書風
書目
書役
書林
助祭
助炭
女院
女官
女気
女給
女工
女持
女色
女人
女竹
女童
女波
女犯
序歌
序曲
序章
序説
序品
勝運
勝星
勝味
商運
商館
商才
商標
商略
唱名
小寒
小官
小業
小結
小言
小国
小作
小皿
小字
小耳
小首
小書
小女
小職
小水
小勢
小前
小隊
小昼
小弟
小刀
小頭
小童
小波
小梅
小半
小鼻
小付
小布
小兵
小満
小名
小面
小力
小話
松虫
松風
松明
松葉
消口
消炭
焼印
焼塩
焼絵
焼魚
焼玉
焼金
焼山
焼場
焼石
焼鳥
焼売
焼畑
焼飯
焼物
照焼
照度
省力
章句
章程
証票
証文
証本
象虫
上絵
上客
上玉
上古
上戸
上根
上作
上枝
上紙
上前
上側
上長
上底
上天
上板
上番
上皮
上表
上物
上聞
上目
上薬
上様
上略
乗具
乗合
乗手
乗場
乗打
城主
城門
場景
場席
場代
場末
常夏
常客
常習
常宿
常春
常人
常世
常節
常打
常道
常民
常命
常緑
情景
情合
情実
情調
情動
情念
条目
状差
状箱
植生
織元
織女
織目
職位
職階
職工
職制
職長
職能
職分
職方
職務
職名
職歴
職労
色悪
色絵
色覚
色感
色香
色事
色女
色神
色素
色相
色男
色道
色物
色目
色里
食塩
食客
食指
食通
食肉
食分
信者
信女
心音
心眼
心願
心血
心月
心根
心妻
心材
心室
心祝
心術
心付
心夫
新案
新院
新顔
新月
新語
新山
新身
新茶
新着
新店
新湯
新道
新仏
新兵
新編
新味
新来
新令
深間
深手
深酒
深緑
申楽
申文
真因
真横
真言
真向
真水
真前
真竹
真土
真皮
真筆
真綿
神格
神器
神業
神君
神式
神主
神職
神色
神水
神通
神典
神徳
神文
神変
神領
臣民
親衛
親玉
親心
親節
親船
親鳥
親日
親筆
親木
身空
身形
身状
身性
身柱
進運
進物
人海
人橋
人才
人災
人山
人士
人証
人声
人相
人柱
人頭
人波
人馬
人買
人品
人夫
人脈
人面
図引
図会
図絵
図学
図工
図体
図法
図様
図録
水圧
水引
水雲
水音
水絵
水害
水魚
水鏡
水玉
水銀
水計
水芸
水月
水根
水差
水菜
水際
水仕
水子
水神
水船
水足
水損
水団
水柱
水鳥
水底
水天
水肥
水筆
水夫
水物
水母
水防
水脈
水木
水薬
水油
水陸
水冷
水練
数個
数行
数式
数物
世才
世上
世情
世心
世人
世道
世評
制札
勢車
性悪
性合
性病
成員
成因
成句
成虫
政所
政断
政略
整数
整脈
星眼
星合
星祭
星宿
星図
星団
星夜
晴雨
正員
正訓
正号
正真
正数
正接
正中
正風
正編
正夢
正目
清栄
清音
清酒
清談
清白
清流
生業
生血
生紙
生酒
生首
生節
生皮
生面
生木
生薬
生類
精液
精根
精虫
精肉
精麦
精兵
声音
声聞
声望
製茶
青貝
青玉
青菜
青色
青草
青地
青竹
青虫
青田
青馬
青票
青物
青毛
静心
静脈
静夜
税目
席画
席次
席順
席入
席末
席料
昔日
昔年
石印
石英
石火
石弓
石工
石高
石持
石女
石組
石造
石竹
石庭
石板
石版
石筆
石綿
積悪
積雲
積荷
積肥
積木
責苦
責務
赤金
赤熊
赤札
赤紙
赤手
赤心
赤土
赤道
赤銅
赤飯
赤鼻
赤貧
赤本
赤目
赤門
切火
切岸
切口
切妻
切子
切紙
切首
切所
切身
切水
切石
切先
切炭
切地
切張
切能
切売
切畑
切米
切目
接眼
接辞
接台
接木
折角
折戸
折山
折助
折節
折線
折箱
折本
折目
設題
節義
節糸
節織
節婦
節分
節用
節理
雪害
雪空
雪見
雪原
雪山
雪女
雪消
雪男
雪白
雪氷
雪路
絶海
絶間
絶技
絶境
絶景
絶後
絶勝
絶唱
絶世
絶島
絶品
先王
先覚
先学
先君
先限
先口
先山
先天
先箱
先非
先夫
先負
先兵
先便
先約
先様
先例
川音
川船
川竹
川底
川面
戦雲
戦局
戦費
戦備
戦役
戦友
戦歴
浅黄
浅海
浅手
浅春
線表
船荷
船客
船級
船具
船軍
船室
船主
船守
船宿
船人
船倉
船側
船足
船団
船着
船虫
船底
船内
船板
船標
船便
船方
船用
船路
選外
選民
前衛
前科
前芸
前言
前古
前山
前祝
前書
前場
前条
前足
前非
前便
前門
前略
全音
全科
全課
全角
全期
全区
全戸
全書
全数
全波
全判
全便
祖業
祖神
祖先
素引
素魚
素見
素手
素首
素数
素性
素生
素足
素面
素養
素話
組下
組歌
組糸
組重
組打
組頭
組物
倉荷
倉卒
想念
早業
早口
早耳
早出
早昼
早天
早縄
早年
早馬
早便
早老
巣引
争議
争点
相客
相銀
相国
相識
相宿
相席
相判
相聞
相役
相輪
総員
総画
総角
総高
総則
総点
総門
総有
総領
草屋
草画
草月
草原
草根
草市
草色
草卒
草笛
草堂
草肥
草分
草本
送辞
送状
送料
像法
増炭
造次
造庭
側圧
側妻
側室
側節
側線
側帯
側板
側部
側目
側役
息女
束帯
測深
測線
足技
足業
足形
足軽
足芸
足代
足湯
足熱
足労
速算
速達
速筆
速力
属官
属国
属人
属性
属地
属島
属領
族制
族長
続物
卒然
損気
損所
損得
損料
村雨
村営
村勢
村政
村童
村方
村落
村里
他殺
他事
他心
他動
他物
他門
他流
他力
多雨
多義
多血
多元
多妻
多罪
多勢
多倍
多売
多聞
多毛
太字
太守
太織
太線
太夫
太物
打首
打豆
打物
打粉
打歩
打綿
体液
体温
体技
体言
体積
体側
対屋
対句
対語
対流
帯金
帯紙
帯祝
帯側
帯地
帯皮
帯留
待人
待肥
貸元
貸主
貸席
貸店
貸本
隊列
代案
代印
代走
代品
代脈
代務
台形
台場
大円
大願
大技
大義
大逆
大弓
大協
大業
大君
大戸
大鹿
大序
大乗
大身
大足
大通
大徳
大任
大波
大悲
大福
大望
大役
大勇
大礼
題言
達引
達見
達識
達文
達弁
単音
単元
単式
単車
単色
単数
単線
単体
単発
単複
単物
単文
単弁
単葉
単利
単流
炭火
炭庫
炭山
炭質
炭車
炭取
炭焼
炭団
炭田
短音
短見
短才
短資
短所
短章
短信
短評
短文
短夜
団交
断案
断雲
断橋
断金
断章
断熱
断編
男気
男工
男持
男手
男心
男帯
男波
談林
知育
知音
知行
知者
知徳
知勇
知友
知略
知力
地引
地雨
地温
地歌
地顔
地境
地金
地口
地紙
地所
地象
地織
地色
地積
地虫
地底
地頭
地熱
地番
地物
地文
地米
地変
地歩
地目
地役
池心
置引
置屋
置字
置土
置物
築山
築庭
竹工
竹紙
竹馬
竹輪
茶園
茶器
茶気
茶事
茶所
茶人
茶席
茶庭
茶店
茶入
茶飯
茶味
茶話
着駅
着発
着類
中温
中音
中休
中許
中業
中空
中限
中口
中黒
中子
中指
中手
中食
中折
中卒
中置
中庭
中天
中点
中肉
中農
中表
中編
中綿
中有
中老
仲合
仲秋
仲春
昼顔
昼飯
昼夜
虫気
虫酸
虫薬
貯炭
丁場
丁数
丁半
丁付
帳元
帳合
帳場
帳票
帳付
張子
張手
張店
張板
張物
張力
朝顔
朝酒
朝湯
朝飯
町医
町場
町歩
町方
調音
調車
調帯
調度
調歩
長円
長音
長歌
長久
長月
長者
長手
長足
長虫
長刀
長湯
長道
長文
長編
鳥人
鳥追
鳥目
直音
直会
直宮
直参
直心
直積
直弟
直伝
直門
直列
直路
追号
追福
追分
通言
通史
通性
通説
通則
通箱
通番
通風
通弁
通有
通力
通例
低圧
低質
低速
低木
停刊
定圧
定宿
定則
定点
定命
定理
底意
底魚
底土
底豆
底面
底流
庭訓
庭口
庭石
庭先
庭前
庭草
庭梅
提重
提灯
程合
的屋
笛竹
適温
適期
適業
適言
適才
適作
適者
適職
適評
適役
適薬
鉄管
鉄器
鉄橋
鉄血
鉄材
鉄条
鉄色
鉄心
鉄石
鉄線
鉄筆
鉄分
鉄輪
典故
典章
典薬
典例
天意
天運
天火
天界
天眼
天顔
天球
天金
天候
天産
天子
天資
天質
天授
天助
天女
天象
天職
天人
天水
天測
天孫
天日
天馬
天物
天分
天辺
天目
天来
天領
店屋
店子
転義
転結
転石
転注
点画
点線
点茶
点薬
伝書
伝助
伝単
田楽
田作
田植
田虫
田遊
電圧
電位
電界
電球
電極
電材
電算
電場
電柱
電熱
電文
電報
電略
電路
徒花
徒口
徒桜
徒死
徒事
徒者
徒手
徒情
徒食
徒足
徒弟
徒名
都鳥
都電
土間
土気
土語
土工
土焼
土色
土人
土星
土製
土方
土民
土留
冬営
冬芽
冬空
冬型
冬作
冬場
冬草
冬着
冬日
冬木
島山
島守
島台
投首
投節
投売
投物
投力
東雲
東屋
東歌
東口
東国
東男
東天
東風
東遊
東路
湯花
湯元
湯女
湯水
湯茶
湯葉
湯量
灯火
灯明
当家
当館
当限
当字
当住
当身
当店
当落
当流
当路
等位
等温
等式
等辺
等量
統語
豆幹
豆銀
豆炭
豆板
豆本
豆類
頭字
頭重
頭注
頭領
動輪
動労
同君
同罪
同質
同職
同色
同人
同素
同筆
同母
同門
同友
同類
同列
堂守
童歌
童画
童顔
童部
道火
道術
道人
道草
道断
道標
道服
道民
銅山
得業
得体
得物
得分
徳育
徳望
徳目
徳利
特価
特急
特級
特金
特車
特種
特賞
特電
特等
特務
特命
特立
毒液
毒気
毒魚
毒見
毒手
毒水
毒草
毒虫
毒筆
毒婦
毒物
毒味
毒矢
独往
独眼
独言
独歩
独話
読会
読手
読人
読物
読本
奈落
内圧
内意
内因
内界
内規
内記
内議
内宮
内金
内高
内妻
内室
内所
内積
内争
内属
内孫
内題
内庭
内典
内湯
内燃
内皮
縄張
縄付
縄目
南画
南岸
南限
南倉
肉界
肉眼
肉牛
肉交
肉質
肉情
肉色
肉声
肉池
肉入
肉筆
肉粉
肉類
日永
日給
日限
日切
日待
日動
日歩
日輪
入海
入子
入神
入声
入船
入道
入内
入費
入夫
入物
入目
任国
任務
熱球
熱型
熱血
熱情
熱性
熱度
熱風
熱量
年央
年額
年子
年弱
年表
年報
年利
年輪
燃費
燃油
能才
能事
能動
能筆
能文
農園
農期
農芸
農事
農舎
農兵
農法
波風
波面
波路
破屋
破子
破談
破竹
破風
馬印
馬屋
馬具
馬市
馬車
馬主
馬手
馬草
馬丁
馬追
馬頭
馬肉
馬飛
馬標
馬方
馬面
馬料
馬力
馬連
敗軍
敗残
敗勢
敗報
配所
配役
倍音
倍角
倍額
倍数
倍大
梅酒
梅毒
梅林
買弁
買薬
売口
売国
売子
売主
売手
売女
売笑
売色
売人
売声
売品
売文
売名
売薬
売立
博愛
博引
博打
博聞
白衣
白羽
白雨
白雲
白眼
白玉
白金
白銀
白熊
白根
白糸
白歯
白酒
白首
白身
白水
白線
白太
白炭
白茶
白張
白土
白湯
白銅
白波
白梅
白粉
白兵
白面
白目
白話
麦雨
麦角
麦作
麦秋
麦茶
麦笛
麦湯
麦畑
麦飯
箱師
箱書
箱船
箱庭
畑作
発意
発禁
発句
発頭
発破
発話
判子
判取
半円
半音
半解
半開
半玉
半金
半作
半紙
半切
半天
半白
半文
半平
半輪
反橋
反軍
反語
反照
反身
反切
反物
反米
反別
反歩
反立
反例
板屋
板間
板材
板子
板紙
板場
板張
板本
板木
版下
版式
版本
版木
飯場
飯店
飯米
番屋
番所
番卒
番茶
番長
番頭
番兵
悲運
悲境
悲母
悲報
悲鳴
比熱
皮具
皮帯
肥育
非運
非職
非勢
非番
非望
非命
非役
非理
飛魚
飛型
飛札
飛車
飛信
飛石
飛台
飛電
飛箱
飛板
飛報
備考
備品
美育
美音
美挙
美形
美景
美事
美辞
美神
美身
美談
美点
美田
美童
美文
鼻音
鼻紙
鼻水
鼻声
鼻祖
鼻柱
鼻面
鼻毛
鼻木
鼻薬
必殺
必修
必勝
必然
筆意
筆画
筆耕
筆紙
筆順
筆勢
筆生
筆先
筆戦
筆太
筆箱
筆法
筆名
筆力
標号
標識
標題
標柱
標注
標灯
標縄
標目
氷雨
氷海
氷魚
氷室
氷水
氷雪
氷炭
氷柱
氷野
表具
表芸
表口
表構
表高
表号
表地
表徳
表皮
表編
表方
表門
評注
病家
病犬
病根
病身
病勢
病体
病態
病毒
病変
病葉
病理
病歴
品玉
品行
品等
貧寒
貧苦
貧鉱
貧者
貧土
貧道
貧農
不一
不感
不休
不急
不具
不言
不念
不買
不犯
不文
不例
不労
不老
付火
付句
付根
付焼
付図
付文
付目
夫君
夫子
婦女
婦徳
富国
富札
富者
富力
布引
布子
布目
布令
府営
父君
父上
父方
父様
父老
負数
負目
武運
武功
武神
武臣
武断
武徳
武備
武辺
武弁
武名
武勇
武略
部材
部室
部首
部族
部費
部民
部面
部立
風圧
風位
風花
風害
風間
風眼
風気
風紀
風教
風月
風見
風光
風向
風災
風習
風色
風勢
風声
風前
風草
風足
風体
風波
風評
風防
風流
風力
副手
副食
副題
副文
副本
副木
復文
福引
福運
福耳
福助
福茶
福豆
福分
複音
複眼
複式
複素
複文
複方
複本
複葉
複利
複流
仏家
仏画
仏界
仏学
仏間
仏具
仏工
仏事
仏寺
仏者
仏書
仏性
仏説
仏前
仏祖
仏典
仏土
仏堂
仏道
仏法
仏門
仏力
物音
物界
物見
物持
物証
物象
物税
物置
物日
物量
分限
分校
分際
分室
分身
分数
分隊
分団
分銅
分秒
分母
分脈
分量
分力
粉屋
粉炭
粉本
粉薬
文案
文意
文運
文金
文月
文才
文事
文治
文辞
文色
文身
文勢
文節
文中
文鳥
文典
文頭
文箱
文略
文例
聞香
聞事
聞酒
聞所
聞書
聞達
聞物
聞役
兵営
兵学
兵事
兵種
兵書
兵船
兵卒
兵団
兵長
兵馬
兵備
兵務
兵役
兵略
平家
平曲
平語
平作
平皿
平時
平手
平首
平準
平城
平場
平織
平信
平身
平水
平声
平打
平体
平底
平熱
平麦
平版
平服
平文
平米
平脈
平民
平面
米塩
米語
米材
米所
米飯
別院
別格
別間
別件
別後
別口
別刷
別使
別紙
別辞
別室
別種
別条
別状
別伝
別電
別当
別品
別物
別便
別報
別法
変種
変人
変数
変体
変物
変量
編戸
編首
編章
編組
編隊
編木
編目
辺境
返札
返点
返電
便意
便衣
便通
便服
便法
弁口
弁才
弁士
弁務
保身
保水
保税
保父
保冷
歩数
歩卒
歩武
歩兵
墓守
墓所
母屋
母音
母型
母語
母式
母上
母線
母船
母堂
母物
包金
包皮
包有
報徳
報命
放線
放列
方円
方術
方図
方様
方略
法印
法益
法楽
法橋
法語
法号
法治
法主
法線
法体
法典
法名
法門
法力
法輪
法令
法例
法話
豊丸
豊漁
豊水
豊年
暴雨
暴漢
暴挙
暴君
暴状
暴政
暴徒
暴動
暴風
暴民
暴勇
暴利
防共
防具
防空
防暑
防食
防人
防雪
防虫
防毒
防熱
防風
北画
北限
北辺
牧歌
牧牛
牧舎
牧者
牧人
牧笛
牧童
牧夫
牧民
牧羊
本案
本科
本歌
本丸
本願
本紀
本妻
本字
本寺
本身
本節
本然
本草
本則
本属
本堂
本末
本務
末学
末技
末子
末寺
末社
末書
末世
末節
末孫
末筆
末文
末法
末木
末流
満会
満額
満願
満期
満月
満作
満山
満室
満車
満堂
満票
味覚
未見
未生
未設
未草
未配
未必
脈所
民意
民営
民活
民宿
民情
民心
民選
民草
民度
民望
民有
民力
夢現
夢路
無印
無下
無欠
無血
無月
無雑
無産
無主
無手
無住
無宿
無水
無勢
無想
無代
無題
無地
無電
無二
無熱
無風
無文
無辺
無明
名案
名家
名花
名句
名君
名月
名犬
名言
名工
名香
名号
名札
名山
名主
名城
名親
名数
名節
名代
名題
名店
名馬
名筆
名望
名木
名利
名流
命運
命数
命日
命婦
命脈
命毛
明暗
明王
明鏡
明君
明春
明色
明神
明太
明達
明朝
明笛
明徳
明夜
迷宮
迷夢
迷路
鳴神
綿雲
綿花
綿弓
綿雪
綿布
綿服
綿毛
綿油
綿羊
面差
面子
面持
面識
面前
面長
面皮
面部
面容
毛管
毛織
毛皮
木管
木魚
木型
木口
木質
木石
木炭
木刀
木皮
木表
木仏
木末
木目
木立
目角
目顔
目許
目元
目次
目色
目性
目星
目代
目張
目鼻
目薬
門衛
門火
門限
門口
門札
門歯
門主
門人
門生
門地
門柱
門弟
門灯
門標
門付
門流
夜会
夜学
夜寒
夜顔
夜宮
夜業
夜具
夜軍
夜景
夜戦
夜船
夜昼
夜直
夜店
夜道
夜番
野茨
野牛
野犬
野山
野乗
野人
野戦
野点
野道
野望
野面
野立
矢印
矢玉
矢車
矢種
矢場
矢声
矢束
矢庭
矢文
矢面
矢来
役牛
役付
約音
約数
薬液
薬園
薬害
薬玉
薬研
薬効
薬指
薬種
薬酒
薬石
薬草
薬店
薬毒
薬礼
油圧
油屋
油気
油差
油菜
油紙
油状
油然
油送
油単
油虫
油土
油分
勇往
勇者
勇足
勇武
友引
友軍
有界
有形
有高
有産
有心
有徳
有配
有夫
有様
遊園
遊技
遊客
遊漁
遊金
遊具
遊君
遊軍
遊芸
遊山
遊女
遊民
夕空
夕景
夕晴
夕波
夕立
予後
予行
予兆
余栄
余寒
余興
余光
余香
余財
余情
余色
余勢
余談
余得
余徳
余毒
余熱
余病
余聞
余命
余力
余類
容顔
容共
容色
容積
容態
様態
洋学
洋銀
洋才
洋算
洋室
洋刀
洋本
洋梨
用金
用言
用次
用足
用達
用筆
用便
用務
用命
用木
用例
羊頭
羊毛
葉音
葉月
葉桜
葉酸
葉虫
葉風
葉末
葉脈
要害
要職
要図
要点
要務
要目
要用
要理
要路
陽解
陽春
陽動
養魚
養女
養親
養分
養母
浴後
来意
来期
来季
来光
来示
来書
来状
来信
来電
来復
来由
来歴
落果
落花
落魚
落語
落口
落差
落首
落人
落体
落丁
落度
落陽
利運
利酒
利所
利生
利他
利達
利目
梨園
梨地
理外
理財
理知
理路
里心
里人
里程
陸戦
陸続
陸田
陸湯
陸風
率然
立引
立居
立業
立秋
立春
立板
立番
立米
立毛
立礼
略語
略号
略字
略章
略図
略体
略伝
略表
略服
流感
流言
流罪
流者
流水
流造
流速
流体
流氷
流物
流民
流木
流矢
流量
留金
留山
留鳥
留湯
留別
旅衣
旅銀
旅宿
旅所
旅情
旅心
旅程
旅物
旅路
両義
両君
両個
両三
両前
両足
両損
両朝
両町
両刀
両統
両頭
両得
両年
両夫
両部
両辺
両輪
料足
良案
良貨
良計
良妻
良材
良識
良種
良人
良能
良風
良民
良友
量水
領主
領水
領民
領野
力業
力持
力車
力水
力足
緑眼
緑玉
緑酒
緑青
緑茶
緑土
緑肥
緑便
緑門
緑野
緑林
林学
林業
林相
輪形
輪状
輪中
輪番
輪留
類歌
類火
類句
類型
類語
類題
類本
類例
令兄
令姉
令室
令色
令息
令孫
令弟
令聞
令妹
令名
例規
例月
例言
例祭
例式
例題
例文
例話
冷暗
冷雨
冷温
冷眼
冷機
冷気
冷酒
冷性
冷然
冷肉
冷熱
冷麦
礼楽
礼式
礼者
礼節
礼典
礼電
礼服
礼物
礼法
歴象
歴数
歴世
歴戦
歴然
歴朝
歴程
歴年
列火
列世
列代
列伝
練糸
練炭
練鉄
練武
練物
練兵
連曲
連句
連言
連語
連山
連枝
連声
連体
連投
連年
連綿
連木
路銀
路側
路頭
路標
路辺
路用
労金
労銀
労苦
労農
労務
労役
老兄
老健
老残
老女
老体
老台
老中
老農
老病
老兵
和学
和議
和牛
和金
和訓
和語
和字
和式
和習
和書
和上
和人
和声
和製
和談
和銅
和布
和物
和本
和名
和毛
話芸
話者
話術
話頭
話法
足長
男松
外連
現生
古銀
細魚
外方
立待
血切
告口
能平
果状
散炭
折板
解物
回者
持合
物売
焼酒
笑物
破目
青粉
水綿
雨魚
旗魚
火魚
漢竹
科木
球菜
刀豆
肉豆
庭常
火焼
路導
眼張
女松
悪方
悪対
黄牛
安目
星目
雨落
圧麦
岡焼
家付
火入
花合
花立
荷引
画引
芽接
解方
海鳴
絵合
破物
寒明
丸焼
気休
気散
気受
気組
木組
気病
季寄
客引
宮参
宮仕
牛追
居続
許状
共食
鏡開
玉取
玉無
銀流
句合
空店
空解
君付
血止
月参
見定
固練
子飼
後引
根無
根問
左寄
菜葉
菜切
札入
山止
山留
山焼
指切
指折
枝打
死顔
糸取
糸入
紙入
飼犬
借数
積量
首材
首部
種取
種付
秋祭
習事
船歌
船形
宿元
祝金
初買
書手
小当
焼打
焼鉄
上張
上包
状景
定連
織糸
色消
色付
食気
心組
心入
深追
人通
生焼
声付
西向
席書
席貸
昔語
石作
切戸
節付
雪持
先付
船令
河底
河面
船戦
船積
船待
船印
船玉
早技
早船
総立
走井
送火
足付
足型
群雨
大守
打所
中落
中売
朝立
眼間
目交
外持
切字
礼参
礼回
留立
立付
利者
夕星
役向
夜鳴
夜泣
夜立
夜歩
夜働
門構
目明
目打
目切
面立
歩引
分引
歩板
編上
文使
風切
付木
付馬
品書
飛入
白練
買方
馬乗
日読
読札
毒消
土寄
内方
福神
図形
象皮
黄熱
敗血
外反
増多
眼精
前立
鳥肉
悪感
悪事
悪名
暗中
医方
印紙
因子
院試
塩酸
王師
屋台
音像
家財
家持
河船
火星
画会
画工
海事
絵所
各戸
確固
感官
観音
間着
眼路
基体
基底
希書
気体
季題
記法
義手
義人
客来
求法
球界
近古
近東
金管
銀子
空言
軍歌
兄子
兄人
血合
戸板
故旧
故山
故事
湖面
後家
後人
後図
光参
公人
公徳
公方
功徳
口書
口説
行書
行文
香味
高菜
合服
国元
国原
国守
国手
国状
国造
国電
国保
国歩
才知
作事
雑魚
山幸
仕手
仕打
司直
士風
士分
子音
指頭
指物
死人
死文
紙子
歯音
歯形
治者
示度
実事
実生
社司
社中
社用
主家
手工
手飼
手負
修史
秋思
集落
初生
書生
書付
女医
女体
序列
商都
小佐
焼野
上乗
城代
情義
情味
情話
織地
身中
図面
水温
世故
勢子
政争
生糸
生得
精巣
西国
西北
席題
石松
石粉
積水
赤身
雪間
川中
戦意
戦果
線画
船医
選科
前人
組立
草書
速球
他県
他見
他念
多重
体様
体用
態様
代価
台下
台子
大船
大入
大本
大要
達示
短波
中宮
帳面
朝議
朝夕
長兄
長径
長講
長石
長波
長路
鳥居
直近
直方
定式
定木
適材
適所
天外
天工
天道
天変
伝馬
田打
田夫
田野
電光
湯屋
頭打
同役
徳行
読点
肉芽
日商
日長
入方
年増
年波
能書
波形
非分
飛地
美果
美男
美名
不燃
父祖
武芸
武者
部類
仏果
物情
分社
文題
文武
兵家
兵科
兵火
法界
法問
北口
本義
本給
本道
本編
目地
目付
目路
野天
野路
矢立
約手
余話
用役
陽画
陽極
落書
利札
利水
理工
略画
両道
良夜
良薬
緑豆
類字
列後
連夜
連理
労政
老生
波数
丸公
子鳥
石投
大高
冬子
間取
木取
局留
金入
月決
口止
向付
根分
仕出
人受
雪解
河竹
秒読
悪戦
院政
羽子
永代
演歌
応力
岡三
家運
過労
快事
開山
外線
外地
間合
間服
喜色
機屋
季冬
客人
急戦
近習
金歯
金時
金賞
空位
見習
言責
高徳
国情
国費
才人
参差
山妻
散史
産婦
仕切
仕置
使徒
死場
事始
時人
時節
自暴
実利
写場
主事
主持
主辞
手提
酒家
出歯
出船
初手
所見
所生
小勇
上水
心学
新法
神学
臣子
進士
人別
水明
世路
政務
正出
節気
節季
戦旗
戦機
前代
前頭
前輪
全備
祖語
造言
体長
題画
地銀
茶道
中気
仲店
柱石
鳥屋
定石
定日
弟妹
典礼
天朝
電池
刀自
特高
特質
独活
縄手
年功
白夜
版図
福相
物上
変格
方角
法官
本手
本代
本立
未聞
鳴物
面体
毛羽
夜色
野心
余白
用度
羊歯
立志
留男
老成
文者
仕入
肉付
意地
衣食
王城
火屋
貨物
画境
開祖
漁区
近信
近臣
苦肉
空手
検体
現数
戸車
語法
功力
行人
香典
国許
根付
詩文
時運
時候
時好
自公
自治
実地
重石
出物
小米
城府
常識
情夫
情婦
席代
早生
総状
走者
孫子
体感
大官
団居
茶代
茶利
中州
定府
提要
等差
同上
同薬
特用
内地
白下
評点
不戦
粉米
報労
方体
本元
薬学
有終
余事
落葉
力作
力投
輪差
和様
戸建
円居
貧生
雨夜
運河
英名
円価
円貨
円転
歌合
歌体
荷作
外貨
学外
気性
記章
求心
興福
句読
空事
空電
君子
軍制
芸子
言動
公算
公電
校門
行場
国書
手妻
受書
重工
出合
助人
小歌
信望
心土
新本
深度
進度
水線
正本
切羽
総出
村役
大典
張番
町議
通人
天堂
氷河
文責
平泳
平原
辺土
迷子
迷児
木耳
門下
門外
野火
野良
来者
来車
理非
令書
組方
黄旗
下屋
可分
画室
各日
共修
血球
元高
原本
戸前
光子
公職
公役
国主
山守
市営
歯石
手織
出師
小春
上代
上地
常会
心算
新木
神算
生身
相法
総統
造酒
他生
多照
体内
対地
貸方
大知
虫害
長計
定食
鉄山
特効
南庭
買価
半球
物価
物性
文台
未決
名取
明月
明知
明度
野中
落日
陸海
良品
用向
画質
学費
規約
曲調
件名
護国
光圧
口数
事相
重器
所帯
小夜
政調
前史
定規
底本
電導
東宮
内聞
病害
品数
付人
文人
辺地
方形
本学
本宮
目板
夜祭
薬師
立札
両全
料地
良知
連子
和船
意字
医事
永久
仮性
家政
河清
火勢
期初
教法
興国
軍使
軍師
見本
公国
向暑
好悪
高飛
死語
助産
女形
上屋
情理
神授
選言
前額
台木
張本
長屋
停職
電工
日出
板元
飛語
不評
付票
別席
用益
面付
楽隊
原文
国選
始点
支点
社交
終曲
終極
書法
人出
水車
生国
赤口
足下
大門
地階
鉄則
天草
内入
白旗
非人
風下
民生
無反
名園
立冬
領事
老眼
沖積
家主
玉虫
苦情
国学
国風
山色
弱志
場数
真打
世知
赤松
達意
低地
導火
特区
日夜
品物
放課
本営
明星
夜食
野原
容子
洋館
半田
勝軍
共学
経線
建前
治山
主用
手製
順境
心象
心身
神代
水貝
石器
戦記
全紙
大農
地産
置数
都政
得失
法談
本隊
両次
良書
夏休
河馬
官選
漁期
空包
原石
再戦
仕組
字句
次週
舎利
新報
造兵
低位
道着
馬陸
不義
法学
夢精
無業
無声
夜着
薬価
余技
領分
労資
老師
和洋
漢子
問者
主治
会下
護法
合性
細線
識者
謝状
住持
春秋
上席
場外
性情
相生
大全
大路
男前
通草
電鉄
豆油
特産
白光
票数
物議
未着
木通
緑風
類同
意向
海草
起点
給金
局内
芸能
始祖
試練
小手
人参
造本
測位
続飯
村会
村議
打荷
長短
島国
動脈
農学
未申
立役
良筆
火線
海産
各委
汽圧
逆徒
曲事
苦力
経水
現時
合方
市費
治国
治産
車道
習性
小伝
招電
相方
総務
大夫
題号
中産
店長
日直
夕顔
海国
寒行
教区
後住
号車
黒田
妻達
算木
死相
勝算
商務
真面
神助
成文
精分
題意
単打
通語
徒労
同中
弁天
民政
両性
夏型
回春
海鳥
官印
官員
基点
機転
気転
義旗
義気
京師
強酸
銀貨
後金
手際
城山
造機
待合
農作
品格
品別
料紙
量子
課外
各課
技師
義勇
月見
月光
見様
国法
正則
前作
祖師
素志
中世
点火
半眼
文目
名手
用量
陽報
技手
業法
山内
時勢
辞世
実理
所在
上世
上声
上製
状勢
真田
人伝
全労
総身
大志
大死
銅板
農地
品性
物品
保健
法事
両生
神知
加里
郡部
検番
鉱山
罪過
財貨
事象
自照
書院
心気
神気
選者
大名
長身
日食
日新
農大
非時
法王
下位
下線
楽員
居中
強電
戸口
工務
詩想
詩草
受話
小路
新古
水路
成魚
中入
天成
天声
破鏡
院生
角形
丸木
句法
山号
市子
小雨
西風
打身
体調
台紙
大姉
題詩
中耳
中性
中程
灯下
当課
同音
同番
入歯
非才
氷点
変事
用法
来世
理性
緑児
残香
営倉
演者
官能
芸人
原質
国外
資質
時鳥
借方
宿志
勝景
小径
小町
象形
上家
心神
真意
身心
水先
生者
生色
精舎
製織
赤軍
先任
総局
大水
天王
田地
奈何
波高
法理
本文
名残
薬科
医用
衛兵
角地
旧交
旧版
才色
賛歌
詩語
似合
神子
人家
全集
点者
当山
道歌
銅貨
武官
別所
保母
遊楽
小三
医薬
各所
岐路
月来
死出
社人
手先
州都
真金
親電
大師
丁子
天守
特技
内国
波線
破線
破船
反旗
福徳
歩合
望遠
立夏
火矢
回教
語意
鉱区
高祖
思想
身代
大賀
地場
同委
鳴戸
河口
官紀
官記
教養
業報
原頭
産学
似顔
成語
太山
地相
点数
年別
波動
畑地
米食
包帯
本所
陸地
労協
宮内
国事
在地
仕形
士卒
心持
成案
整容
長打
白州
悲調
格外
銀河
軍民
高配
今体
投打
灯用
徳義
売価
木工
役名
各部
楽園
句会
県政
県南
好配
香料
告文
山子
勝報
消息
心機
別人
目見
養家
立地
位相
意想
黄葉
行先
国光
山海
水量
制服
成鳥
西人
素子
相等
総省
中波
都道
非行
平目
名文
名聞
官製
関口
気象
好漁
児童
単解
年季
農工
名分
県勢
後身
功臣
左手
子弟
事犯
整調
正調
清朝
声調
内務
不知
法師
気勢
原動
作中
手数
上町
前側
多生
仲夏
投機
平然
変化
木本
苦海
使丁
師弟
死体
終電
小雪
新参
石山
直線
伝手
副書
理科
給湯
建場
国文
最後
社家
人界
人外
全市
大漁
都区
土管
導線
化物
所出
章魚
中外
老父
希世
語数
手打
貸手
同山
鼻輪
勇名
和戦
本通
見場
市部
出面
深意
神位
神意
静水
赤木
大内
年賀
未成
王化
温色
岩屋
桜花
心意
前件
服地
聞方
目方
勇魚
有機
領地
月例
語気
無音
置場
耳元
上記
条規
他紙
多士
定本
冬物
不治
本省
早手
国勢
黒衣
寺務
時務
真木
神祭
親達
天理
野末
下界
局長
係数
見付
原価
鉱産
高圧
耳許
重機
小中
新進
水火
動因
導因
本章
末広
野師
和子
義姉
公家
行者
鉱夫
事理
自利
条理
大鳥
天主
徒話
道内
兵法
無界
花祭
各週
寒波
技士
義士
義子
義歯
区会
糸引
持分
式事
式次
式辞
識字
弱者
大和
同種
飛火
聞手
野史
利手
海老
興産
公差
祭場
時世
性行
大雪
町家
民事
目安
用人
町屋
会所
原種
原酒
初刊
所感
石油
定期
読史
官制
期成
軍資
光波
高所
出口
店構
入相
半旗
付表
滋味
神楽
湯本
平野
有税
慣性
金平
芸界
原始
山家
新体
大白
道産
版元
名演
家中
験者
国有
事由
提子
和音
高三
月下
現下
山側
車台
先番
定職
番人
格好
金元
試技
人様
地中
適格
白子
自働
税引
画家
国大
終局
西方
税法
都議
道家
老酒
公器
口器
口気
好季
工期
校旗
校紀
校規
香気
戦地
発条
緑色
衣帯
歌会
帰心
細部
支柱
宿六
出会
色紙
早場
朝家
日光
領国
労使
関屋
詩意
字典
次点
辞典
出様
他用
母衣
王位
軽協
殺気
死中
式部
手練
小山
対数
木馬
立国
立木
仮面
借家
本法
明後
夜曲
勝戦
中三
角行
形木
元価
勝差
成金
川上
肉屋
部位
林産
家内
各個
支隊
枝隊
詩体
村社
注連
天明
府政
有期
科料
過料
結城
散薬
大約
白頭
父性
放生
和親
火付
経世
雑仕
市区
詩句
人死
父母
下意
言文
性愛
矢倉
愛馬
心性
真性
神政
親政
清福
隊員
独楽
歌意
会堂
古里
故里
造物
谷地
同性
養老
活字
極性
山手
新駅
西陽
側石
風車
野地
官界
金目
小才
石室
平地
有識
両所
楽車
英文
実相
人台
府議
未発
教学
新田
赤旗
物相
法度
過半
帰巣
現状
同文
園内
神性
総花
直人
白木
婦道
物種
最前
子守
出所
声色
線上
麦粉
光度
西日
武技
両機
技研
道学
浴場
汽車
新前
人屋
位記
街道
金色
元手
人後
人語
徒然
能楽
量目
古昔
雑木
出水
走路
銅版
方便
現高
後記
好戦
工船
大器
定量
馬場
黄身
前者
体形
朝臣
学舎
玉石
黄土
海星
耕土
上辺
真名
地価
急坂
春風
真下
体型
年強
右角
園生
気付
黒白
山元
人力
素地
態勢
不出
有職
格子
共布
見性
光線
公子
相思
走資
大輪
童女
夕飯
高卒
直衣
物心
末弟
外側
気先
後代
高地
性根
太白
動態
童体
性向
任地
米産
変性
意気
個所
守則
首足
春光
春耕
神父
草木
体計
隊形
大兄
大計
地下
動静
理法
出切
食費
薬代
会式
新版
戦中
選管
定席
府民
期末
省令
名品
関税
山河
産所
大家
同病
内海
屋形
先住
頭目
海松
自他
水松
花畑
軽水
語調
時制
新付
新婦
動体
参議
文部
現金
同院
南風
官業
人命
代物
食後
正文
朝会
議案
民間
良性
力量
決死
真弓
導体
教科
時価
時報
深部
大洋
全島
仲仕
各回
漢土
自火
勝勢
小成
照星
笑声
本山
信義
大石
館員
武道
部課
無性
歌書
港内
精義
気負
明主
山野
節句
全作
全量
不時
民地
水上
体勢
不二
法務
極点
人君
幹線
自家
天下
予備
金山
大意
園児
生気
鳴子
打力
各校
空港
広野
治下
前部
内法
悪行
線分
牧野
小間
起死
最長
前車
方眼
本性
雑色
野老
火器
人道
産屋
所内
性器
正気
清規
精機
精気
西紀
倉本
算法
飛鳥
流人
室内
表作
見番
子規
他社
後手
球状
旧情
県土
公務
大京
赤色
後夜
人定
日当
年女
量感
自性
学院
香木
死期
小松
法制
同書
近作
重荷
取手
余録
元金
反則
山岸
度数
南北
国軍
定率
浴客
塩水
法政
大山
公取
通帳
麦芽
軍兵
在家
全品
別業
士気
急便
始期
志気
紙器
朝間
家人
山路
朝日
新地
前方
多目
大宮
大刀
未満
各組
食物
新手
雨水
紙質
川原
経糸
事務
本木
心地
心底
追肥
空自
国語
財務
波頭
領土
力感
角界
人心
校区
人文
道程
夜話
町会
室町
本会
河岸
各行
弱電
素意
黄門
童子
日報
望月
東部
未知
益金
京阪
現代
現当
松山
白焼
花月
深山
対人
立花
院長
最多
重代
西洋
本金
下田
採光
全学
馬肥
対空
日数
通運
近体
川口
史家
軍部
上期
室長
雑用
小火
政教
力紙
各相
和歌
径庭
商法
金星
代人
当会
海女
海人
同府
乗数
常数
昭代
明文
共鳴
書体
金貸
太子
倍速
当地
明間
議場
年男
国産
年期
館内
司教
東西
花園
早月
毛見
水利
大河
品名
校生
各局
詩境
詩興
数回
詩経
売店
歯入
町役
道県
出店
前夫
宿駅
宿主
月数
佐官
曜日
機内
入会
本分
愛想
同勢
部活
問屋
和紙
位地
昨夜
小金
国税
大橋
北国
食用
商会
実効
山間
別表
老婦
式年
直前
天神
客席
山車
山川
産品
神宮
谷川
同額
地代
仏語
何分
課内
同型
強記
初句
同軍
大黒
両市
領内
上田
性差
編者
部員
経連
生地
羽織
全県
海布
通常
増分
上下
同級
原状
数件
花器
隊長
大声
来春
好意
史上
酒代
新制
夏期
救世
水面
乗用
牧場
夏季
魚屋
高山
造山
歩度
全車
武士
散米
布製
下記
火気
花期
感度
酸味
同線
中原
飲料
科技
語族
厚意
校医
君達
米麦
男役
門前
海水
各州
理化
月日
店主
人税
前約
同体
青梅
元首
山形
学内
当市
暴力
外車
芸大
成人
生音
同学
南海
同前
右前
県西
動産
同隊
院内
歌話
王子
画意
賀意
景色
試合
各省
最初
見切
小屋
東海
音大
行年
理学
各界
語句
半身
議会
山道
工大
親父
表紙
墓石
同島
年会
県別
自動
強力
地合
頭分
新生
高年
道統
客数
茶屋
利器
同地
員数
語学
金子
院議
取得
大勢
上回
週内
海道
博士
米屋
他意
下回
高野
買切
朝食
工夫
多国
出回
白石
区切
取付
金石
数社
句切
着付
気張
同然
時化
日産
食切
相変
火取
大部
気取
買付
正副
大法
聞付
切付
学部
照付
石仏
見守
申出
追付
取調
道化
乗付
守立
取立
横切
願出
居直
手折
勝得
投付
引合
間引
牛耳
見積
仕向
仕付
時雨
書取
消失
積分
打切
貸切
知事
読破
年取
名付
保合
逆立
結付
仕上
取持
焼付
立入
引去
引張
角張
近寄
血走
見限
見破
言寄
言切
言張
口走
差上
才走
散残
持寄
持切
借切
取去
書送
勝取
焼切
乗移
乗切
食入
申送
切取
絶入
先走
相寄
相成
打取
張切
読取
反返
飛回
飛乗
付入
武張
聞取
立回
立寄
立去
立直
立返
選分
追立
起直
思当
思余
思知
思止
織交
買漁
買受
買求
消入
消残
消果
気構
聞入
組付
強張
差当
差立
仕損
巣立
住慣
急立
責立
責付
絶果
立代
立上
度重
手向
力付
積重
連帰
連去
出過
出外
問質
説付
解合
飛付
取運
取結
流落
苦走
苦切
入切
走去
走回
話合
張合
引立
引取
開直
圧折
経回
歴回
待構
待受
待設
学取
見受
見極
見比
見初
耳慣
向直
申受
申聞
申付
申述
燃移
持帰
持去
持運
持回
焼落
行当
用立
世慣
読漁
読切
喜合
見当
見分
消去
切開
打破
飛散
火照
居残
形作
高鳴
息張
助合
飛立
取合
取入
身構
年月
皮肉
付合
有余
旅立
持歩
知合
野次
絵取
向合
田畑
近付
引続
受取
飛出
寄切
黒色
差出
間切
真似
取組
乗取
走出
見慣
先立
毎年
見返
島根
議運
見入
打見
心得
名乗
思切
申立
立合
見回
先細
県外
和国
見取
流出
馬鹿
物語
両目
小切
守育
東南
副長
見立
正義
富民
事足
断切
底知
東北
人体
役立
米紙
引提
引分
左前
団員
仕立
引付
旅客
軍用
積立
点差
見張
手伝
野手
役所
寄付
見知
流行
外見
年寄
料率
買取
追求
両県
立会
目覚
快感
銅製
陸上
生物
取次
性分
市中
死地
部屋
人達
新風
人目
月末
部内
出張
書留
高木
大政
婦人
人名
黄金
本当
人形
何人
全社
見送
場内
大卒
以南
各県
以北
新政
日夕
河原
出始
程度
兄弟
夢見
住居
組織
共産
回戦
街中
文書
出場
指示
宮城
同時
金主
自社
中日
人事
本田
青山
言語
出向
自身
右下
夫人
国人
切手
右上
少女
大手
夫婦
前日
通過
写真
工場
勝目
転落
大人
対米
利益
文字
男女
各賞
院本
人気
次第
時間
高教
第一
女子
日間
気味
会社
問題
地内
最高
市協
梅雨
年度
放題
不可
対日
調子
以遠
月夜
束子
飛白
形見
思案
黒子
日和
回線
刷毛
仮名
草紙
酒屋
以西
羽根
草子
包丁
太刀
年間
日中
年代
年生
中国
仕合
世話
勝手
度目
人組
周年
産米
同県
次元
週間
時計
年余
番目
分間
回分
区間
丁目
代目
回生
番線
親等
時限
番手
個国
秒間
号機
等席
海里
個条
個年
号証
号線
進数
人月
馬身
番地
分木
個口
等地
光年
気圧
号館
合戦
個月
等分
布団
年版
期生
分目
市内
時半
景気
付近
号室
同士